13:15:27.418 (0x53a0) [info ]
13:15:27.423 (0x53a0) [info ] ----- App init ------
13:15:27.423 (0x53a0) [info ] SerialPortDemo V1.0.0.0, compiled at Wed Apr 12 09:22:44 2023
13:15:27.423 (0x53a0) [info ] Exe file: E:/BaiduSyncdisk/SACAR/SerialPortForHeard/SerialPortForHeard/SerialPortForHeard/SerialPortForHeard-Debug/SerialPortDemo/debug/SerialPortDemo.exe
13:15:27.424 (0x53a0) [info ] App path: E:/BaiduSyncdisk/SACAR/SerialPortForHeard/SerialPortForHeard/SerialPortForHeard/SerialPortForHeard-Debug/SerialPortDemo
13:15:27.424 (0x53a0) [info ] Check chinese support: 012汉字abc
13:15:27.424 (0x53a0) [info ] ----- msAppInit: 11717443.888400, 00:19:31.10546443
13:15:28.803 (0x53a0) [warn ] qrc:/qml/BottomMain.qml:12:5: QML Rectangle: Detected anchors on an item that is managed by a layout. This is undefined behavior; use Layout.alignment instead.
13:15:28.966 (0x53a0) [warn ] file:///D:/Qt/Qt5.14.2/5.14.2/msvc2017_64/qml/QtQuick/Dialogs/DefaultFileDialog.qml:102:33: QML Settings: Failed to initialize QSettings instance. Status code is: 1
13:15:28.967 (0x53a0) [warn ] file:///D:/Qt/Qt5.14.2/5.14.2/msvc2017_64/qml/QtQuick/Dialogs/DefaultFileDialog.qml:102:33: QML Settings: The following application identifiers have not been set: QVector("organizationName", "organizationDomain")
13:15:29.273 (0x53a0) [warn ] qrc:/qml/basic/ComboBox.qml:9: ReferenceError: combobox_implicit_width is not defined
13:15:29.306 (0x53a0) [debug] qml: [trace]activetrue
13:15:31.185 (0x53a0) [debug] qml: [trace]activefalse
13:15:35.245 (0x53a0) [debug] qml: [trace]activetrue
13:15:36.571 (0x53a0) [trace] qml:
13:15:36.599 (0x53a0) [info ] ----- msAppExit: 11726624.494100, 00:19:32.10554624
13:15:36.599 (0x53a0) [info ] app running: 9180.605700, 00:00:00.9180
13:15:36.600 (0x53a0) [info ] app return: 0
13:15:36.600 (0x53a0) [info ] ----- App exit ------
13:17:52.752 (0x0eec) [info ]
13:17:52.754 (0x0eec) [info ] ----- App init ------
13:17:52.754 (0x0eec) [info ] SerialPortDemo V1.0.0.0, compiled at Wed Apr 12 09:22:44 2023
13:17:52.755 (0x0eec) [info ] Exe file: E:/BaiduSyncdisk/SACAR/SerialPortForHeard/SerialPortForHeard/SerialPortForHeard/SerialPortForHeard-Debug/SerialPortDemo/debug/SerialPortDemo.exe
13:17:52.755 (0x0eec) [info ] App path: E:/BaiduSyncdisk/SACAR/SerialPortForHeard/SerialPortForHeard/SerialPortForHeard/SerialPortForHeard-Debug/SerialPortDemo
13:17:52.755 (0x0eec) [info ] Check chinese support: 012汉字abc
13:17:52.756 (0x0eec) [info ] ----- msAppInit: 11862777.900600, 00:19:45.10677777
13:17:54.002 (0x0eec) [warn ] qrc:/qml/BottomMain.qml:12:5: QML Rectangle: Detected anchors on an item that is managed by a layout. This is undefined behavior; use Layout.alignment instead.
13:17:54.116 (0x0eec) [warn ] file:///D:/Qt/Qt5.14.2/5.14.2/msvc2017_64/qml/QtQuick/Dialogs/DefaultFileDialog.qml:102:33: QML Settings: Failed to initialize QSettings instance. Status code is: 1
13:17:54.117 (0x0eec) [warn ] file:///D:/Qt/Qt5.14.2/5.14.2/msvc2017_64/qml/QtQuick/Dialogs/DefaultFileDialog.qml:102:33: QML Settings: The following application identifiers have not been set: QVector("organizationName", "organizationDomain")
13:17:54.403 (0x0eec) [warn ] qrc:/qml/basic/ComboBox.qml:9: ReferenceError: combobox_implicit_width is not defined
13:17:54.434 (0x0eec) [debug] qml: [trace]activetrue
13:17:58.407 (0x0eec) [debug] false
13:17:58.407 (0x0eec) [debug]  openPort is working 
13:17:58.410 (0x0eec) [debug] "COM11" 115200 QSerialPort::Data8 QSerialPort::NoParity QSerialPort::OneStop
13:17:59.007 (0x0eec) [debug] sacnIsStart:  false
13:17:59.010 (0x0eec) [debug] sacnIsStart:  false
13:18:01.394 (0x0eec) [debug] sacnIsStart:  false
13:18:01.397 (0x0eec) [debug] sacnIsStart:  false
13:18:01.547 (0x0eec) [debug] sacnIsStart:  false
13:18:01.549 (0x0eec) [debug] sacnIsStart:  false
13:18:01.944 (0x0eec) [debug] sacnIsStart:  false
13:18:01.947 (0x0eec) [debug] sacnIsStart:  false
13:18:02.439 (0x0eec) [debug] sacnIsStart:  false
13:18:02.441 (0x0eec) [debug] sacnIsStart:  false
13:18:02.610 (0x0eec) [debug] sacnIsStart:  false
13:18:02.612 (0x0eec) [debug] sacnIsStart:  false
13:18:03.214 (0x0eec) [debug] sacnIsStart:  false
13:18:03.217 (0x0eec) [debug] sacnIsStart:  false
13:18:03.823 (0x0eec) [debug] sacnIsStart:  false
13:18:03.826 (0x0eec) [debug] sacnIsStart:  false
13:18:05.363 (0x0eec) [debug] sacnIsStart:  false
13:18:05.365 (0x0eec) [debug] sacnIsStart:  false
13:18:05.911 (0x0eec) [debug] sacnIsStart:  false
13:18:05.913 (0x0eec) [debug] sacnIsStart:  false
13:18:15.867 (0x0eec) [debug] sacnIsStart:  false
13:18:15.869 (0x0eec) [debug] sacnIsStart:  false
13:18:24.004 (0x0eec) [debug] sacnIsStart:  false
13:18:24.007 (0x0eec) [debug] sacnIsStart:  false
13:18:26.297 (0x0eec) [debug] sacnIsStart:  false
13:18:26.299 (0x0eec) [debug] sacnIsStart:  false
13:18:28.619 (0x0eec) [debug] sacnIsStart:  false
13:18:28.621 (0x0eec) [debug] sacnIsStart:  false
13:18:30.300 (0x0eec) [debug] sacnIsStart:  false
13:18:30.303 (0x0eec) [debug] sacnIsStart:  false
13:18:30.587 (0x0eec) [debug] sacnIsStart:  false
13:18:30.589 (0x0eec) [debug] sacnIsStart:  false
13:18:30.875 (0x0eec) [debug] sacnIsStart:  false
13:18:30.878 (0x0eec) [debug] sacnIsStart:  false
13:18:31.036 (0x0eec) [debug] sacnIsStart:  false
13:18:31.039 (0x0eec) [debug] sacnIsStart:  false
13:18:31.414 (0x0eec) [debug] sacnIsStart:  false
13:18:31.417 (0x0eec) [debug] sacnIsStart:  false
13:18:31.519 (0x0eec) [debug] sacnIsStart:  false
13:18:31.521 (0x0eec) [debug] sacnIsStart:  false
13:18:31.630 (0x0eec) [debug] sacnIsStart:  false
13:18:31.632 (0x0eec) [debug] sacnIsStart:  false
13:18:31.751 (0x0eec) [debug] sacnIsStart:  false
13:18:31.754 (0x0eec) [debug] sacnIsStart:  false
13:18:31.884 (0x0eec) [debug] sacnIsStart:  false
13:18:31.887 (0x0eec) [debug] sacnIsStart:  false
13:18:32.035 (0x0eec) [debug] sacnIsStart:  false
13:18:32.037 (0x0eec) [debug] sacnIsStart:  false
13:18:32.214 (0x0eec) [debug] sacnIsStart:  false
13:18:32.217 (0x0eec) [debug] sacnIsStart:  false
13:18:33.272 (0x0eec) [debug] sacnIsStart:  false
13:18:33.275 (0x0eec) [debug] sacnIsStart:  false
13:18:37.591 (0x0eec) [debug] sacnIsStart:  false
13:18:37.593 (0x0eec) [debug] sacnIsStart:  false
13:18:39.624 (0x0eec) [debug] sacnIsStart:  false
13:18:39.626 (0x0eec) [debug] sacnIsStart:  false
13:18:41.213 (0x0eec) [debug] sacnIsStart:  false
13:18:41.215 (0x0eec) [debug] sacnIsStart:  false
13:18:41.754 (0x0eec) [debug] sacnIsStart:  false
13:18:41.756 (0x0eec) [debug] sacnIsStart:  false
13:18:42.073 (0x0eec) [debug] sacnIsStart:  false
13:18:42.076 (0x0eec) [debug] sacnIsStart:  false
13:18:42.191 (0x0eec) [debug] sacnIsStart:  false
13:18:42.193 (0x0eec) [debug] sacnIsStart:  false
13:18:42.426 (0x0eec) [debug] sacnIsStart:  false
13:18:42.428 (0x0eec) [debug] sacnIsStart:  false
13:18:42.537 (0x0eec) [debug] sacnIsStart:  false
13:18:42.539 (0x0eec) [debug] sacnIsStart:  false
13:18:42.599 (0x0eec) [debug] sacnIsStart:  false
13:18:42.602 (0x0eec) [debug] sacnIsStart:  false
13:18:42.665 (0x0eec) [debug] sacnIsStart:  false
13:18:42.667 (0x0eec) [debug] sacnIsStart:  false
13:18:42.732 (0x0eec) [debug] sacnIsStart:  false
13:18:42.734 (0x0eec) [debug] sacnIsStart:  false
13:18:42.800 (0x0eec) [debug] sacnIsStart:  false
13:18:42.802 (0x0eec) [debug] sacnIsStart:  false
13:18:42.872 (0x0eec) [debug] sacnIsStart:  false
13:18:42.874 (0x0eec) [debug] sacnIsStart:  false
13:18:42.944 (0x0eec) [debug] sacnIsStart:  false
13:18:42.947 (0x0eec) [debug] sacnIsStart:  false
13:18:43.020 (0x0eec) [debug] sacnIsStart:  false
13:18:43.023 (0x0eec) [debug] sacnIsStart:  false
13:18:43.101 (0x0eec) [debug] sacnIsStart:  false
13:18:43.103 (0x0eec) [debug] sacnIsStart:  false
13:18:43.148 (0x0eec) [debug] sacnIsStart:  false
13:18:43.150 (0x0eec) [debug] sacnIsStart:  false
13:18:43.196 (0x0eec) [debug] sacnIsStart:  false
13:18:43.199 (0x0eec) [debug] sacnIsStart:  false
13:18:43.245 (0x0eec) [debug] sacnIsStart:  false
13:18:43.248 (0x0eec) [debug] sacnIsStart:  false
13:18:43.294 (0x0eec) [debug] sacnIsStart:  false
13:18:43.296 (0x0eec) [debug] sacnIsStart:  false
13:18:43.344 (0x0eec) [debug] sacnIsStart:  false
13:18:43.346 (0x0eec) [debug] sacnIsStart:  false
13:18:43.394 (0x0eec) [debug] sacnIsStart:  false
13:18:43.396 (0x0eec) [debug] sacnIsStart:  false
13:18:43.445 (0x0eec) [debug] sacnIsStart:  false
13:18:43.448 (0x0eec) [debug] sacnIsStart:  false
13:18:43.497 (0x0eec) [debug] sacnIsStart:  false
13:18:43.500 (0x0eec) [debug] sacnIsStart:  false
13:18:43.550 (0x0eec) [debug] sacnIsStart:  false
13:18:43.553 (0x0eec) [debug] sacnIsStart:  false
13:18:43.604 (0x0eec) [debug] sacnIsStart:  false
13:18:43.606 (0x0eec) [debug] sacnIsStart:  false
13:18:43.658 (0x0eec) [debug] sacnIsStart:  false
13:18:43.660 (0x0eec) [debug] sacnIsStart:  false
13:18:43.713 (0x0eec) [debug] sacnIsStart:  false
13:18:43.716 (0x0eec) [debug] sacnIsStart:  false
13:18:43.768 (0x0eec) [debug] sacnIsStart:  false
13:18:43.771 (0x0eec) [debug] sacnIsStart:  false
13:18:43.826 (0x0eec) [debug] sacnIsStart:  false
13:18:43.828 (0x0eec) [debug] sacnIsStart:  false
13:18:43.883 (0x0eec) [debug] sacnIsStart:  false
13:18:43.885 (0x0eec) [debug] sacnIsStart:  false
13:18:43.943 (0x0eec) [debug] sacnIsStart:  false
13:18:43.945 (0x0eec) [debug] sacnIsStart:  false
13:18:44.002 (0x0eec) [debug] sacnIsStart:  false
13:18:44.004 (0x0eec) [debug] sacnIsStart:  false
13:18:44.063 (0x0eec) [debug] sacnIsStart:  false
13:18:44.065 (0x0eec) [debug] sacnIsStart:  false
13:18:44.126 (0x0eec) [debug] sacnIsStart:  false
13:18:44.128 (0x0eec) [debug] sacnIsStart:  false
13:18:44.190 (0x0eec) [debug] sacnIsStart:  false
13:18:44.192 (0x0eec) [debug] sacnIsStart:  false
13:18:44.256 (0x0eec) [debug] sacnIsStart:  false
13:18:44.267 (0x0eec) [debug] sacnIsStart:  false
13:18:44.323 (0x0eec) [debug] sacnIsStart:  false
13:18:44.326 (0x0eec) [debug] sacnIsStart:  false
13:18:44.394 (0x0eec) [debug] sacnIsStart:  false
13:18:44.397 (0x0eec) [debug] sacnIsStart:  false
13:18:44.466 (0x0eec) [debug] sacnIsStart:  false
13:18:44.469 (0x0eec) [debug] sacnIsStart:  false
13:18:44.541 (0x0eec) [debug] sacnIsStart:  false
13:18:44.543 (0x0eec) [debug] sacnIsStart:  false
13:18:44.618 (0x0eec) [debug] sacnIsStart:  false
13:18:44.621 (0x0eec) [debug] sacnIsStart:  false
13:18:44.700 (0x0eec) [debug] sacnIsStart:  false
13:18:44.703 (0x0eec) [debug] sacnIsStart:  false
13:18:44.787 (0x0eec) [debug] sacnIsStart:  false
13:18:44.789 (0x0eec) [debug] sacnIsStart:  false
13:18:44.880 (0x0eec) [debug] sacnIsStart:  false
13:18:44.883 (0x0eec) [debug] sacnIsStart:  false
13:18:44.985 (0x0eec) [debug] sacnIsStart:  false
13:18:44.988 (0x0eec) [debug] sacnIsStart:  false
13:18:45.109 (0x0eec) [debug] sacnIsStart:  false
13:18:45.111 (0x0eec) [debug] sacnIsStart:  false
13:18:45.287 (0x0eec) [debug] sacnIsStart:  false
13:18:45.290 (0x0eec) [debug] sacnIsStart:  false
13:18:45.775 (0x0eec) [debug] sacnIsStart:  false
13:18:45.777 (0x0eec) [debug] sacnIsStart:  false
13:18:45.996 (0x0eec) [debug] sacnIsStart:  false
13:18:45.998 (0x0eec) [debug] sacnIsStart:  false
13:18:47.423 (0x0eec) [trace] qml:
13:18:47.467 (0x0eec) [info ] ----- msAppExit: 11917493.026400, 00:19:51.10726493
13:18:47.468 (0x0eec) [info ] app running: 54715.125800, 00:00:05.49715
13:18:47.469 (0x0eec) [info ] app return: 0
13:18:47.469 (0x0eec) [info ] ----- App exit ------
