11:38:25.702 (0x202c) [info ]
11:38:25.706 (0x202c) [info ] ----- App init ------
11:38:25.707 (0x202c) [info ] SerialPortDemo V1.0.0.0, compiled at Wed Apr 12 09:22:44 2023
11:38:25.707 (0x202c) [info ] Exe file: E:/BaiduSyncdisk/SACAR/SerialPortForHeard/SerialPortForHeard/SerialPortForHeard/SerialPortForHeard-Debug/SerialPortDemo/debug/SerialPortDemo.exe
11:38:25.707 (0x202c) [info ] App path: E:/BaiduSyncdisk/SACAR/SerialPortForHeard/SerialPortForHeard/SerialPortForHeard/SerialPortForHeard-Debug/SerialPortDemo
11:38:25.707 (0x202c) [info ] Check chinese support: 012汉字abc
11:38:25.708 (0x202c) [info ] ----- msAppInit: 8972571.991000, 00:14:56.8076571
11:38:25.709 (0x202c) [info ] [trace] --- FuncEntry
11:38:25.709 (0x202c) [info ] [trace]012汉字abc 
11:38:25.709 (0x202c) [info ] qInfo
11:38:25.710 (0x202c) [info ] qDebug
11:38:25.710 (0x202c) [info ] qWanging
11:38:25.710 (0x202c) [info ] QCritical
11:38:25.710 (0x202c) [info ] call getMs() 1000 times, 0.029000 ms
11:38:25.715 (0x202c) [info ] 1-1
11:38:25.715 (0x202c) [info ] 1-2
11:38:25.715 (0x202c) [info ] 2-1,汉字
11:38:25.715 (0x202c) [info ] 2-2,汉字
11:38:25.716 (0x202c) [info ] 1
11:38:25.716 (0x202c) [info ] 12345678901234
11:38:25.716 (0x202c) [info ] 12345679020032.0000000000000000
11:38:25.717 (0x202c) [info ] 12345678901234567168.00000000000000000000000000000000
11:38:25.723 (0x202c) [debug] SlBase::add( 3 + 4 ) = 7
11:38:25.724 (0x202c) [debug] SlBase::getTime() = 2023-04-21 11:38:25.724
11:38:25.724 (0x202c) [info ] [trace] --- FuncExit, 15.8404 ms
11:38:30.470 (0x202c) [warn ] Both point size and pixel size set. Using pixel size.
11:38:30.871 (0x202c) [warn ] qrc:/qml/BottomMain.qml:12:5: QML Rectangle: Detected anchors on an item that is managed by a layout. This is undefined behavior; use Layout.alignment instead.
11:38:32.397 (0x202c) [warn ] file:///D:/Qt/Qt5.14.2/5.14.2/msvc2017_64/qml/QtQuick/Dialogs/DefaultFileDialog.qml:102:33: QML Settings: Failed to initialize QSettings instance. Status code is: 1
11:38:32.398 (0x202c) [warn ] file:///D:/Qt/Qt5.14.2/5.14.2/msvc2017_64/qml/QtQuick/Dialogs/DefaultFileDialog.qml:102:33: QML Settings: The following application identifiers have not been set: QVector("organizationName", "organizationDomain")
11:38:32.501 (0x202c) [debug] Name :  "COM5"
11:38:32.502 (0x202c) [debug] Name :  "COM4"
11:38:32.502 (0x202c) [debug] Name :  "COM1"
11:38:32.503 (0x202c) [debug] Name :  "COM2"
11:38:32.503 (0x202c) [debug] Name :  "COM3"
11:38:32.504 (0x202c) [debug] Name :  "COM6"
11:38:32.544 (0x202c) [warn ] qrc:/qml/basic/ComboBox.qml:9: ReferenceError: combobox_implicit_width is not defined
11:38:32.574 (0x202c) [debug] qml: [trace]activetrue
11:38:47.767 (0x202c) [debug] false
11:38:47.767 (0x202c) [debug]  openPort is working 
11:38:47.771 (0x202c) [debug] "COM1" 115200 QSerialPort::Data8 QSerialPort::NoParity QSerialPort::OneStop
11:38:49.755 (0x202c) [debug] true
11:38:49.755 (0x202c) [debug]  openPort is working 
11:38:49.839 (0x202c) [debug] qml: get result:false
11:38:53.229 (0x202c) [debug] qml: [trace]activefalse
11:40:18.229 (0x202c) [debug] qml: [trace]activetrue
11:40:21.040 (0x202c) [debug] false
11:40:21.041 (0x202c) [debug]  openPort is working 
11:40:21.041 (0x202c) [debug] "COM1" 115200 QSerialPort::Data8 QSerialPort::NoParity QSerialPort::OneStop
11:40:22.863 (0x202c) [debug] onWidgetMouseWheel is running 

11:40:22.958 (0x202c) [debug] onWidgetMouseWheel is running 

11:40:23.182 (0x202c) [debug] onWidgetMouseWheel is running 

11:40:23.254 (0x202c) [debug] onWidgetMouseWheel is running 

11:40:23.570 (0x202c) [debug] onWidgetMouseWheel is running 

11:40:24.127 (0x202c) [debug] onWidgetMouseWheel is running 

11:40:24.207 (0x202c) [debug] onWidgetMouseWheel is running 

11:40:24.290 (0x202c) [debug] onWidgetMouseWheel is running 

11:40:25.102 (0x202c) [debug] onWidgetMouseWheel is running 

11:40:25.162 (0x202c) [debug] onWidgetMouseWheel is running 

11:40:25.583 (0x202c) [debug] void __cdecl SlQmlCustomPlot::mousePressEvent(class QMouseEvent *)
11:40:25.590 (0x202c) [debug] void __cdecl SlQmlCustomPlot::mouseMoveEvent(class QMouseEvent *)
11:40:25.606 (0x202c) [debug] void __cdecl SlQmlCustomPlot::mouseMoveEvent(class QMouseEvent *)
11:40:25.619 (0x202c) [debug] void __cdecl SlQmlCustomPlot::mouseMoveEvent(class QMouseEvent *)
11:40:25.623 (0x202c) [debug] void __cdecl SlQmlCustomPlot::mouseMoveEvent(class QMouseEvent *)
11:40:25.633 (0x202c) [debug] void __cdecl SlQmlCustomPlot::mouseMoveEvent(class QMouseEvent *)
11:40:25.638 (0x202c) [debug] void __cdecl SlQmlCustomPlot::mouseMoveEvent(class QMouseEvent *)
11:40:25.648 (0x202c) [debug] void __cdecl SlQmlCustomPlot::mouseMoveEvent(class QMouseEvent *)
11:40:25.654 (0x202c) [debug] void __cdecl SlQmlCustomPlot::mouseMoveEvent(class QMouseEvent *)
11:40:25.664 (0x202c) [debug] void __cdecl SlQmlCustomPlot::mouseMoveEvent(class QMouseEvent *)
11:40:25.670 (0x202c) [debug] void __cdecl SlQmlCustomPlot::mouseMoveEvent(class QMouseEvent *)
11:40:25.681 (0x202c) [debug] void __cdecl SlQmlCustomPlot::mouseMoveEvent(class QMouseEvent *)
11:40:25.686 (0x202c) [debug] void __cdecl SlQmlCustomPlot::mouseMoveEvent(class QMouseEvent *)
11:40:25.696 (0x202c) [debug] void __cdecl SlQmlCustomPlot::mouseMoveEvent(class QMouseEvent *)
11:40:25.702 (0x202c) [debug] void __cdecl SlQmlCustomPlot::mouseMoveEvent(class QMouseEvent *)
11:40:25.712 (0x202c) [debug] void __cdecl SlQmlCustomPlot::mouseMoveEvent(class QMouseEvent *)
11:40:25.718 (0x202c) [debug] void __cdecl SlQmlCustomPlot::mouseMoveEvent(class QMouseEvent *)
11:40:25.729 (0x202c) [debug] void __cdecl SlQmlCustomPlot::mouseMoveEvent(class QMouseEvent *)
11:40:25.734 (0x202c) [debug] void __cdecl SlQmlCustomPlot::mouseMoveEvent(class QMouseEvent *)
11:40:25.746 (0x202c) [debug] void __cdecl SlQmlCustomPlot::mouseMoveEvent(class QMouseEvent *)
11:40:25.750 (0x202c) [debug] void __cdecl SlQmlCustomPlot::mouseMoveEvent(class QMouseEvent *)
11:40:25.763 (0x202c) [debug] void __cdecl SlQmlCustomPlot::mouseMoveEvent(class QMouseEvent *)
11:40:25.766 (0x202c) [debug] void __cdecl SlQmlCustomPlot::mouseMoveEvent(class QMouseEvent *)
11:40:25.779 (0x202c) [debug] void __cdecl SlQmlCustomPlot::mouseMoveEvent(class QMouseEvent *)
11:40:25.785 (0x202c) [debug] void __cdecl SlQmlCustomPlot::mouseMoveEvent(class QMouseEvent *)
11:40:25.796 (0x202c) [debug] void __cdecl SlQmlCustomPlot::mouseMoveEvent(class QMouseEvent *)
11:40:25.802 (0x202c) [debug] void __cdecl SlQmlCustomPlot::mouseMoveEvent(class QMouseEvent *)
11:40:25.813 (0x202c) [debug] void __cdecl SlQmlCustomPlot::mouseMoveEvent(class QMouseEvent *)
11:40:25.818 (0x202c) [debug] void __cdecl SlQmlCustomPlot::mouseMoveEvent(class QMouseEvent *)
11:40:25.830 (0x202c) [debug] void __cdecl SlQmlCustomPlot::mouseMoveEvent(class QMouseEvent *)
11:40:25.834 (0x202c) [debug] void __cdecl SlQmlCustomPlot::mouseMoveEvent(class QMouseEvent *)
11:40:25.847 (0x202c) [debug] void __cdecl SlQmlCustomPlot::mouseMoveEvent(class QMouseEvent *)
11:40:25.854 (0x202c) [debug] void __cdecl SlQmlCustomPlot::mouseMoveEvent(class QMouseEvent *)
11:40:25.866 (0x202c) [debug] void __cdecl SlQmlCustomPlot::mouseMoveEvent(class QMouseEvent *)
11:40:25.866 (0x202c) [debug] void __cdecl SlQmlCustomPlot::mouseReleaseEvent(class QMouseEvent *)
11:40:26.686 (0x202c) [debug] true
11:40:26.687 (0x202c) [debug]  openPort is working 
11:40:26.772 (0x202c) [debug] qml: get result:false
11:40:27.409 (0x202c) [trace] qml:
11:40:27.445 (0x202c) [info ] ----- msAppExit: 9094316.345100, 00:15:09.8185316
11:40:27.446 (0x202c) [info ] app running: 121744.354100, 00:00:12.109744
11:40:27.446 (0x202c) [info ] app return: 0
11:40:27.447 (0x202c) [info ] ----- App exit ------
