14:15:08.984 (0x5c50) [info ]
14:15:08.985 (0x5c50) [info ] ----- App init ------
14:15:08.986 (0x5c50) [info ] SerialPortDemo V1.0.0.0, compiled at Wed Apr 12 09:22:44 2023
14:15:08.986 (0x5c50) [info ] Exe file: E:/BaiduSyncdisk/SACAR/SerialPortForHeard/SerialPortForHeard/SerialPortForHeard/SerialPortForHeard-Debug/SerialPortDemo/debug/SerialPortDemo.exe
14:15:08.986 (0x5c50) [info ] App path: E:/BaiduSyncdisk/SACAR/SerialPortForHeard/SerialPortForHeard/SerialPortForHeard/SerialPortForHeard-Debug/SerialPortDemo
14:15:08.987 (0x5c50) [info ] Check chinese support: 012汉字abc
14:15:08.987 (0x5c50) [info ] ----- msAppInit: 18597982.758800, 00:30:59.16738982
14:15:08.987 (0x5c50) [info ] [trace] --- FuncEntry
14:15:08.988 (0x5c50) [info ] [trace]012汉字abc 
14:15:08.988 (0x5c50) [info ] qInfo
14:15:08.988 (0x5c50) [info ] qDebug
14:15:08.989 (0x5c50) [info ] qWanging
14:15:08.989 (0x5c50) [info ] QCritical
14:15:08.989 (0x5c50) [info ] call getMs() 1000 times, 0.031300 ms
14:15:08.993 (0x5c50) [info ] 1-1
14:15:08.994 (0x5c50) [info ] 1-2
14:15:08.994 (0x5c50) [info ] 2-1,汉字
14:15:08.994 (0x5c50) [info ] 2-2,汉字
14:15:08.994 (0x5c50) [info ] 1
14:15:08.995 (0x5c50) [info ] 12345678901234
14:15:08.995 (0x5c50) [info ] 12345679020032.0000000000000000
14:15:08.995 (0x5c50) [info ] 12345678901234567168.00000000000000000000000000000000
14:15:08.999 (0x5c50) [debug] SlBase::add( 3 + 4 ) = 7
14:15:09.000 (0x5c50) [debug] SlBase::getTime() = 2023-04-28 14:15:09.000
14:15:09.000 (0x5c50) [info ] [trace] --- FuncExit, 12.8213 ms
14:15:10.306 (0x5c50) [warn ] qrc:/qml/BottomMain.qml:12:5: QML Rectangle: Detected anchors on an item that is managed by a layout. This is undefined behavior; use Layout.alignment instead.
14:15:10.450 (0x5c50) [warn ] file:///D:/Qt/Qt5.14.2/5.14.2/msvc2017_64/qml/QtQuick/Dialogs/DefaultFileDialog.qml:102:33: QML Settings: Failed to initialize QSettings instance. Status code is: 1
14:15:10.451 (0x5c50) [warn ] file:///D:/Qt/Qt5.14.2/5.14.2/msvc2017_64/qml/QtQuick/Dialogs/DefaultFileDialog.qml:102:33: QML Settings: The following application identifiers have not been set: QVector("organizationName", "organizationDomain")
14:15:10.643 (0x5c50) [debug] Name :  "COM5"
14:15:10.643 (0x5c50) [debug] Name :  "COM11"
14:15:10.644 (0x5c50) [debug] Name :  "COM4"
14:15:10.644 (0x5c50) [debug] Name :  "COM1"
14:15:10.645 (0x5c50) [debug] Name :  "COM2"
14:15:10.645 (0x5c50) [debug] Name :  "COM3"
14:15:10.645 (0x5c50) [debug] Name :  "COM6"
14:15:10.688 (0x5c50) [warn ] qrc:/qml/basic/ComboBox.qml:9: ReferenceError: combobox_implicit_width is not defined
14:15:10.723 (0x5c50) [debug] qml: [trace]activetrue
14:15:14.248 (0x5c50) [debug] false
14:15:14.249 (0x5c50) [debug]  openPort is working 
14:15:14.262 (0x5c50) [debug] "COM11" 115200 QSerialPort::Data8 QSerialPort::NoParity QSerialPort::OneStop
14:15:16.558 (0x5c50) [info ] cols: 2
14:15:16.561 (0x5c50) [info ] cols: 3
14:15:20.271 (0x5c50) [info ] cols: 4
14:15:20.454 (0x5c50) [info ] cols: 5
14:15:20.614 (0x5c50) [info ] cols: 6
14:15:20.720 (0x5c50) [info ] cols: 7
14:15:20.833 (0x5c50) [info ] cols: 8
14:15:20.943 (0x5c50) [info ] cols: 9
14:15:21.010 (0x5c50) [info ] cols: 10
14:15:21.081 (0x5c50) [info ] cols: 11
14:15:21.151 (0x5c50) [info ] cols: 12
14:15:21.256 (0x5c50) [info ] cols: 13
14:15:21.329 (0x5c50) [info ] cols: 14
14:15:21.405 (0x5c50) [info ] cols: 15
14:15:21.483 (0x5c50) [info ] cols: 16
14:15:21.575 (0x5c50) [info ] cols: 17
14:15:21.630 (0x5c50) [info ] cols: 18
14:15:21.683 (0x5c50) [info ] cols: 19
14:15:21.738 (0x5c50) [info ] cols: 20
14:15:21.795 (0x5c50) [info ] cols: 21
14:15:21.852 (0x5c50) [info ] cols: 22
14:15:21.910 (0x5c50) [info ] cols: 23
14:15:21.969 (0x5c50) [info ] cols: 24
14:15:22.033 (0x5c50) [info ] cols: 25
14:15:22.091 (0x5c50) [info ] cols: 26
14:15:22.153 (0x5c50) [info ] cols: 27
14:15:22.217 (0x5c50) [info ] cols: 28
14:15:22.284 (0x5c50) [info ] cols: 29
14:15:22.348 (0x5c50) [info ] cols: 30
14:15:22.416 (0x5c50) [info ] cols: 31
14:15:22.486 (0x5c50) [info ] cols: 32
14:15:22.558 (0x5c50) [info ] cols: 33
14:15:22.632 (0x5c50) [info ] cols: 34
14:15:22.711 (0x5c50) [info ] cols: 35
14:15:22.868 (0x5c50) [info ] cols: 36
14:15:22.944 (0x5c50) [info ] cols: 37
14:15:23.031 (0x5c50) [info ] cols: 38
14:15:23.119 (0x5c50) [info ] cols: 39
14:15:23.243 (0x5c50) [info ] cols: 40
14:15:23.347 (0x5c50) [info ] cols: 41
14:15:23.471 (0x5c50) [info ] cols: 42
14:15:23.886 (0x5c50) [info ] cols: 43
14:15:23.938 (0x5c50) [info ] cols: 44
14:15:23.992 (0x5c50) [info ] cols: 45
14:15:24.047 (0x5c50) [info ] cols: 46
14:15:24.102 (0x5c50) [info ] cols: 47
14:15:24.158 (0x5c50) [info ] cols: 48
14:15:24.243 (0x5c50) [info ] cols: 49
14:15:24.300 (0x5c50) [info ] cols: 50
14:15:24.358 (0x5c50) [info ] cols: 51
14:15:24.415 (0x5c50) [info ] cols: 52
14:15:24.483 (0x5c50) [info ] cols: 53
14:15:24.548 (0x5c50) [info ] cols: 54
14:15:24.623 (0x5c50) [info ] cols: 55
14:15:27.400 (0x5c50) [info ] cols: 56
14:15:27.461 (0x5c50) [info ] cols: 57
14:15:27.515 (0x5c50) [info ] cols: 58
14:15:27.569 (0x5c50) [info ] cols: 59
14:15:27.630 (0x5c50) [info ] cols: 60
14:15:27.681 (0x5c50) [info ] cols: 61
14:15:27.736 (0x5c50) [info ] cols: 62
14:15:27.829 (0x5c50) [info ] cols: 63
14:15:27.890 (0x5c50) [info ] cols: 64
14:15:27.949 (0x5c50) [info ] cols: 65
14:15:28.009 (0x5c50) [info ] cols: 66
14:15:28.073 (0x5c50) [info ] cols: 67
14:15:28.140 (0x5c50) [info ] cols: 68
14:15:28.197 (0x5c50) [info ] cols: 69
14:15:28.256 (0x5c50) [info ] cols: 70
14:15:28.315 (0x5c50) [info ] cols: 71
14:15:28.381 (0x5c50) [info ] cols: 72
14:15:28.471 (0x5c50) [info ] cols: 73
14:15:28.575 (0x5c50) [info ] cols: 74
14:15:28.713 (0x5c50) [info ] cols: 75
14:15:28.802 (0x5c50) [info ] cols: 76
14:15:28.897 (0x5c50) [info ] cols: 77
14:15:28.994 (0x5c50) [info ] cols: 78
14:15:29.367 (0x5c50) [info ] cols: 79
14:15:29.447 (0x5c50) [info ] cols: 80
14:15:29.526 (0x5c50) [info ] cols: 81
14:15:29.609 (0x5c50) [info ] cols: 82
14:15:29.700 (0x5c50) [info ] cols: 83
14:15:29.778 (0x5c50) [info ] cols: 84
14:15:29.852 (0x5c50) [info ] cols: 85
14:15:29.929 (0x5c50) [info ] cols: 86
14:15:30.007 (0x5c50) [info ] cols: 87
14:15:30.081 (0x5c50) [info ] cols: 88
14:15:30.131 (0x5c50) [info ] cols: 89
14:15:30.182 (0x5c50) [info ] cols: 90
14:15:30.234 (0x5c50) [info ] cols: 91
14:15:30.287 (0x5c50) [info ] cols: 92
14:15:30.378 (0x5c50) [info ] cols: 93
14:15:30.457 (0x5c50) [info ] cols: 94
14:15:30.538 (0x5c50) [info ] cols: 95
14:15:30.617 (0x5c50) [info ] cols: 96
14:15:30.683 (0x5c50) [info ] cols: 97
14:15:30.735 (0x5c50) [info ] cols: 98
14:15:30.796 (0x5c50) [info ] cols: 99
14:15:30.859 (0x5c50) [info ] cols: 100
14:15:30.921 (0x5c50) [info ] cols: 101
14:15:30.970 (0x5c50) [info ] cols: 102
14:15:31.019 (0x5c50) [info ] cols: 103
14:15:31.068 (0x5c50) [info ] cols: 104
14:15:31.118 (0x5c50) [info ] cols: 105
14:15:31.169 (0x5c50) [info ] cols: 106
14:15:31.231 (0x5c50) [info ] cols: 107
14:15:31.282 (0x5c50) [info ] cols: 108
14:15:31.330 (0x5c50) [info ] cols: 109
14:15:31.380 (0x5c50) [info ] cols: 110
14:15:31.435 (0x5c50) [info ] cols: 111
14:15:31.498 (0x5c50) [info ] cols: 112
14:15:31.539 (0x5c50) [info ] cols: 113
14:15:31.582 (0x5c50) [info ] cols: 114
14:15:31.631 (0x5c50) [info ] cols: 115
14:15:31.661 (0x5c50) [info ] cols: 116
14:15:31.702 (0x5c50) [info ] cols: 117
14:15:31.744 (0x5c50) [info ] cols: 118
14:15:31.786 (0x5c50) [info ] cols: 119
14:15:31.833 (0x5c50) [info ] cols: 120
14:15:31.882 (0x5c50) [info ] cols: 121
14:15:31.916 (0x5c50) [info ] cols: 122
14:15:31.966 (0x5c50) [info ] cols: 123
14:15:32.061 (0x5c50) [info ] cols: 124
14:15:32.124 (0x5c50) [info ] cols: 125
14:15:32.188 (0x5c50) [info ] cols: 126
14:15:32.256 (0x5c50) [info ] cols: 127
14:15:32.293 (0x5c50) [info ] cols: 128
14:15:32.331 (0x5c50) [info ] cols: 129
14:15:32.359 (0x5c50) [info ] cols: 130
14:15:32.392 (0x5c50) [info ] cols: 131
14:15:32.432 (0x5c50) [info ] cols: 132
14:15:32.460 (0x5c50) [info ] cols: 133
14:15:32.495 (0x5c50) [info ] cols: 134
14:15:32.546 (0x5c50) [info ] cols: 135
14:15:32.589 (0x5c50) [info ] cols: 136
14:15:32.633 (0x5c50) [info ] cols: 137
14:15:32.680 (0x5c50) [info ] cols: 138
14:15:32.732 (0x5c50) [info ] cols: 139
14:15:32.767 (0x5c50) [info ] cols: 140
14:15:32.801 (0x5c50) [info ] cols: 141
14:15:32.836 (0x5c50) [info ] cols: 142
14:15:32.882 (0x5c50) [info ] cols: 143
14:15:32.906 (0x5c50) [info ] cols: 144
14:15:32.949 (0x5c50) [info ] cols: 145
14:15:33.000 (0x5c50) [info ] cols: 146
14:15:33.038 (0x5c50) [info ] cols: 147
14:15:33.080 (0x5c50) [info ] cols: 148
14:15:33.116 (0x5c50) [info ] cols: 149
14:15:33.157 (0x5c50) [info ] cols: 150
14:15:33.224 (0x5c50) [info ] cols: 151
14:15:33.257 (0x5c50) [info ] cols: 152
14:15:33.292 (0x5c50) [info ] cols: 153
14:15:33.329 (0x5c50) [info ] cols: 154
14:15:33.362 (0x5c50) [info ] cols: 155
14:15:33.398 (0x5c50) [info ] cols: 156
14:15:33.458 (0x5c50) [info ] cols: 157
14:15:33.494 (0x5c50) [info ] cols: 158
14:15:33.532 (0x5c50) [info ] cols: 159
14:15:33.567 (0x5c50) [info ] cols: 160
14:15:33.604 (0x5c50) [info ] cols: 161
14:15:33.649 (0x5c50) [info ] cols: 162
14:15:33.687 (0x5c50) [info ] cols: 163
14:15:33.719 (0x5c50) [info ] cols: 164
14:15:33.753 (0x5c50) [info ] cols: 165
14:15:33.786 (0x5c50) [info ] cols: 166
14:15:33.831 (0x5c50) [info ] cols: 167
14:15:33.855 (0x5c50) [info ] cols: 168
14:15:33.917 (0x5c50) [info ] cols: 169
14:15:33.950 (0x5c50) [info ] cols: 170
14:15:33.984 (0x5c50) [info ] cols: 171
14:15:34.017 (0x5c50) [info ] cols: 172
14:15:34.051 (0x5c50) [info ] cols: 173
14:15:34.085 (0x5c50) [info ] cols: 174
14:15:34.137 (0x5c50) [info ] cols: 175
14:15:34.169 (0x5c50) [info ] cols: 176
14:15:34.204 (0x5c50) [info ] cols: 177
14:15:34.238 (0x5c50) [info ] cols: 178
14:15:34.281 (0x5c50) [info ] cols: 179
14:15:34.309 (0x5c50) [info ] cols: 180
14:15:34.348 (0x5c50) [info ] cols: 181
14:15:34.389 (0x5c50) [info ] cols: 182
14:15:34.431 (0x5c50) [info ] cols: 183
14:15:34.456 (0x5c50) [info ] cols: 184
14:15:34.490 (0x5c50) [info ] cols: 185
14:15:34.532 (0x5c50) [info ] cols: 186
14:15:34.557 (0x5c50) [info ] cols: 187
14:15:34.601 (0x5c50) [info ] cols: 188
14:15:34.636 (0x5c50) [info ] cols: 189
14:15:34.681 (0x5c50) [info ] cols: 190
14:15:34.705 (0x5c50) [info ] cols: 191
14:15:34.740 (0x5c50) [info ] cols: 192
14:15:34.779 (0x5c50) [info ] cols: 193
14:15:34.810 (0x5c50) [info ] cols: 194
14:15:34.858 (0x5c50) [info ] cols: 195
14:15:34.888 (0x5c50) [info ] cols: 196
14:15:34.917 (0x5c50) [info ] cols: 197
14:15:34.947 (0x5c50) [info ] cols: 198
14:15:34.980 (0x5c50) [info ] cols: 199
14:15:35.006 (0x5c50) [info ] cols: 200
14:15:35.036 (0x5c50) [info ] cols: 201
14:15:35.084 (0x5c50) [info ] cols: 202
14:15:35.114 (0x5c50) [info ] cols: 203
14:15:35.143 (0x5c50) [info ] cols: 204
14:15:35.181 (0x5c50) [info ] cols: 205
14:15:35.203 (0x5c50) [info ] cols: 206
14:15:35.233 (0x5c50) [info ] cols: 207
14:15:35.263 (0x5c50) [info ] cols: 208
14:15:35.302 (0x5c50) [info ] cols: 209
14:15:35.335 (0x5c50) [info ] cols: 210
14:15:35.367 (0x5c50) [info ] cols: 211
14:15:35.400 (0x5c50) [info ] cols: 212
14:15:35.432 (0x5c50) [info ] cols: 213
14:15:35.465 (0x5c50) [info ] cols: 214
14:15:35.499 (0x5c50) [info ] cols: 215
14:15:35.552 (0x5c50) [info ] cols: 216
14:15:35.583 (0x5c50) [info ] cols: 217
14:15:35.614 (0x5c50) [info ] cols: 218
14:15:35.646 (0x5c50) [info ] cols: 219
14:15:35.681 (0x5c50) [info ] cols: 220
14:15:35.708 (0x5c50) [info ] cols: 221
14:15:35.742 (0x5c50) [info ] cols: 222
14:15:35.791 (0x5c50) [info ] cols: 223
14:15:35.830 (0x5c50) [info ] cols: 224
14:15:35.850 (0x5c50) [info ] cols: 225
14:15:35.881 (0x5c50) [info ] cols: 226
14:15:35.908 (0x5c50) [info ] cols: 227
14:15:35.937 (0x5c50) [info ] cols: 228
14:15:35.967 (0x5c50) [info ] cols: 229
14:15:36.004 (0x5c50) [info ] cols: 230
14:15:36.045 (0x5c50) [info ] cols: 231
14:15:36.080 (0x5c50) [info ] cols: 232
14:15:36.116 (0x5c50) [info ] cols: 233
14:15:36.151 (0x5c50) [info ] cols: 234
14:15:36.187 (0x5c50) [info ] cols: 235
14:15:36.231 (0x5c50) [info ] cols: 236
14:15:36.286 (0x5c50) [info ] cols: 237
14:15:36.318 (0x5c50) [info ] cols: 238
14:15:36.351 (0x5c50) [info ] cols: 239
14:15:36.384 (0x5c50) [info ] cols: 240
14:15:36.417 (0x5c50) [info ] cols: 241
14:15:36.452 (0x5c50) [info ] cols: 242
14:15:36.499 (0x5c50) [info ] cols: 243
14:15:36.530 (0x5c50) [info ] cols: 244
14:15:36.556 (0x5c50) [info ] cols: 245
14:15:36.585 (0x5c50) [info ] cols: 246
14:15:36.614 (0x5c50) [info ] cols: 247
14:15:36.643 (0x5c50) [info ] cols: 248
14:15:36.681 (0x5c50) [info ] cols: 249
14:15:36.706 (0x5c50) [info ] cols: 250
14:15:36.748 (0x5c50) [info ] cols: 251
14:15:36.783 (0x5c50) [info ] cols: 252
14:15:36.812 (0x5c50) [info ] cols: 253
14:15:36.843 (0x5c50) [info ] cols: 254
14:15:36.881 (0x5c50) [info ] cols: 255
14:15:36.907 (0x5c50) [info ] cols: 256
14:15:36.964 (0x5c50) [info ] cols: 257
14:15:37.001 (0x5c50) [info ] cols: 258
14:15:37.039 (0x5c50) [info ] cols: 259
14:15:37.079 (0x5c50) [info ] cols: 260
14:15:37.115 (0x5c50) [info ] cols: 261
14:15:37.154 (0x5c50) [info ] cols: 262
14:15:37.211 (0x5c50) [info ] cols: 263
14:15:37.245 (0x5c50) [info ] cols: 264
14:15:37.281 (0x5c50) [info ] cols: 265
14:15:37.312 (0x5c50) [info ] cols: 266
14:15:37.347 (0x5c50) [info ] cols: 267
14:15:37.381 (0x5c50) [info ] cols: 268
14:15:37.421 (0x5c50) [info ] cols: 269
14:15:37.459 (0x5c50) [info ] cols: 270
14:15:37.488 (0x5c50) [info ] cols: 271
14:15:37.519 (0x5c50) [info ] cols: 272
14:15:37.549 (0x5c50) [info ] cols: 273
14:15:37.580 (0x5c50) [info ] cols: 274
14:15:37.608 (0x5c50) [info ] cols: 275
14:15:37.643 (0x5c50) [info ] cols: 276
14:15:37.693 (0x5c50) [info ] cols: 277
14:15:37.733 (0x5c50) [info ] cols: 278
14:15:37.751 (0x5c50) [info ] cols: 279
14:15:37.782 (0x5c50) [info ] cols: 280
14:15:37.809 (0x5c50) [info ] cols: 281
14:15:37.839 (0x5c50) [info ] cols: 282
14:15:37.869 (0x5c50) [info ] cols: 283
14:15:37.914 (0x5c50) [info ] cols: 284
14:15:37.944 (0x5c50) [info ] cols: 285
14:15:37.979 (0x5c50) [info ] cols: 286
14:15:38.003 (0x5c50) [info ] cols: 287
14:15:38.033 (0x5c50) [info ] cols: 288
14:15:38.063 (0x5c50) [info ] cols: 289
14:15:38.093 (0x5c50) [info ] cols: 290
14:15:38.132 (0x5c50) [info ] cols: 291
14:15:38.165 (0x5c50) [info ] cols: 292
14:15:38.194 (0x5c50) [info ] cols: 293
14:15:38.230 (0x5c50) [info ] cols: 294
14:15:38.253 (0x5c50) [info ] cols: 295
14:15:38.282 (0x5c50) [info ] cols: 296
14:15:38.311 (0x5c50) [info ] cols: 297
14:15:38.341 (0x5c50) [info ] cols: 298
14:15:38.383 (0x5c50) [info ] cols: 299
14:15:38.418 (0x5c50) [info ] cols: 300
14:15:38.449 (0x5c50) [info ] cols: 301
14:15:38.483 (0x5c50) [info ] cols: 302
14:15:38.508 (0x5c50) [info ] cols: 303
14:15:38.539 (0x5c50) [info ] cols: 304
14:15:38.580 (0x5c50) [info ] cols: 305
14:15:38.602 (0x5c50) [info ] cols: 306
14:15:38.650 (0x5c50) [info ] cols: 307
14:15:38.681 (0x5c50) [info ] cols: 308
14:15:38.710 (0x5c50) [info ] cols: 309
14:15:38.740 (0x5c50) [info ] cols: 310
14:15:38.770 (0x5c50) [info ] cols: 311
14:15:38.800 (0x5c50) [info ] cols: 312
14:15:38.831 (0x5c50) [info ] cols: 313
14:15:38.884 (0x5c50) [info ] cols: 314
14:15:38.914 (0x5c50) [info ] cols: 315
14:15:38.945 (0x5c50) [info ] cols: 316
14:15:38.980 (0x5c50) [info ] cols: 317
14:15:39.007 (0x5c50) [info ] cols: 318
14:15:39.038 (0x5c50) [info ] cols: 319
14:15:39.069 (0x5c50) [info ] cols: 320
14:15:39.130 (0x5c50) [info ] cols: 321
14:15:39.147 (0x5c50) [info ] cols: 322
14:15:39.181 (0x5c50) [info ] cols: 323
14:15:39.204 (0x5c50) [info ] cols: 324
14:15:39.233 (0x5c50) [info ] cols: 325
14:15:39.262 (0x5c50) [info ] cols: 326
14:15:39.291 (0x5c50) [info ] cols: 327
14:15:39.329 (0x5c50) [info ] cols: 328
14:15:39.367 (0x5c50) [info ] cols: 329
14:15:39.395 (0x5c50) [info ] cols: 330
14:15:39.430 (0x5c50) [info ] cols: 331
14:15:39.450 (0x5c50) [info ] cols: 332
14:15:39.486 (0x5c50) [info ] cols: 333
14:15:39.506 (0x5c50) [info ] cols: 334
14:15:39.534 (0x5c50) [info ] cols: 335
14:15:39.566 (0x5c50) [info ] cols: 336
14:15:39.613 (0x5c50) [info ] cols: 337
14:15:39.641 (0x5c50) [info ] cols: 338
14:15:39.668 (0x5c50) [info ] cols: 339
14:15:39.696 (0x5c50) [info ] cols: 340
14:15:39.731 (0x5c50) [info ] cols: 341
14:15:39.750 (0x5c50) [info ] cols: 342
14:15:39.781 (0x5c50) [info ] cols: 343
14:15:39.806 (0x5c50) [info ] cols: 344
14:15:39.844 (0x5c50) [info ] cols: 345
14:15:39.880 (0x5c50) [info ] cols: 346
14:15:39.905 (0x5c50) [info ] cols: 347
14:15:39.933 (0x5c50) [info ] cols: 348
14:15:39.960 (0x5c50) [info ] cols: 349
14:15:39.987 (0x5c50) [info ] cols: 350
14:15:40.016 (0x5c50) [info ] cols: 351
14:15:40.042 (0x5c50) [info ] cols: 352
14:15:40.080 (0x5c50) [info ] cols: 353
14:15:40.119 (0x5c50) [info ] cols: 354
14:15:40.149 (0x5c50) [info ] cols: 355
14:15:40.179 (0x5c50) [info ] cols: 356
14:15:40.209 (0x5c50) [info ] cols: 357
14:15:40.239 (0x5c50) [info ] cols: 358
14:15:40.269 (0x5c50) [info ] cols: 359
14:15:40.299 (0x5c50) [info ] cols: 360
14:15:40.335 (0x5c50) [info ] cols: 361
14:15:40.380 (0x5c50) [info ] cols: 362
14:15:40.406 (0x5c50) [info ] cols: 363
14:15:40.436 (0x5c50) [info ] cols: 364
14:15:40.467 (0x5c50) [info ] cols: 365
14:15:40.497 (0x5c50) [info ] cols: 366
14:15:40.530 (0x5c50) [info ] cols: 367
14:15:40.561 (0x5c50) [info ] cols: 368
14:15:40.613 (0x5c50) [info ] cols: 369
14:15:40.660 (0x5c50) [info ] cols: 370
14:15:40.704 (0x5c50) [info ] cols: 371
14:15:40.746 (0x5c50) [info ] cols: 372
14:15:40.791 (0x5c50) [info ] cols: 373
14:15:40.869 (0x5c50) [info ] cols: 374
14:15:40.900 (0x5c50) [info ] cols: 375
14:15:40.930 (0x5c50) [info ] cols: 376
14:15:40.958 (0x5c50) [info ] cols: 377
14:15:40.988 (0x5c50) [info ] cols: 378
14:15:41.018 (0x5c50) [info ] cols: 379
14:15:41.048 (0x5c50) [info ] cols: 380
14:15:41.081 (0x5c50) [info ] cols: 381
14:15:41.109 (0x5c50) [info ] cols: 382
14:15:41.139 (0x5c50) [info ] cols: 383
14:15:41.169 (0x5c50) [info ] cols: 384
14:15:41.200 (0x5c50) [info ] cols: 385
14:15:41.231 (0x5c50) [info ] cols: 386
14:15:41.259 (0x5c50) [info ] cols: 387
14:15:41.289 (0x5c50) [info ] cols: 388
14:15:41.319 (0x5c50) [info ] cols: 389
14:15:41.351 (0x5c50) [info ] cols: 390
14:15:41.383 (0x5c50) [info ] cols: 391
14:15:41.415 (0x5c50) [info ] cols: 392
14:15:41.446 (0x5c50) [info ] cols: 393
14:15:41.482 (0x5c50) [info ] cols: 394
14:15:41.512 (0x5c50) [info ] cols: 395
14:15:41.546 (0x5c50) [info ] cols: 396
14:15:41.583 (0x5c50) [info ] cols: 397
14:15:41.613 (0x5c50) [info ] cols: 398
14:15:41.647 (0x5c50) [info ] cols: 399
14:15:41.680 (0x5c50) [info ] cols: 400
14:15:41.713 (0x5c50) [info ] cols: 401
14:15:41.748 (0x5c50) [info ] cols: 402
14:15:41.782 (0x5c50) [info ] cols: 403
14:15:41.817 (0x5c50) [info ] cols: 404
14:15:41.852 (0x5c50) [info ] cols: 405
14:15:41.887 (0x5c50) [info ] cols: 406
14:15:41.930 (0x5c50) [info ] cols: 407
14:15:41.954 (0x5c50) [info ] cols: 408
14:15:41.996 (0x5c50) [info ] cols: 409
14:15:42.045 (0x5c50) [info ] cols: 410
14:15:42.081 (0x5c50) [info ] cols: 411
14:15:42.100 (0x5c50) [info ] cols: 412
14:15:42.134 (0x5c50) [info ] cols: 413
14:15:42.153 (0x5c50) [info ] cols: 414
14:15:42.187 (0x5c50) [info ] cols: 415
14:15:42.205 (0x5c50) [info ] cols: 416
14:15:42.233 (0x5c50) [info ] cols: 417
14:15:42.259 (0x5c50) [info ] cols: 418
14:15:42.307 (0x5c50) [info ] cols: 419
14:15:42.334 (0x5c50) [info ] cols: 420
14:15:42.360 (0x5c50) [info ] cols: 421
14:15:42.386 (0x5c50) [info ] cols: 422
14:15:42.412 (0x5c50) [info ] cols: 423
14:15:42.439 (0x5c50) [info ] cols: 424
14:15:42.466 (0x5c50) [info ] cols: 425
14:15:42.492 (0x5c50) [info ] cols: 426
14:15:42.530 (0x5c50) [info ] cols: 427
14:15:42.549 (0x5c50) [info ] cols: 428
14:15:42.581 (0x5c50) [info ] cols: 429
14:15:42.607 (0x5c50) [info ] cols: 430
14:15:42.637 (0x5c50) [info ] cols: 431
14:15:42.666 (0x5c50) [info ] cols: 432
14:15:42.696 (0x5c50) [info ] cols: 433
14:15:42.731 (0x5c50) [info ] cols: 434
14:15:42.760 (0x5c50) [info ] cols: 435
14:15:42.790 (0x5c50) [info ] cols: 436
14:15:42.820 (0x5c50) [info ] cols: 437
14:15:42.850 (0x5c50) [info ] cols: 438
14:15:42.881 (0x5c50) [info ] cols: 439
14:15:42.910 (0x5c50) [info ] cols: 440
14:15:42.940 (0x5c50) [info ] cols: 441
14:15:42.981 (0x5c50) [info ] cols: 442
14:15:43.003 (0x5c50) [info ] cols: 443
14:15:43.032 (0x5c50) [info ] cols: 444
14:15:43.059 (0x5c50) [info ] cols: 445
14:15:43.086 (0x5c50) [info ] cols: 446
14:15:43.113 (0x5c50) [info ] cols: 447
14:15:43.141 (0x5c50) [info ] cols: 448
14:15:43.168 (0x5c50) [info ] cols: 449
14:15:43.196 (0x5c50) [info ] cols: 450
14:15:43.230 (0x5c50) [info ] cols: 451
14:15:43.252 (0x5c50) [info ] cols: 452
14:15:43.289 (0x5c50) [info ] cols: 453
14:15:43.316 (0x5c50) [info ] cols: 454
14:15:43.343 (0x5c50) [info ] cols: 455
14:15:43.369 (0x5c50) [info ] cols: 456
14:15:43.396 (0x5c50) [info ] cols: 457
14:15:43.430 (0x5c50) [info ] cols: 458
14:15:43.450 (0x5c50) [info ] cols: 459
14:15:43.481 (0x5c50) [info ] cols: 460
14:15:43.505 (0x5c50) [info ] cols: 461
14:15:43.533 (0x5c50) [info ] cols: 462
14:15:43.561 (0x5c50) [info ] cols: 463
14:15:43.590 (0x5c50) [info ] cols: 464
14:15:43.617 (0x5c50) [info ] cols: 465
14:15:43.646 (0x5c50) [info ] cols: 466
14:15:43.684 (0x5c50) [info ] cols: 467
14:15:43.703 (0x5c50) [info ] cols: 468
14:15:43.733 (0x5c50) [info ] cols: 469
14:15:43.761 (0x5c50) [info ] cols: 470
14:15:43.790 (0x5c50) [info ] cols: 471
14:15:43.821 (0x5c50) [info ] cols: 472
14:15:43.849 (0x5c50) [info ] cols: 473
14:15:43.881 (0x5c50) [info ] cols: 474
14:15:43.906 (0x5c50) [info ] cols: 475
14:15:43.935 (0x5c50) [info ] cols: 476
14:15:43.963 (0x5c50) [info ] cols: 477
14:15:43.991 (0x5c50) [info ] cols: 478
14:15:44.029 (0x5c50) [info ] cols: 479
14:15:44.049 (0x5c50) [info ] cols: 480
14:15:44.080 (0x5c50) [info ] cols: 481
14:15:44.108 (0x5c50) [info ] cols: 482
14:15:44.135 (0x5c50) [info ] cols: 483
14:15:44.163 (0x5c50) [info ] cols: 484
14:15:44.191 (0x5c50) [info ] cols: 485
14:15:44.219 (0x5c50) [info ] cols: 486
14:15:44.246 (0x5c50) [info ] cols: 487
14:15:44.283 (0x5c50) [info ] cols: 488
14:15:44.302 (0x5c50) [info ] cols: 489
14:15:44.332 (0x5c50) [info ] cols: 490
14:15:44.359 (0x5c50) [info ] cols: 491
14:15:44.387 (0x5c50) [info ] cols: 492
14:15:44.416 (0x5c50) [info ] cols: 493
14:15:44.444 (0x5c50) [info ] cols: 494
14:15:44.482 (0x5c50) [info ] cols: 495
14:15:44.501 (0x5c50) [info ] cols: 496
14:15:44.531 (0x5c50) [info ] cols: 497
14:15:44.580 (0x5c50) [info ] cols: 498
14:15:44.610 (0x5c50) [info ] cols: 499
14:15:44.649 (0x5c50) [info ] cols: 500
14:15:44.688 (0x5c50) [info ] cols: 501
14:15:44.731 (0x5c50) [info ] cols: 502
14:15:44.766 (0x5c50) [info ] cols: 503
14:15:44.806 (0x5c50) [info ] cols: 504
14:15:44.853 (0x5c50) [info ] cols: 505
14:15:44.883 (0x5c50) [info ] cols: 506
14:15:44.907 (0x5c50) [info ] cols: 507
14:15:44.934 (0x5c50) [info ] cols: 508
14:15:44.961 (0x5c50) [info ] cols: 509
14:15:44.988 (0x5c50) [info ] cols: 510
14:15:45.016 (0x5c50) [info ] cols: 511
14:15:45.043 (0x5c50) [info ] cols: 512
14:15:45.080 (0x5c50) [info ] cols: 513
14:15:45.097 (0x5c50) [info ] cols: 514
14:15:45.130 (0x5c50) [info ] cols: 515
14:15:45.152 (0x5c50) [info ] cols: 516
14:15:45.184 (0x5c50) [info ] cols: 517
14:15:45.220 (0x5c50) [info ] cols: 518
14:15:45.251 (0x5c50) [info ] cols: 519
14:15:45.282 (0x5c50) [info ] cols: 520
14:15:45.314 (0x5c50) [info ] cols: 521
14:15:45.344 (0x5c50) [info ] cols: 522
14:15:45.382 (0x5c50) [info ] cols: 523
14:15:45.409 (0x5c50) [info ] cols: 524
14:15:45.439 (0x5c50) [info ] cols: 525
14:15:45.481 (0x5c50) [info ] cols: 526
14:15:45.503 (0x5c50) [info ] cols: 527
14:15:45.535 (0x5c50) [info ] cols: 528
14:15:45.568 (0x5c50) [info ] cols: 529
14:15:45.605 (0x5c50) [info ] cols: 530
14:15:45.637 (0x5c50) [info ] cols: 531
14:15:45.671 (0x5c50) [info ] cols: 532
14:15:45.705 (0x5c50) [info ] cols: 533
14:15:45.739 (0x5c50) [info ] cols: 534
14:15:45.782 (0x5c50) [info ] cols: 535
14:15:45.807 (0x5c50) [info ] cols: 536
14:15:45.842 (0x5c50) [info ] cols: 537
14:15:45.882 (0x5c50) [info ] cols: 538
14:15:45.911 (0x5c50) [info ] cols: 539
14:15:45.946 (0x5c50) [info ] cols: 540
14:15:45.985 (0x5c50) [info ] cols: 541
14:15:46.016 (0x5c50) [info ] cols: 542
14:15:46.051 (0x5c50) [info ] cols: 543
14:15:46.087 (0x5c50) [info ] cols: 544
14:15:46.130 (0x5c50) [info ] cols: 545
14:15:46.159 (0x5c50) [info ] cols: 546
14:15:46.195 (0x5c50) [info ] cols: 547
14:15:46.232 (0x5c50) [info ] cols: 548
14:15:46.281 (0x5c50) [info ] cols: 549
14:15:46.317 (0x5c50) [info ] cols: 550
14:15:46.817 (0x5c50) [info ] cols: 551
14:15:46.939 (0x5c50) [info ] cols: 552
14:15:46.993 (0x5c50) [info ] cols: 553
14:15:47.049 (0x5c50) [info ] cols: 554
14:15:47.105 (0x5c50) [info ] cols: 555
14:15:47.161 (0x5c50) [info ] cols: 556
14:15:47.220 (0x5c50) [info ] cols: 557
14:15:47.327 (0x5c50) [info ] cols: 558
14:15:47.383 (0x5c50) [info ] cols: 559
14:15:47.432 (0x5c50) [info ] cols: 560
14:15:47.468 (0x5c50) [info ] cols: 561
14:15:47.512 (0x5c50) [info ] cols: 562
14:15:47.559 (0x5c50) [info ] cols: 563
14:15:47.606 (0x5c50) [info ] cols: 564
14:15:47.653 (0x5c50) [info ] cols: 565
14:15:47.744 (0x5c50) [info ] cols: 566
14:15:47.827 (0x5c50) [info ] cols: 567
14:15:47.911 (0x5c50) [info ] cols: 568
14:15:48.039 (0x5c50) [info ] cols: 569
14:15:48.258 (0x5c50) [info ] cols: 570
14:15:48.429 (0x5c50) [info ] cols: 571
14:15:48.469 (0x5c50) [info ] cols: 572
14:15:48.505 (0x5c50) [info ] cols: 573
14:15:48.541 (0x5c50) [info ] cols: 574
14:15:48.580 (0x5c50) [info ] cols: 575
14:15:48.614 (0x5c50) [info ] cols: 576
14:15:48.651 (0x5c50) [info ] cols: 577
14:15:48.688 (0x5c50) [info ] cols: 578
14:15:48.730 (0x5c50) [info ] cols: 579
14:15:48.763 (0x5c50) [info ] cols: 580
14:15:48.801 (0x5c50) [info ] cols: 581
14:15:48.838 (0x5c50) [info ] cols: 582
14:15:48.881 (0x5c50) [info ] cols: 583
14:15:48.962 (0x5c50) [info ] cols: 584
14:15:49.047 (0x5c50) [info ] cols: 585
14:15:49.136 (0x5c50) [info ] cols: 586
14:15:49.228 (0x5c50) [info ] cols: 587
14:15:49.322 (0x5c50) [info ] cols: 588
14:15:49.359 (0x5c50) [info ] cols: 589
14:15:49.395 (0x5c50) [info ] cols: 590
14:15:49.433 (0x5c50) [info ] cols: 591
14:15:49.480 (0x5c50) [info ] cols: 592
14:15:49.508 (0x5c50) [info ] cols: 593
14:15:49.546 (0x5c50) [info ] cols: 594
14:15:49.585 (0x5c50) [info ] cols: 595
14:15:49.629 (0x5c50) [info ] cols: 596
14:15:49.665 (0x5c50) [info ] cols: 597
14:15:50.016 (0x5c50) [info ] cols: 598
14:15:50.081 (0x5c50) [info ] cols: 599
14:15:50.118 (0x5c50) [info ] cols: 600
14:15:50.159 (0x5c50) [info ] cols: 601
14:15:50.202 (0x5c50) [info ] cols: 602
14:15:50.244 (0x5c50) [info ] cols: 603
14:15:50.287 (0x5c50) [info ] cols: 604
14:15:50.331 (0x5c50) [info ] cols: 605
14:15:50.380 (0x5c50) [info ] cols: 606
14:15:51.759 (0x5c50) [info ] cols: 607
14:15:52.760 (0x5c50) [info ] cols: 608
14:15:53.115 (0x5c50) [info ] cols: 609
14:15:53.555 (0x5c50) [info ] cols: 610
14:15:53.695 (0x5c50) [info ] cols: 611
14:15:53.805 (0x5c50) [info ] cols: 612
14:15:53.913 (0x5c50) [info ] cols: 613
14:15:54.019 (0x5c50) [info ] cols: 614
14:15:54.100 (0x5c50) [info ] cols: 615
14:15:54.176 (0x5c50) [info ] cols: 616
14:15:54.916 (0x5c50) [info ] cols: 617
14:15:56.675 (0x5c50) [info ] cols: 618
14:15:56.775 (0x5c50) [info ] cols: 619
14:15:56.871 (0x5c50) [info ] cols: 620
14:15:57.083 (0x5c50) [info ] cols: 621
14:15:58.765 (0x5c50) [info ] cols: 622
14:15:59.003 (0x5c50) [info ] cols: 623
14:15:59.032 (0x5c50) [info ] cols: 624
14:15:59.059 (0x5c50) [info ] cols: 625
14:15:59.086 (0x5c50) [info ] cols: 626
14:15:59.114 (0x5c50) [info ] cols: 627
14:15:59.142 (0x5c50) [info ] cols: 628
14:15:59.171 (0x5c50) [info ] cols: 629
14:15:59.198 (0x5c50) [info ] cols: 630
14:15:59.231 (0x5c50) [info ] cols: 631
14:15:59.254 (0x5c50) [info ] cols: 632
14:15:59.283 (0x5c50) [info ] cols: 633
14:15:59.311 (0x5c50) [info ] cols: 634
14:15:59.340 (0x5c50) [info ] cols: 635
14:15:59.368 (0x5c50) [info ] cols: 636
14:15:59.397 (0x5c50) [info ] cols: 637
14:15:59.430 (0x5c50) [info ] cols: 638
14:15:59.479 (0x5c50) [info ] cols: 639
14:16:00.129 (0x5c50) [info ] cols: 640
14:16:00.226 (0x5c50) [info ] cols: 641
14:16:00.307 (0x5c50) [info ] cols: 642
14:16:00.358 (0x5c50) [info ] cols: 643
14:16:00.407 (0x5c50) [info ] cols: 644
14:16:00.453 (0x5c50) [info ] cols: 645
14:16:00.503 (0x5c50) [info ] cols: 646
14:16:00.558 (0x5c50) [info ] cols: 647
14:16:00.639 (0x5c50) [info ] cols: 648
14:16:00.867 (0x5c50) [info ] cols: 649
14:16:00.909 (0x5c50) [info ] cols: 650
14:16:00.957 (0x5c50) [info ] cols: 651
14:16:01.010 (0x5c50) [info ] cols: 652
14:16:01.068 (0x5c50) [info ] cols: 653
14:16:01.151 (0x5c50) [info ] cols: 654
14:16:01.195 (0x5c50) [info ] cols: 655
14:16:01.232 (0x5c50) [info ] cols: 656
14:16:01.266 (0x5c50) [info ] cols: 657
14:16:01.304 (0x5c50) [info ] cols: 658
14:16:01.346 (0x5c50) [info ] cols: 659
14:16:01.387 (0x5c50) [info ] cols: 660
14:16:01.433 (0x5c50) [info ] cols: 661
14:16:01.465 (0x5c50) [info ] cols: 662
14:16:01.508 (0x5c50) [info ] cols: 663
14:16:01.555 (0x5c50) [info ] cols: 664
14:16:01.609 (0x5c50) [info ] cols: 665
14:16:01.652 (0x5c50) [info ] cols: 666
14:16:01.683 (0x5c50) [info ] cols: 667
14:16:01.715 (0x5c50) [info ] cols: 668
14:16:01.749 (0x5c50) [info ] cols: 669
14:16:01.783 (0x5c50) [info ] cols: 670
14:16:01.818 (0x5c50) [info ] cols: 671
14:16:01.855 (0x5c50) [info ] cols: 672
14:16:01.895 (0x5c50) [info ] cols: 673
14:16:01.946 (0x5c50) [info ] cols: 674
14:16:03.482 (0x5c50) [info ] cols: 675
14:16:03.808 (0x5c50) [info ] cols: 676
14:16:07.501 (0x5c50) [info ] cols: 677
14:16:08.315 (0x5c50) [info ] cols: 678
14:16:09.062 (0x5c50) [info ] cols: 679
14:16:09.198 (0x5c50) [info ] cols: 680
14:16:09.292 (0x5c50) [info ] cols: 681
14:16:09.404 (0x5c50) [info ] cols: 682
14:16:09.560 (0x5c50) [info ] cols: 683
14:16:09.892 (0x5c50) [info ] cols: 684
14:16:10.112 (0x5c50) [info ] cols: 685
14:16:10.677 (0x5c50) [info ] cols: 686
14:16:10.860 (0x5c50) [info ] cols: 687
14:16:10.923 (0x5c50) [info ] cols: 688
14:16:11.000 (0x5c50) [info ] cols: 689
14:16:11.072 (0x5c50) [info ] cols: 690
14:16:11.139 (0x5c50) [info ] cols: 691
14:16:11.197 (0x5c50) [info ] cols: 692
14:16:11.250 (0x5c50) [info ] cols: 693
14:16:11.301 (0x5c50) [info ] cols: 694
14:16:11.378 (0x5c50) [info ] cols: 695
14:16:11.538 (0x5c50) [info ] cols: 696
14:16:12.084 (0x5c50) [info ] cols: 697
14:16:12.507 (0x5c50) [info ] cols: 698
14:16:13.436 (0x5c50) [info ] cols: 699
14:16:13.536 (0x5c50) [info ] cols: 700
14:16:13.636 (0x5c50) [info ] cols: 701
14:16:13.770 (0x5c50) [info ] cols: 702
14:16:13.806 (0x5c50) [info ] cols: 703
14:16:13.840 (0x5c50) [info ] cols: 704
14:16:13.880 (0x5c50) [info ] cols: 705
14:16:13.908 (0x5c50) [info ] cols: 706
14:16:13.942 (0x5c50) [info ] cols: 707
14:16:13.982 (0x5c50) [info ] cols: 708
14:16:14.008 (0x5c50) [info ] cols: 709
14:16:14.041 (0x5c50) [info ] cols: 710
14:16:14.081 (0x5c50) [info ] cols: 711
14:16:14.108 (0x5c50) [info ] cols: 712
14:16:14.141 (0x5c50) [info ] cols: 713
14:16:14.180 (0x5c50) [info ] cols: 714
14:16:14.213 (0x5c50) [info ] cols: 715
14:16:14.254 (0x5c50) [info ] cols: 716
14:16:14.299 (0x5c50) [info ] cols: 717
14:16:14.362 (0x5c50) [info ] cols: 718
14:16:14.769 (0x5c50) [info ] cols: 719
14:16:14.811 (0x5c50) [info ] cols: 720
14:16:14.843 (0x5c50) [info ] cols: 721
14:16:14.880 (0x5c50) [info ] cols: 722
14:16:14.908 (0x5c50) [info ] cols: 723
14:16:14.941 (0x5c50) [info ] cols: 724
14:16:14.980 (0x5c50) [info ] cols: 725
14:16:15.005 (0x5c50) [info ] cols: 726
14:16:15.038 (0x5c50) [info ] cols: 727
14:16:15.082 (0x5c50) [info ] cols: 728
14:16:15.107 (0x5c50) [info ] cols: 729
14:16:15.144 (0x5c50) [info ] cols: 730
14:16:15.186 (0x5c50) [info ] cols: 731
14:16:15.232 (0x5c50) [info ] cols: 732
14:16:15.280 (0x5c50) [info ] cols: 733
14:16:15.332 (0x5c50) [info ] cols: 734
14:16:15.402 (0x5c50) [info ] cols: 735
14:16:15.531 (0x5c50) [info ] cols: 736
14:16:15.660 (0x5c50) [info ] cols: 737
14:16:15.709 (0x5c50) [info ] cols: 738
14:16:15.758 (0x5c50) [info ] cols: 739
14:16:15.808 (0x5c50) [info ] cols: 740
14:16:15.860 (0x5c50) [info ] cols: 741
14:16:15.916 (0x5c50) [info ] cols: 742
14:16:16.006 (0x5c50) [info ] cols: 743
14:16:16.060 (0x5c50) [info ] cols: 744
14:16:16.115 (0x5c50) [info ] cols: 745
14:16:16.181 (0x5c50) [info ] cols: 746
14:16:16.230 (0x5c50) [info ] cols: 747
14:16:16.304 (0x5c50) [info ] cols: 748
14:16:16.393 (0x5c50) [info ] cols: 749
14:16:16.445 (0x5c50) [info ] cols: 750
14:16:16.501 (0x5c50) [info ] cols: 751
14:16:16.560 (0x5c50) [info ] cols: 752
14:16:16.636 (0x5c50) [info ] cols: 753
14:16:16.692 (0x5c50) [info ] cols: 754
14:16:16.738 (0x5c50) [info ] cols: 755
14:16:16.786 (0x5c50) [info ] cols: 756
14:16:16.834 (0x5c50) [info ] cols: 757
14:16:16.885 (0x5c50) [info ] cols: 758
14:16:16.976 (0x5c50) [info ] cols: 759
14:16:17.039 (0x5c50) [info ] cols: 760
14:16:17.102 (0x5c50) [info ] cols: 761
14:16:17.172 (0x5c50) [info ] cols: 762
14:16:17.320 (0x5c50) [info ] cols: 763
14:16:17.488 (0x5c50) [info ] cols: 764
14:16:17.715 (0x5c50) [info ] cols: 765
14:16:17.891 (0x5c50) [info ] cols: 766
14:16:17.943 (0x5c50) [info ] cols: 767
14:16:18.525 (0x5c50) [info ] cols: 768
14:16:18.584 (0x5c50) [info ] cols: 769
14:16:18.645 (0x5c50) [info ] cols: 770
14:16:19.003 (0x5c50) [info ] cols: 771
14:16:19.038 (0x5c50) [info ] cols: 772
14:16:19.079 (0x5c50) [info ] cols: 773
14:16:19.110 (0x5c50) [info ] cols: 774
14:16:19.147 (0x5c50) [info ] cols: 775
14:16:19.183 (0x5c50) [info ] cols: 776
14:16:19.229 (0x5c50) [info ] cols: 777
14:16:19.257 (0x5c50) [info ] cols: 778
14:16:19.296 (0x5c50) [info ] cols: 779
14:16:19.333 (0x5c50) [info ] cols: 780
14:16:19.371 (0x5c50) [info ] cols: 781
14:16:19.412 (0x5c50) [info ] cols: 782
14:16:19.459 (0x5c50) [info ] cols: 783
14:16:19.511 (0x5c50) [info ] cols: 784
14:16:19.565 (0x5c50) [info ] cols: 785
14:16:19.631 (0x5c50) [info ] cols: 786
14:16:20.699 (0x5c50) [info ] cols: 787
14:16:21.570 (0x5c50) [info ] cols: 788
14:16:21.629 (0x5c50) [info ] cols: 789
14:16:21.667 (0x5c50) [info ] cols: 790
14:16:21.717 (0x5c50) [info ] cols: 791
14:16:21.766 (0x5c50) [info ] cols: 792
14:16:21.816 (0x5c50) [info ] cols: 793
14:16:21.880 (0x5c50) [info ] cols: 794
14:16:21.910 (0x5c50) [info ] cols: 795
14:16:21.948 (0x5c50) [info ] cols: 796
14:16:21.987 (0x5c50) [info ] cols: 797
14:16:22.030 (0x5c50) [info ] cols: 798
14:16:22.064 (0x5c50) [info ] cols: 799
14:16:22.103 (0x5c50) [info ] cols: 800
14:16:22.143 (0x5c50) [info ] cols: 801
14:16:22.182 (0x5c50) [info ] cols: 802
14:16:22.234 (0x5c50) [info ] cols: 803
14:16:22.262 (0x5c50) [info ] cols: 804
14:16:22.302 (0x5c50) [info ] cols: 805
14:16:22.344 (0x5c50) [info ] cols: 806
14:16:22.385 (0x5c50) [info ] cols: 807
14:16:22.430 (0x5c50) [info ] cols: 808
14:16:22.469 (0x5c50) [info ] cols: 809
14:16:22.511 (0x5c50) [info ] cols: 810
14:16:22.554 (0x5c50) [info ] cols: 811
14:16:22.597 (0x5c50) [info ] cols: 812
14:16:22.640 (0x5c50) [info ] cols: 813
14:16:22.683 (0x5c50) [info ] cols: 814
14:16:22.732 (0x5c50) [info ] cols: 815
14:16:22.782 (0x5c50) [info ] cols: 816
14:16:22.818 (0x5c50) [info ] cols: 817
14:16:22.864 (0x5c50) [info ] cols: 818
14:16:22.911 (0x5c50) [info ] cols: 819
14:16:22.958 (0x5c50) [info ] cols: 820
14:16:23.004 (0x5c50) [info ] cols: 821
14:16:23.052 (0x5c50) [info ] cols: 822
14:16:23.101 (0x5c50) [info ] cols: 823
14:16:23.150 (0x5c50) [info ] cols: 824
14:16:23.200 (0x5c50) [info ] cols: 825
14:16:23.250 (0x5c50) [info ] cols: 826
14:16:23.300 (0x5c50) [info ] cols: 827
14:16:23.352 (0x5c50) [info ] cols: 828
14:16:23.405 (0x5c50) [info ] cols: 829
14:16:23.457 (0x5c50) [info ] cols: 830
14:16:23.511 (0x5c50) [info ] cols: 831
14:16:23.566 (0x5c50) [info ] cols: 832
14:16:23.632 (0x5c50) [info ] cols: 833
14:16:23.681 (0x5c50) [info ] cols: 834
14:16:23.734 (0x5c50) [info ] cols: 835
14:16:23.792 (0x5c50) [info ] cols: 836
14:16:23.852 (0x5c50) [info ] cols: 837
14:16:23.913 (0x5c50) [info ] cols: 838
14:16:23.975 (0x5c50) [info ] cols: 839
14:16:24.037 (0x5c50) [info ] cols: 840
14:16:24.102 (0x5c50) [info ] cols: 841
14:16:24.169 (0x5c50) [info ] cols: 842
14:16:24.237 (0x5c50) [info ] cols: 843
14:16:24.307 (0x5c50) [info ] cols: 844
14:16:24.379 (0x5c50) [info ] cols: 845
14:16:24.454 (0x5c50) [info ] cols: 846
14:16:24.530 (0x5c50) [info ] cols: 847
14:16:24.610 (0x5c50) [info ] cols: 848
14:16:24.694 (0x5c50) [info ] cols: 849
14:16:24.783 (0x5c50) [info ] cols: 850
14:16:24.876 (0x5c50) [info ] cols: 851
14:16:24.974 (0x5c50) [info ] cols: 852
14:16:25.077 (0x5c50) [info ] cols: 853
14:16:25.186 (0x5c50) [info ] cols: 854
14:16:25.303 (0x5c50) [info ] cols: 855
14:16:25.431 (0x5c50) [info ] cols: 856
14:16:25.573 (0x5c50) [info ] cols: 857
14:16:25.735 (0x5c50) [info ] cols: 858
14:16:25.930 (0x5c50) [info ] cols: 859
14:16:26.197 (0x5c50) [info ] cols: 860
14:16:29.667 (0x5c50) [debug] onWidgetMouseWheel is running 

14:16:29.694 (0x5c50) [debug] onWidgetMouseWheel is running 

14:16:29.738 (0x5c50) [debug] onWidgetMouseWheel is running 

14:16:29.955 (0x5c50) [debug] onWidgetMouseWheel is running 

14:16:29.974 (0x5c50) [debug] onWidgetMouseWheel is running 

14:16:29.982 (0x5c50) [debug] onWidgetMouseWheel is running 

14:16:30.006 (0x5c50) [debug] onWidgetMouseWheel is running 

14:16:30.031 (0x5c50) [debug] onWidgetMouseWheel is running 

14:16:30.210 (0x5c50) [debug] onWidgetMouseWheel is running 

14:16:30.218 (0x5c50) [debug] onWidgetMouseWheel is running 

14:16:30.234 (0x5c50) [debug] onWidgetMouseWheel is running 

14:16:30.242 (0x5c50) [debug] onWidgetMouseWheel is running 

14:16:30.274 (0x5c50) [debug] onWidgetMouseWheel is running 

14:16:30.442 (0x5c50) [debug] onWidgetMouseWheel is running 

14:16:30.466 (0x5c50) [debug] onWidgetMouseWheel is running 

14:16:30.484 (0x5c50) [debug] onWidgetMouseWheel is running 

14:16:30.506 (0x5c50) [debug] onWidgetMouseWheel is running 

14:16:30.524 (0x5c50) [debug] onWidgetMouseWheel is running 

14:16:30.850 (0x5c50) [debug] onWidgetMouseWheel is running 

14:16:30.858 (0x5c50) [debug] onWidgetMouseWheel is running 

14:16:30.873 (0x5c50) [debug] onWidgetMouseWheel is running 

14:16:30.881 (0x5c50) [debug] onWidgetMouseWheel is running 

14:16:30.896 (0x5c50) [debug] onWidgetMouseWheel is running 

14:16:31.074 (0x5c50) [debug] onWidgetMouseWheel is running 

14:16:31.098 (0x5c50) [debug] onWidgetMouseWheel is running 

14:16:31.106 (0x5c50) [debug] onWidgetMouseWheel is running 

14:16:31.122 (0x5c50) [debug] onWidgetMouseWheel is running 

14:16:31.130 (0x5c50) [debug] onWidgetMouseWheel is running 

14:16:31.144 (0x5c50) [debug] onWidgetMouseWheel is running 

14:16:31.343 (0x5c50) [debug] onWidgetMouseWheel is running 

14:16:31.370 (0x5c50) [debug] onWidgetMouseWheel is running 

14:16:31.378 (0x5c50) [debug] onWidgetMouseWheel is running 

14:16:31.394 (0x5c50) [debug] onWidgetMouseWheel is running 

14:16:31.403 (0x5c50) [debug] onWidgetMouseWheel is running 

14:16:31.434 (0x5c50) [debug] onWidgetMouseWheel is running 

14:16:31.630 (0x5c50) [debug] onWidgetMouseWheel is running 

14:16:31.647 (0x5c50) [debug] onWidgetMouseWheel is running 

14:16:31.656 (0x5c50) [debug] onWidgetMouseWheel is running 

14:16:31.673 (0x5c50) [debug] onWidgetMouseWheel is running 

14:16:31.698 (0x5c50) [debug] onWidgetMouseWheel is running 

14:16:32.126 (0x5c50) [debug] onWidgetMouseWheel is running 

14:16:32.155 (0x5c50) [debug] onWidgetMouseWheel is running 

14:16:32.338 (0x5c50) [debug] onWidgetMouseWheel is running 

14:16:32.376 (0x5c50) [debug] onWidgetMouseWheel is running 

14:16:32.618 (0x5c50) [debug] onWidgetMouseWheel is running 

14:16:32.643 (0x5c50) [debug] onWidgetMouseWheel is running 

14:16:32.690 (0x5c50) [debug] onWidgetMouseWheel is running 

14:16:32.806 (0x5c50) [debug] onWidgetMouseWheel is running 

14:16:32.846 (0x5c50) [debug] onWidgetMouseWheel is running 

14:16:32.886 (0x5c50) [debug] onWidgetMouseWheel is running 

14:16:34.055 (0x5c50) [info ] cols: 861
14:16:34.158 (0x5c50) [info ] cols: 862
14:16:34.240 (0x5c50) [info ] cols: 863
14:16:34.324 (0x5c50) [info ] cols: 864
14:16:34.416 (0x5c50) [info ] cols: 865
14:16:34.616 (0x5c50) [info ] cols: 866
14:16:34.757 (0x5c50) [info ] cols: 867
14:16:34.894 (0x5c50) [info ] cols: 868
14:16:34.952 (0x5c50) [info ] cols: 869
14:16:35.012 (0x5c50) [info ] cols: 870
14:16:35.074 (0x5c50) [info ] cols: 871
14:16:35.146 (0x5c50) [info ] cols: 872
14:16:35.200 (0x5c50) [info ] cols: 873
14:16:35.246 (0x5c50) [info ] cols: 874
14:16:35.293 (0x5c50) [info ] cols: 875
14:16:35.339 (0x5c50) [info ] cols: 876
14:16:35.387 (0x5c50) [info ] cols: 877
14:16:35.455 (0x5c50) [info ] cols: 878
14:16:35.503 (0x5c50) [info ] cols: 879
14:16:35.551 (0x5c50) [info ] cols: 880
14:16:35.601 (0x5c50) [info ] cols: 881
14:16:35.652 (0x5c50) [info ] cols: 882
14:16:35.724 (0x5c50) [info ] cols: 883
14:16:35.790 (0x5c50) [info ] cols: 884
14:16:35.858 (0x5c50) [info ] cols: 885
14:16:35.938 (0x5c50) [info ] cols: 886
14:16:36.038 (0x5c50) [info ] cols: 887
14:16:36.109 (0x5c50) [info ] cols: 888
14:16:36.186 (0x5c50) [info ] cols: 889
14:16:36.266 (0x5c50) [info ] cols: 890
14:16:36.351 (0x5c50) [info ] cols: 891
14:16:36.408 (0x5c50) [info ] cols: 892
14:16:36.467 (0x5c50) [info ] cols: 893
14:16:36.530 (0x5c50) [info ] cols: 894
14:16:36.591 (0x5c50) [info ] cols: 895
14:16:36.666 (0x5c50) [info ] cols: 896
14:16:36.731 (0x5c50) [info ] cols: 897
14:16:36.791 (0x5c50) [info ] cols: 898
14:16:36.855 (0x5c50) [info ] cols: 899
14:16:36.932 (0x5c50) [info ] cols: 900
14:16:36.998 (0x5c50) [info ] cols: 901
14:16:37.067 (0x5c50) [info ] cols: 902
14:16:37.138 (0x5c50) [info ] cols: 903
14:16:37.210 (0x5c50) [info ] cols: 904
14:16:37.284 (0x5c50) [info ] cols: 905
14:16:37.359 (0x5c50) [info ] cols: 906
14:16:37.438 (0x5c50) [info ] cols: 907
14:16:37.519 (0x5c50) [info ] cols: 908
14:16:37.603 (0x5c50) [info ] cols: 909
14:16:37.689 (0x5c50) [info ] cols: 910
14:16:37.781 (0x5c50) [info ] cols: 911
14:16:37.878 (0x5c50) [info ] cols: 912
14:16:37.979 (0x5c50) [info ] cols: 913
14:16:38.087 (0x5c50) [info ] cols: 914
14:16:38.203 (0x5c50) [info ] cols: 915
14:16:38.327 (0x5c50) [info ] cols: 916
14:16:38.468 (0x5c50) [info ] cols: 917
14:16:38.625 (0x5c50) [info ] cols: 918
14:16:38.799 (0x5c50) [debug] void __cdecl SlQmlCustomPlot::mousePressEvent(class QMouseEvent *)
14:16:38.811 (0x5c50) [info ] cols: 919
14:16:38.914 (0x5c50) [debug] void __cdecl SlQmlCustomPlot::mouseMoveEvent(class QMouseEvent *)
14:16:38.923 (0x5c50) [debug] void __cdecl SlQmlCustomPlot::mouseMoveEvent(class QMouseEvent *)
14:16:38.945 (0x5c50) [debug] void __cdecl SlQmlCustomPlot::mouseMoveEvent(class QMouseEvent *)
14:16:38.956 (0x5c50) [debug] void __cdecl SlQmlCustomPlot::mouseMoveEvent(class QMouseEvent *)
14:16:38.967 (0x5c50) [debug] void __cdecl SlQmlCustomPlot::mouseMoveEvent(class QMouseEvent *)
14:16:38.987 (0x5c50) [debug] void __cdecl SlQmlCustomPlot::mouseMoveEvent(class QMouseEvent *)
14:16:38.996 (0x5c50) [debug] void __cdecl SlQmlCustomPlot::mouseMoveEvent(class QMouseEvent *)
14:16:39.019 (0x5c50) [debug] void __cdecl SlQmlCustomPlot::mouseMoveEvent(class QMouseEvent *)
14:16:39.028 (0x5c50) [debug] void __cdecl SlQmlCustomPlot::mouseMoveEvent(class QMouseEvent *)
14:16:39.051 (0x5c50) [debug] void __cdecl SlQmlCustomPlot::mouseMoveEvent(class QMouseEvent *)
14:16:39.060 (0x5c50) [info ] cols: 920
14:16:39.146 (0x5c50) [debug] void __cdecl SlQmlCustomPlot::mouseReleaseEvent(class QMouseEvent *)
14:16:39.334 (0x5c50) [debug] onWidgetMouseWheel is running 

14:16:39.362 (0x5c50) [debug] onWidgetMouseWheel is running 

14:16:39.379 (0x5c50) [debug] onWidgetMouseWheel is running 

14:16:39.403 (0x5c50) [debug] onWidgetMouseWheel is running 

14:16:39.565 (0x5c50) [info ] cols: 921
14:16:39.606 (0x5c50) [debug] onWidgetMouseWheel is running 

14:16:39.627 (0x5c50) [debug] onWidgetMouseWheel is running 

14:16:39.655 (0x5c50) [debug] onWidgetMouseWheel is running 

14:16:39.903 (0x5c50) [debug] void __cdecl SlQmlCustomPlot::mousePressEvent(class QMouseEvent *)
14:16:39.914 (0x5c50) [debug] void __cdecl SlQmlCustomPlot::mouseMoveEvent(class QMouseEvent *)
14:16:39.922 (0x5c50) [debug] void __cdecl SlQmlCustomPlot::mouseMoveEvent(class QMouseEvent *)
14:16:39.935 (0x5c50) [debug] void __cdecl SlQmlCustomPlot::mouseMoveEvent(class QMouseEvent *)
14:16:39.940 (0x5c50) [debug] void __cdecl SlQmlCustomPlot::mouseMoveEvent(class QMouseEvent *)
14:16:39.953 (0x5c50) [debug] void __cdecl SlQmlCustomPlot::mouseMoveEvent(class QMouseEvent *)
14:16:39.959 (0x5c50) [debug] void __cdecl SlQmlCustomPlot::mouseMoveEvent(class QMouseEvent *)
14:16:39.972 (0x5c50) [debug] void __cdecl SlQmlCustomPlot::mouseMoveEvent(class QMouseEvent *)
14:16:39.976 (0x5c50) [debug] void __cdecl SlQmlCustomPlot::mouseMoveEvent(class QMouseEvent *)
14:16:39.988 (0x5c50) [debug] void __cdecl SlQmlCustomPlot::mouseMoveEvent(class QMouseEvent *)
14:16:39.992 (0x5c50) [debug] void __cdecl SlQmlCustomPlot::mouseMoveEvent(class QMouseEvent *)
14:16:40.005 (0x5c50) [debug] void __cdecl SlQmlCustomPlot::mouseMoveEvent(class QMouseEvent *)
14:16:40.010 (0x5c50) [debug] void __cdecl SlQmlCustomPlot::mouseMoveEvent(class QMouseEvent *)
14:16:40.015 (0x5c50) [debug] void __cdecl SlQmlCustomPlot::mouseMoveEvent(class QMouseEvent *)
14:16:40.026 (0x5c50) [debug] void __cdecl SlQmlCustomPlot::mouseMoveEvent(class QMouseEvent *)
14:16:40.039 (0x5c50) [debug] void __cdecl SlQmlCustomPlot::mouseMoveEvent(class QMouseEvent *)
14:16:40.046 (0x5c50) [debug] void __cdecl SlQmlCustomPlot::mouseReleaseEvent(class QMouseEvent *)
14:16:40.346 (0x5c50) [debug] onWidgetMouseWheel is running 

14:16:40.362 (0x5c50) [debug] onWidgetMouseWheel is running 

14:16:40.380 (0x5c50) [debug] onWidgetMouseWheel is running 

14:16:40.410 (0x5c50) [debug] onWidgetMouseWheel is running 

14:16:40.586 (0x5c50) [debug] onWidgetMouseWheel is running 

14:16:40.612 (0x5c50) [debug] onWidgetMouseWheel is running 

14:16:40.638 (0x5c50) [debug] onWidgetMouseWheel is running 

14:16:41.358 (0x5c50) [debug] onWidgetMouseWheel is running 

14:16:41.375 (0x5c50) [debug] onWidgetMouseWheel is running 

14:16:41.383 (0x5c50) [debug] onWidgetMouseWheel is running 

14:16:41.406 (0x5c50) [debug] onWidgetMouseWheel is running 

14:16:42.338 (0x5c50) [debug] onWidgetMouseWheel is running 

14:16:42.386 (0x5c50) [debug] onWidgetMouseWheel is running 

14:16:42.430 (0x5c50) [debug] onWidgetMouseWheel is running 

14:16:44.447 (0x5c50) [info ] cols: 922
14:16:44.503 (0x5c50) [info ] cols: 923
14:16:44.567 (0x5c50) [info ] cols: 924
14:16:44.634 (0x5c50) [info ] cols: 925
14:16:44.703 (0x5c50) [info ] cols: 926
14:16:44.870 (0x5c50) [info ] cols: 927
14:16:45.111 (0x5c50) [info ] cols: 928
14:16:45.184 (0x5c50) [info ] cols: 929
14:16:45.271 (0x5c50) [info ] cols: 930
14:16:45.377 (0x5c50) [info ] cols: 931
14:16:45.450 (0x5c50) [info ] cols: 932
14:16:45.535 (0x5c50) [info ] cols: 933
14:16:45.650 (0x5c50) [info ] cols: 934
14:16:45.751 (0x5c50) [info ] cols: 935
14:16:45.898 (0x5c50) [info ] cols: 936
14:16:46.037 (0x5c50) [info ] cols: 937
14:16:46.196 (0x5c50) [info ] cols: 938
14:16:46.384 (0x5c50) [info ] cols: 939
14:16:46.630 (0x5c50) [info ] cols: 940
14:16:46.914 (0x5c50) [debug] onWidgetMouseWheel is running 

14:16:46.942 (0x5c50) [debug] onWidgetMouseWheel is running 

14:16:46.974 (0x5c50) [debug] onWidgetMouseWheel is running 

14:16:47.252 (0x5c50) [debug] onWidgetMouseWheel is running 

14:16:47.554 (0x5c50) [debug] onWidgetMouseWheel is running 

14:16:47.574 (0x5c50) [debug] onWidgetMouseWheel is running 

14:16:47.746 (0x5c50) [debug] onWidgetMouseWheel is running 

14:16:48.278 (0x5c50) [debug] onWidgetMouseWheel is running 

14:16:48.354 (0x5c50) [debug] onWidgetMouseWheel is running 

14:16:48.434 (0x5c50) [debug] onWidgetMouseWheel is running 

14:16:48.682 (0x5c50) [debug] onWidgetMouseWheel is running 

14:16:48.714 (0x5c50) [debug] onWidgetMouseWheel is running 

14:16:48.723 (0x5c50) [debug] onWidgetMouseWheel is running 

14:16:48.738 (0x5c50) [debug] onWidgetMouseWheel is running 

14:16:48.757 (0x5c50) [debug] onWidgetMouseWheel is running 

14:16:48.950 (0x5c50) [debug] onWidgetMouseWheel is running 

14:16:48.974 (0x5c50) [debug] onWidgetMouseWheel is running 

14:16:48.990 (0x5c50) [debug] onWidgetMouseWheel is running 

14:16:49.010 (0x5c50) [debug] onWidgetMouseWheel is running 

14:16:49.020 (0x5c50) [debug] onWidgetMouseWheel is running 

14:16:49.414 (0x5c50) [debug] onWidgetMouseWheel is running 

14:16:49.446 (0x5c50) [debug] onWidgetMouseWheel is running 

14:16:49.454 (0x5c50) [debug] onWidgetMouseWheel is running 

14:16:49.478 (0x5c50) [debug] onWidgetMouseWheel is running 

14:16:49.506 (0x5c50) [debug] onWidgetMouseWheel is running 

14:16:49.954 (0x5c50) [debug] onWidgetMouseWheel is running 

14:16:49.962 (0x5c50) [debug] onWidgetMouseWheel is running 

14:16:49.988 (0x5c50) [debug] onWidgetMouseWheel is running 

14:16:54.752 (0x5c50) [info ] cols: 941
14:16:56.247 (0x5c50) [info ] cols: 942
14:16:57.227 (0x5c50) [info ] cols: 943
14:16:57.803 (0x5c50) [info ] cols: 944
14:16:59.738 (0x5c50) [debug] onWidgetMouseWheel is running 

14:16:59.786 (0x5c50) [debug] onWidgetMouseWheel is running 

14:16:59.818 (0x5c50) [debug] onWidgetMouseWheel is running 

14:16:59.862 (0x5c50) [debug] onWidgetMouseWheel is running 

14:17:02.105 (0x5c50) [info ] cols: 945
14:17:02.558 (0x5c50) [debug] qml: [trace]activefalse
14:17:02.626 (0x5c50) [info ] cols: 946
14:17:31.720 (0x5c50) [debug] qml: [trace]activetrue
14:17:33.200 (0x5c50) [info ] cols: 947
14:17:33.683 (0x5c50) [info ] cols: 948
14:17:34.255 (0x5c50) [info ] cols: 949
14:17:34.650 (0x5c50) [info ] cols: 950
14:17:35.982 (0x5c50) [info ] cols: 951
14:17:36.425 (0x5c50) [info ] cols: 952
14:17:36.782 (0x5c50) [info ] cols: 953
14:17:37.140 (0x5c50) [info ] cols: 954
14:17:37.658 (0x5c50) [info ] cols: 955
14:17:38.556 (0x5c50) [info ] cols: 956
14:17:38.861 (0x5c50) [info ] cols: 957
14:17:39.070 (0x5c50) [info ] cols: 958
14:17:39.186 (0x5c50) [info ] cols: 959
14:17:39.311 (0x5c50) [info ] cols: 960
14:17:39.412 (0x5c50) [info ] cols: 961
14:17:39.509 (0x5c50) [info ] cols: 962
14:17:39.614 (0x5c50) [info ] cols: 963
14:17:39.931 (0x5c50) [info ] cols: 964
14:17:40.096 (0x5c50) [info ] cols: 965
14:17:40.390 (0x5c50) [info ] cols: 966
14:17:40.935 (0x5c50) [info ] cols: 967
14:17:41.288 (0x5c50) [info ] cols: 968
14:17:45.210 (0x5c50) [info ] cols: 969
14:17:45.378 (0x5c50) [info ] cols: 970
14:17:46.107 (0x5c50) [info ] cols: 971
14:17:46.460 (0x5c50) [info ] cols: 972
14:17:46.566 (0x5c50) [info ] cols: 973
14:17:46.691 (0x5c50) [info ] cols: 974
14:17:46.789 (0x5c50) [info ] cols: 975
14:17:46.863 (0x5c50) [info ] cols: 976
14:17:46.942 (0x5c50) [info ] cols: 977
14:17:47.024 (0x5c50) [info ] cols: 978
14:17:47.110 (0x5c50) [info ] cols: 979
14:17:47.181 (0x5c50) [info ] cols: 980
14:17:47.255 (0x5c50) [info ] cols: 981
14:17:47.331 (0x5c50) [info ] cols: 982
14:17:47.502 (0x5c50) [info ] cols: 983
14:17:47.694 (0x5c50) [info ] cols: 984
14:17:47.807 (0x5c50) [info ] cols: 985
14:17:48.173 (0x5c50) [info ] cols: 986
14:17:48.305 (0x5c50) [info ] cols: 987
14:17:48.449 (0x5c50) [info ] cols: 988
14:17:48.518 (0x5c50) [info ] cols: 989
14:17:48.760 (0x5c50) [info ] cols: 990
14:17:48.898 (0x5c50) [info ] cols: 991
14:17:49.015 (0x5c50) [info ] cols: 992
14:17:49.176 (0x5c50) [info ] cols: 993
14:17:49.306 (0x5c50) [info ] cols: 994
14:17:49.455 (0x5c50) [info ] cols: 995
14:17:51.433 (0x5c50) [debug] qml: [trace]activefalse
14:17:56.837 (0x5c50) [info ] cols: 996
14:17:56.981 (0x5c50) [info ] cols: 997
14:17:57.034 (0x5c50) [info ] cols: 998
14:17:57.081 (0x5c50) [info ] cols: 999
14:17:57.169 (0x5c50) [info ] cols: 1000
14:17:57.257 (0x5c50) [info ] cols: 1001
14:17:57.309 (0x5c50) [info ] cols: 1002
14:17:57.353 (0x5c50) [info ] cols: 1003
14:17:57.400 (0x5c50) [info ] cols: 1004
14:17:57.448 (0x5c50) [info ] cols: 1005
14:17:57.495 (0x5c50) [info ] cols: 1006
14:17:57.544 (0x5c50) [info ] cols: 1007
14:17:57.594 (0x5c50) [info ] cols: 1008
14:17:57.643 (0x5c50) [info ] cols: 1009
14:17:57.694 (0x5c50) [info ] cols: 1010
14:17:57.745 (0x5c50) [info ] cols: 1011
14:17:57.797 (0x5c50) [info ] cols: 1012
14:17:57.850 (0x5c50) [info ] cols: 1013
14:17:57.903 (0x5c50) [info ] cols: 1014
14:17:57.957 (0x5c50) [info ] cols: 1015
14:17:58.013 (0x5c50) [info ] cols: 1016
14:17:58.069 (0x5c50) [info ] cols: 1017
14:17:58.130 (0x5c50) [info ] cols: 1018
14:17:58.186 (0x5c50) [info ] cols: 1019
14:17:58.245 (0x5c50) [info ] cols: 1020
14:17:58.304 (0x5c50) [info ] cols: 1021
14:17:58.366 (0x5c50) [info ] cols: 1022
14:17:58.432 (0x5c50) [info ] cols: 1023
14:17:58.494 (0x5c50) [info ] cols: 1024
14:17:58.560 (0x5c50) [info ] cols: 1025
14:17:58.628 (0x5c50) [info ] cols: 1026
14:17:58.697 (0x5c50) [info ] cols: 1027
14:17:58.768 (0x5c50) [info ] cols: 1028
14:17:58.842 (0x5c50) [info ] cols: 1029
14:17:58.917 (0x5c50) [info ] cols: 1030
14:17:58.995 (0x5c50) [info ] cols: 1031
14:17:59.076 (0x5c50) [info ] cols: 1032
14:17:59.161 (0x5c50) [info ] cols: 1033
14:17:59.248 (0x5c50) [info ] cols: 1034
14:17:59.339 (0x5c50) [info ] cols: 1035
14:17:59.436 (0x5c50) [info ] cols: 1036
14:17:59.538 (0x5c50) [info ] cols: 1037
14:17:59.645 (0x5c50) [info ] cols: 1038
14:17:59.760 (0x5c50) [info ] cols: 1039
14:17:59.884 (0x5c50) [info ] cols: 1040
14:18:00.021 (0x5c50) [info ] cols: 1041
14:18:00.175 (0x5c50) [info ] cols: 1042
14:18:00.361 (0x5c50) [info ] cols: 1043
14:18:00.616 (0x5c50) [info ] cols: 1044
14:18:00.986 (0x5c50) [info ] cols: 1045
14:18:01.121 (0x5c50) [info ] cols: 1046
14:18:01.283 (0x5c50) [info ] cols: 1047
14:18:01.475 (0x5c50) [info ] cols: 1048
14:18:01.728 (0x5c50) [info ] cols: 1049
14:18:10.686 (0x5c50) [debug] qml: [trace]activetrue
14:18:13.712 (0x5c50) [info ] cols: 1050
14:18:43.403 (0x5c50) [debug] true
14:18:43.403 (0x5c50) [debug]  openPort is working 
14:18:43.405 (0x5c50) [debug] qml: get result:false
14:18:44.098 (0x5c50) [trace] qml:
14:18:44.139 (0x5c50) [info ] ----- msAppExit: 18813137.697900, 00:31:20.16933137
14:18:44.139 (0x5c50) [info ] app running: 215154.939100, 00:00:21.194154
14:18:44.140 (0x5c50) [info ] app return: 0
14:18:44.140 (0x5c50) [info ] ----- App exit ------
14:18:51.419 (0x6308) [info ]
14:18:51.420 (0x6308) [info ] ----- App init ------
14:18:51.421 (0x6308) [info ] SerialPortDemo V1.0.0.0, compiled at Wed Apr 12 09:22:44 2023
14:18:51.421 (0x6308) [info ] Exe file: E:/BaiduSyncdisk/SACAR/SerialPortForHeard/SerialPortForHeard/SerialPortForHeard/SerialPortForHeard-Debug/SerialPortDemo/debug/SerialPortDemo.exe
14:18:51.421 (0x6308) [info ] App path: E:/BaiduSyncdisk/SACAR/SerialPortForHeard/SerialPortForHeard/SerialPortForHeard/SerialPortForHeard-Debug/SerialPortDemo
14:18:51.421 (0x6308) [info ] Check chinese support: 012汉字abc
14:18:51.422 (0x6308) [info ] ----- msAppInit: 18820417.687000, 00:31:21.16939417
14:18:51.422 (0x6308) [info ] [trace] --- FuncEntry
14:18:51.422 (0x6308) [info ] [trace]012汉字abc 
14:18:51.422 (0x6308) [info ] qInfo
14:18:51.423 (0x6308) [info ] qDebug
14:18:51.423 (0x6308) [info ] qWanging
14:18:51.423 (0x6308) [info ] QCritical
14:18:51.424 (0x6308) [info ] call getMs() 1000 times, 0.029600 ms
14:18:51.438 (0x6308) [info ] 1-1
14:18:51.438 (0x6308) [info ] 1-2
14:18:51.438 (0x6308) [info ] 2-1,汉字
14:18:51.439 (0x6308) [info ] 2-2,汉字
14:18:51.439 (0x6308) [info ] 1
14:18:51.439 (0x6308) [info ] 12345678901234
14:18:51.440 (0x6308) [info ] 12345679020032.0000000000000000
14:18:51.440 (0x6308) [info ] 12345678901234567168.00000000000000000000000000000000
14:18:51.444 (0x6308) [debug] SlBase::add( 3 + 4 ) = 7
14:18:51.445 (0x6308) [debug] SlBase::getTime() = 2023-04-28 14:18:51.445
14:18:51.445 (0x6308) [info ] [trace] --- FuncExit, 23.4038 ms
14:18:52.566 (0x6308) [warn ] qrc:/qml/BottomMain.qml:12:5: QML Rectangle: Detected anchors on an item that is managed by a layout. This is undefined behavior; use Layout.alignment instead.
14:18:52.665 (0x6308) [warn ] file:///D:/Qt/Qt5.14.2/5.14.2/msvc2017_64/qml/QtQuick/Dialogs/DefaultFileDialog.qml:102:33: QML Settings: Failed to initialize QSettings instance. Status code is: 1
14:18:52.665 (0x6308) [warn ] file:///D:/Qt/Qt5.14.2/5.14.2/msvc2017_64/qml/QtQuick/Dialogs/DefaultFileDialog.qml:102:33: QML Settings: The following application identifiers have not been set: QVector("organizationName", "organizationDomain")
14:18:52.857 (0x6308) [debug] Name :  "COM5"
14:18:52.858 (0x6308) [debug] Name :  "COM11"
14:18:52.858 (0x6308) [debug] Name :  "COM4"
14:18:52.859 (0x6308) [debug] Name :  "COM1"
14:18:52.859 (0x6308) [debug] Name :  "COM2"
14:18:52.860 (0x6308) [debug] Name :  "COM3"
14:18:52.860 (0x6308) [debug] Name :  "COM6"
14:18:52.902 (0x6308) [warn ] qrc:/qml/basic/ComboBox.qml:9: ReferenceError: combobox_implicit_width is not defined
14:18:52.922 (0x6308) [debug] qml: [trace]activetrue
14:19:00.186 (0x6308) [debug] false
14:19:00.187 (0x6308) [debug]  openPort is working 
14:19:00.189 (0x6308) [debug] "COM11" 115200 QSerialPort::Data8 QSerialPort::NoParity QSerialPort::OneStop
14:19:01.439 (0x6308) [info ] cols: 2
14:19:01.442 (0x6308) [info ] cols: 3
14:19:01.496 (0x6308) [info ] cols: 4
14:19:01.556 (0x6308) [info ] cols: 5
14:19:01.606 (0x6308) [info ] cols: 6
14:19:01.665 (0x6308) [info ] cols: 7
14:19:01.762 (0x6308) [info ] cols: 8
14:19:01.849 (0x6308) [info ] cols: 9
14:19:01.972 (0x6308) [info ] cols: 10
14:19:02.023 (0x6308) [info ] cols: 11
14:19:02.083 (0x6308) [info ] cols: 12
14:19:02.148 (0x6308) [info ] cols: 13
14:19:02.218 (0x6308) [info ] cols: 14
14:19:02.287 (0x6308) [info ] cols: 15
14:19:02.336 (0x6308) [info ] cols: 16
14:19:02.387 (0x6308) [info ] cols: 17
14:19:02.441 (0x6308) [info ] cols: 18
14:19:02.499 (0x6308) [info ] cols: 19
14:19:02.563 (0x6308) [info ] cols: 20
14:19:02.609 (0x6308) [info ] cols: 21
14:19:02.647 (0x6308) [info ] cols: 22
14:19:02.693 (0x6308) [info ] cols: 23
14:19:02.741 (0x6308) [info ] cols: 24
14:19:02.802 (0x6308) [info ] cols: 25
14:19:02.846 (0x6308) [info ] cols: 26
14:19:02.890 (0x6308) [info ] cols: 27
14:19:02.936 (0x6308) [info ] cols: 28
14:19:02.981 (0x6308) [info ] cols: 29
14:19:03.032 (0x6308) [info ] cols: 30
14:19:03.078 (0x6308) [info ] cols: 31
14:19:03.121 (0x6308) [info ] cols: 32
14:19:03.165 (0x6308) [info ] cols: 33
14:19:03.210 (0x6308) [info ] cols: 34
14:19:03.261 (0x6308) [info ] cols: 35
14:19:03.312 (0x6308) [info ] cols: 36
14:19:03.342 (0x6308) [info ] cols: 37
14:19:03.378 (0x6308) [info ] cols: 38
14:19:03.415 (0x6308) [info ] cols: 39
14:19:03.461 (0x6308) [info ] cols: 40
14:19:03.489 (0x6308) [info ] cols: 41
14:19:03.527 (0x6308) [info ] cols: 42
14:19:03.570 (0x6308) [info ] cols: 43
14:19:03.608 (0x6308) [info ] cols: 44
14:19:03.646 (0x6308) [info ] cols: 45
14:19:03.683 (0x6308) [info ] cols: 46
14:19:03.722 (0x6308) [info ] cols: 47
14:19:03.761 (0x6308) [info ] cols: 48
14:19:03.812 (0x6308) [info ] cols: 49
14:19:03.844 (0x6308) [info ] cols: 50
14:19:03.883 (0x6308) [info ] cols: 51
14:19:03.924 (0x6308) [info ] cols: 52
14:19:03.964 (0x6308) [info ] cols: 53
14:19:04.010 (0x6308) [info ] cols: 54
14:19:04.061 (0x6308) [info ] cols: 55
14:19:04.094 (0x6308) [info ] cols: 56
14:19:04.136 (0x6308) [info ] cols: 57
14:19:04.180 (0x6308) [info ] cols: 58
14:19:04.224 (0x6308) [info ] cols: 59
14:19:04.268 (0x6308) [info ] cols: 60
14:19:04.316 (0x6308) [info ] cols: 61
14:19:04.358 (0x6308) [info ] cols: 62
14:19:04.397 (0x6308) [info ] cols: 63
14:19:04.439 (0x6308) [info ] cols: 64
14:19:04.480 (0x6308) [info ] cols: 65
14:19:04.522 (0x6308) [info ] cols: 66
14:19:04.570 (0x6308) [info ] cols: 67
14:19:04.614 (0x6308) [info ] cols: 68
14:19:04.659 (0x6308) [info ] cols: 69
14:19:04.707 (0x6308) [info ] cols: 70
14:19:04.746 (0x6308) [info ] cols: 71
14:19:04.796 (0x6308) [info ] cols: 72
14:19:04.844 (0x6308) [info ] cols: 73
14:19:04.892 (0x6308) [info ] cols: 74
14:19:04.939 (0x6308) [info ] cols: 75
14:19:04.988 (0x6308) [info ] cols: 76
14:19:05.043 (0x6308) [info ] cols: 77
14:19:05.089 (0x6308) [info ] cols: 78
14:19:05.129 (0x6308) [info ] cols: 79
14:19:05.169 (0x6308) [info ] cols: 80
14:19:05.210 (0x6308) [info ] cols: 81
14:19:05.258 (0x6308) [info ] cols: 82
14:19:05.293 (0x6308) [info ] cols: 83
14:19:05.335 (0x6308) [info ] cols: 84
14:19:05.377 (0x6308) [info ] cols: 85
14:19:05.420 (0x6308) [info ] cols: 86
14:19:05.462 (0x6308) [info ] cols: 87
14:19:05.508 (0x6308) [info ] cols: 88
14:19:05.558 (0x6308) [info ] cols: 89
14:19:05.594 (0x6308) [info ] cols: 90
14:19:05.639 (0x6308) [info ] cols: 91
14:19:05.684 (0x6308) [info ] cols: 92
14:19:05.730 (0x6308) [info ] cols: 93
14:19:05.775 (0x6308) [info ] cols: 94
14:19:05.825 (0x6308) [info ] cols: 95
14:19:05.880 (0x6308) [info ] cols: 96
14:19:05.934 (0x6308) [info ] cols: 97
14:19:05.990 (0x6308) [info ] cols: 98
14:19:06.052 (0x6308) [info ] cols: 99
14:19:06.224 (0x6308) [info ] cols: 100
14:19:06.271 (0x6308) [info ] cols: 101
14:19:06.311 (0x6308) [info ] cols: 102
14:19:06.359 (0x6308) [info ] cols: 103
14:19:06.392 (0x6308) [info ] cols: 104
14:19:06.433 (0x6308) [info ] cols: 105
14:19:06.474 (0x6308) [info ] cols: 106
14:19:06.515 (0x6308) [info ] cols: 107
14:19:06.559 (0x6308) [info ] cols: 108
14:19:06.610 (0x6308) [info ] cols: 109
14:19:06.658 (0x6308) [info ] cols: 110
14:19:06.691 (0x6308) [info ] cols: 111
14:19:06.730 (0x6308) [info ] cols: 112
14:19:06.770 (0x6308) [info ] cols: 113
14:19:06.811 (0x6308) [info ] cols: 114
14:19:06.858 (0x6308) [info ] cols: 115
14:19:06.893 (0x6308) [info ] cols: 116
14:19:06.943 (0x6308) [info ] cols: 117
14:19:06.976 (0x6308) [info ] cols: 118
14:19:07.015 (0x6308) [info ] cols: 119
14:19:07.044 (0x6308) [info ] cols: 120
14:19:07.078 (0x6308) [info ] cols: 121
14:19:07.111 (0x6308) [info ] cols: 122
14:19:07.146 (0x6308) [info ] cols: 123
14:19:07.180 (0x6308) [info ] cols: 124
14:19:07.222 (0x6308) [info ] cols: 125
14:19:07.258 (0x6308) [info ] cols: 126
14:19:07.288 (0x6308) [info ] cols: 127
14:19:07.321 (0x6308) [info ] cols: 128
14:19:07.360 (0x6308) [info ] cols: 129
14:19:07.388 (0x6308) [info ] cols: 130
14:19:07.421 (0x6308) [info ] cols: 131
14:19:07.458 (0x6308) [info ] cols: 132
14:19:07.488 (0x6308) [info ] cols: 133
14:19:07.525 (0x6308) [info ] cols: 134
14:19:07.560 (0x6308) [info ] cols: 135
14:19:07.593 (0x6308) [info ] cols: 136
14:19:07.628 (0x6308) [info ] cols: 137
14:19:07.663 (0x6308) [info ] cols: 138
14:19:07.697 (0x6308) [info ] cols: 139
14:19:07.732 (0x6308) [info ] cols: 140
14:19:07.767 (0x6308) [info ] cols: 141
14:19:07.810 (0x6308) [info ] cols: 142
14:19:07.837 (0x6308) [info ] cols: 143
14:19:07.878 (0x6308) [info ] cols: 144
14:19:07.915 (0x6308) [info ] cols: 145
14:19:07.946 (0x6308) [info ] cols: 146
14:19:07.977 (0x6308) [info ] cols: 147
14:19:08.009 (0x6308) [info ] cols: 148
14:19:08.039 (0x6308) [info ] cols: 149
14:19:08.071 (0x6308) [info ] cols: 150
14:19:08.110 (0x6308) [info ] cols: 151
14:19:08.135 (0x6308) [info ] cols: 152
14:19:08.167 (0x6308) [info ] cols: 153
14:19:08.215 (0x6308) [info ] cols: 154
14:19:08.258 (0x6308) [info ] cols: 155
14:19:08.292 (0x6308) [info ] cols: 156
14:19:08.331 (0x6308) [info ] cols: 157
14:19:08.370 (0x6308) [info ] cols: 158
14:19:08.409 (0x6308) [info ] cols: 159
14:19:08.458 (0x6308) [info ] cols: 160
14:19:08.489 (0x6308) [info ] cols: 161
14:19:08.533 (0x6308) [info ] cols: 162
14:19:08.567 (0x6308) [info ] cols: 163
14:19:08.607 (0x6308) [info ] cols: 164
14:19:08.634 (0x6308) [info ] cols: 165
14:19:08.668 (0x6308) [info ] cols: 166
14:19:08.708 (0x6308) [info ] cols: 167
14:19:08.737 (0x6308) [info ] cols: 168
14:19:08.771 (0x6308) [info ] cols: 169
14:19:08.815 (0x6308) [info ] cols: 170
14:19:08.860 (0x6308) [info ] cols: 171
14:19:08.886 (0x6308) [info ] cols: 172
14:19:08.922 (0x6308) [info ] cols: 173
14:19:08.959 (0x6308) [info ] cols: 174
14:19:08.993 (0x6308) [info ] cols: 175
14:19:09.030 (0x6308) [info ] cols: 176
14:19:09.067 (0x6308) [info ] cols: 177
14:19:09.110 (0x6308) [info ] cols: 178
14:19:09.159 (0x6308) [info ] cols: 179
14:19:09.191 (0x6308) [info ] cols: 180
14:19:09.231 (0x6308) [info ] cols: 181
14:19:09.272 (0x6308) [info ] cols: 182
14:19:09.313 (0x6308) [info ] cols: 183
14:19:09.359 (0x6308) [info ] cols: 184
14:19:09.409 (0x6308) [info ] cols: 185
14:19:09.444 (0x6308) [info ] cols: 186
14:19:09.485 (0x6308) [info ] cols: 187
14:19:09.526 (0x6308) [info ] cols: 188
14:19:09.567 (0x6308) [info ] cols: 189
14:19:09.609 (0x6308) [info ] cols: 190
14:19:09.658 (0x6308) [info ] cols: 191
14:19:09.708 (0x6308) [info ] cols: 192
14:19:09.741 (0x6308) [info ] cols: 193
14:19:09.779 (0x6308) [info ] cols: 194
14:19:09.817 (0x6308) [info ] cols: 195
14:19:09.858 (0x6308) [info ] cols: 196
14:19:09.895 (0x6308) [info ] cols: 197
14:19:09.934 (0x6308) [info ] cols: 198
14:19:09.983 (0x6308) [info ] cols: 199
14:19:10.025 (0x6308) [info ] cols: 200
14:19:10.068 (0x6308) [info ] cols: 201
14:19:10.111 (0x6308) [info ] cols: 202
14:19:10.159 (0x6308) [info ] cols: 203
14:19:10.209 (0x6308) [info ] cols: 204
14:19:10.260 (0x6308) [info ] cols: 205
14:19:10.308 (0x6308) [info ] cols: 206
14:19:10.357 (0x6308) [info ] cols: 207
14:19:10.396 (0x6308) [info ] cols: 208
14:19:10.444 (0x6308) [info ] cols: 209
14:19:10.508 (0x6308) [info ] cols: 210
14:19:10.545 (0x6308) [info ] cols: 211
14:19:10.582 (0x6308) [info ] cols: 212
14:19:10.620 (0x6308) [info ] cols: 213
14:19:10.658 (0x6308) [info ] cols: 214
14:19:10.695 (0x6308) [info ] cols: 215
14:19:10.760 (0x6308) [info ] cols: 216
14:19:10.789 (0x6308) [info ] cols: 217
14:19:10.820 (0x6308) [info ] cols: 218
14:19:10.858 (0x6308) [info ] cols: 219
14:19:10.883 (0x6308) [info ] cols: 220
14:19:10.915 (0x6308) [info ] cols: 221
14:19:10.946 (0x6308) [info ] cols: 222
14:19:10.978 (0x6308) [info ] cols: 223
14:19:11.019 (0x6308) [info ] cols: 224
14:19:11.058 (0x6308) [info ] cols: 225
14:19:11.089 (0x6308) [info ] cols: 226
14:19:11.124 (0x6308) [info ] cols: 227
14:19:11.160 (0x6308) [info ] cols: 228
14:19:11.195 (0x6308) [info ] cols: 229
14:19:11.231 (0x6308) [info ] cols: 230
14:19:11.284 (0x6308) [info ] cols: 231
14:19:11.312 (0x6308) [info ] cols: 232
14:19:11.342 (0x6308) [info ] cols: 233
14:19:11.369 (0x6308) [info ] cols: 234
14:19:11.398 (0x6308) [info ] cols: 235
14:19:11.427 (0x6308) [info ] cols: 236
14:19:11.459 (0x6308) [info ] cols: 237
14:19:11.485 (0x6308) [info ] cols: 238
14:19:11.519 (0x6308) [info ] cols: 239
14:19:11.559 (0x6308) [info ] cols: 240
14:19:11.584 (0x6308) [info ] cols: 241
14:19:11.616 (0x6308) [info ] cols: 242
14:19:11.660 (0x6308) [info ] cols: 243
14:19:11.682 (0x6308) [info ] cols: 244
14:19:11.716 (0x6308) [info ] cols: 245
14:19:11.759 (0x6308) [info ] cols: 246
14:19:11.783 (0x6308) [info ] cols: 247
14:19:11.822 (0x6308) [info ] cols: 248
14:19:11.858 (0x6308) [info ] cols: 249
14:19:11.893 (0x6308) [info ] cols: 250
14:19:11.929 (0x6308) [info ] cols: 251
14:19:11.964 (0x6308) [info ] cols: 252
14:19:12.008 (0x6308) [info ] cols: 253
14:19:12.036 (0x6308) [info ] cols: 254
14:19:12.072 (0x6308) [info ] cols: 255
14:19:12.109 (0x6308) [info ] cols: 256
14:19:12.146 (0x6308) [info ] cols: 257
14:19:12.182 (0x6308) [info ] cols: 258
14:19:12.219 (0x6308) [info ] cols: 259
14:19:12.259 (0x6308) [info ] cols: 260
14:19:12.295 (0x6308) [info ] cols: 261
14:19:12.333 (0x6308) [info ] cols: 262
14:19:12.371 (0x6308) [info ] cols: 263
14:19:12.410 (0x6308) [info ] cols: 264
14:19:12.457 (0x6308) [info ] cols: 265
14:19:12.488 (0x6308) [info ] cols: 266
14:19:12.527 (0x6308) [info ] cols: 267
14:19:12.566 (0x6308) [info ] cols: 268
14:19:12.609 (0x6308) [info ] cols: 269
14:19:12.646 (0x6308) [info ] cols: 270
14:19:12.687 (0x6308) [info ] cols: 271
14:19:12.728 (0x6308) [info ] cols: 272
14:19:12.769 (0x6308) [info ] cols: 273
14:19:12.811 (0x6308) [info ] cols: 274
14:19:12.861 (0x6308) [info ] cols: 275
14:19:12.895 (0x6308) [info ] cols: 276
14:19:12.944 (0x6308) [info ] cols: 277
14:19:12.989 (0x6308) [info ] cols: 278
14:19:13.027 (0x6308) [info ] cols: 279
14:19:13.065 (0x6308) [info ] cols: 280
14:19:13.109 (0x6308) [info ] cols: 281
14:19:13.143 (0x6308) [info ] cols: 282
14:19:13.181 (0x6308) [info ] cols: 283
14:19:13.221 (0x6308) [info ] cols: 284
14:19:13.260 (0x6308) [info ] cols: 285
14:19:13.299 (0x6308) [info ] cols: 286
14:19:13.339 (0x6308) [info ] cols: 287
14:19:13.380 (0x6308) [info ] cols: 288
14:19:13.421 (0x6308) [info ] cols: 289
14:19:13.470 (0x6308) [info ] cols: 290
14:19:13.522 (0x6308) [info ] cols: 291
14:19:13.575 (0x6308) [info ] cols: 292
14:19:13.629 (0x6308) [info ] cols: 293
14:19:13.682 (0x6308) [info ] cols: 294
14:19:13.747 (0x6308) [info ] cols: 295
14:19:13.797 (0x6308) [info ] cols: 296
14:19:13.829 (0x6308) [info ] cols: 297
14:19:13.861 (0x6308) [info ] cols: 298
14:19:13.894 (0x6308) [info ] cols: 299
14:19:13.926 (0x6308) [info ] cols: 300
14:19:13.959 (0x6308) [info ] cols: 301
14:19:13.992 (0x6308) [info ] cols: 302
14:19:14.025 (0x6308) [info ] cols: 303
14:19:14.058 (0x6308) [info ] cols: 304
14:19:14.108 (0x6308) [info ] cols: 305
14:19:14.137 (0x6308) [info ] cols: 306
14:19:14.174 (0x6308) [info ] cols: 307
14:19:14.211 (0x6308) [info ] cols: 308
14:19:14.249 (0x6308) [info ] cols: 309
14:19:14.287 (0x6308) [info ] cols: 310
14:19:14.325 (0x6308) [info ] cols: 311
14:19:14.363 (0x6308) [info ] cols: 312
14:19:14.410 (0x6308) [info ] cols: 313
14:19:14.440 (0x6308) [info ] cols: 314
14:19:14.481 (0x6308) [info ] cols: 315
14:19:14.529 (0x6308) [info ] cols: 316
14:19:14.580 (0x6308) [info ] cols: 317
14:19:14.632 (0x6308) [info ] cols: 318
14:19:14.684 (0x6308) [info ] cols: 319
14:19:14.737 (0x6308) [info ] cols: 320
14:19:14.790 (0x6308) [info ] cols: 321
14:19:14.854 (0x6308) [info ] cols: 322
14:19:14.927 (0x6308) [info ] cols: 323
14:19:15.001 (0x6308) [info ] cols: 324
14:19:15.130 (0x6308) [info ] cols: 325
14:19:15.207 (0x6308) [info ] cols: 326
14:19:15.267 (0x6308) [info ] cols: 327
14:19:15.328 (0x6308) [info ] cols: 328
14:19:15.389 (0x6308) [info ] cols: 329
14:19:15.480 (0x6308) [info ] cols: 330
14:19:15.526 (0x6308) [info ] cols: 331
14:19:15.570 (0x6308) [info ] cols: 332
14:19:15.615 (0x6308) [info ] cols: 333
14:19:15.660 (0x6308) [info ] cols: 334
14:19:15.709 (0x6308) [info ] cols: 335
14:19:15.771 (0x6308) [info ] cols: 336
14:19:15.827 (0x6308) [info ] cols: 337
14:19:15.872 (0x6308) [info ] cols: 338
14:19:15.917 (0x6308) [info ] cols: 339
14:19:15.963 (0x6308) [info ] cols: 340
14:19:16.009 (0x6308) [info ] cols: 341
14:19:16.058 (0x6308) [info ] cols: 342
14:19:16.129 (0x6308) [info ] cols: 343
14:19:16.172 (0x6308) [info ] cols: 344
14:19:16.214 (0x6308) [info ] cols: 345
14:19:16.259 (0x6308) [info ] cols: 346
14:19:16.308 (0x6308) [info ] cols: 347
14:19:16.343 (0x6308) [info ] cols: 348
14:19:16.413 (0x6308) [info ] cols: 349
14:19:16.458 (0x6308) [info ] cols: 350
14:19:16.494 (0x6308) [info ] cols: 351
14:19:16.536 (0x6308) [info ] cols: 352
14:19:16.578 (0x6308) [info ] cols: 353
14:19:16.619 (0x6308) [info ] cols: 354
14:19:16.664 (0x6308) [info ] cols: 355
14:19:16.734 (0x6308) [info ] cols: 356
14:19:16.774 (0x6308) [info ] cols: 357
14:19:16.814 (0x6308) [info ] cols: 358
14:19:16.858 (0x6308) [info ] cols: 359
14:19:16.895 (0x6308) [info ] cols: 360
14:19:16.937 (0x6308) [info ] cols: 361
14:19:16.984 (0x6308) [info ] cols: 362
14:19:17.044 (0x6308) [info ] cols: 363
14:19:17.078 (0x6308) [info ] cols: 364
14:19:17.114 (0x6308) [info ] cols: 365
14:19:17.158 (0x6308) [info ] cols: 366
14:19:17.186 (0x6308) [info ] cols: 367
14:19:17.222 (0x6308) [info ] cols: 368
14:19:17.258 (0x6308) [info ] cols: 369
14:19:17.295 (0x6308) [info ] cols: 370
14:19:17.331 (0x6308) [info ] cols: 371
14:19:17.369 (0x6308) [info ] cols: 372
14:19:17.410 (0x6308) [info ] cols: 373
14:19:17.458 (0x6308) [info ] cols: 374
14:19:17.507 (0x6308) [info ] cols: 375
14:19:17.758 (0x6308) [info ] cols: 376
14:19:17.816 (0x6308) [info ] cols: 377
14:19:17.858 (0x6308) [info ] cols: 378
14:19:17.908 (0x6308) [info ] cols: 379
14:19:17.943 (0x6308) [info ] cols: 380
14:19:17.986 (0x6308) [info ] cols: 381
14:19:18.029 (0x6308) [info ] cols: 382
14:19:18.078 (0x6308) [info ] cols: 383
14:19:18.141 (0x6308) [info ] cols: 384
14:19:18.190 (0x6308) [info ] cols: 385
14:19:18.229 (0x6308) [info ] cols: 386
14:19:18.268 (0x6308) [info ] cols: 387
14:19:18.309 (0x6308) [info ] cols: 388
14:19:18.348 (0x6308) [info ] cols: 389
14:19:18.387 (0x6308) [info ] cols: 390
14:19:18.427 (0x6308) [info ] cols: 391
14:19:18.490 (0x6308) [info ] cols: 392
14:19:18.525 (0x6308) [info ] cols: 393
14:19:18.558 (0x6308) [info ] cols: 394
14:19:18.591 (0x6308) [info ] cols: 395
14:19:18.625 (0x6308) [info ] cols: 396
14:19:18.658 (0x6308) [info ] cols: 397
14:19:18.692 (0x6308) [info ] cols: 398
14:19:18.725 (0x6308) [info ] cols: 399
14:19:18.762 (0x6308) [info ] cols: 400
14:19:18.810 (0x6308) [info ] cols: 401
14:19:18.843 (0x6308) [info ] cols: 402
14:19:18.884 (0x6308) [info ] cols: 403
14:19:18.925 (0x6308) [info ] cols: 404
14:19:18.965 (0x6308) [info ] cols: 405
14:19:19.010 (0x6308) [info ] cols: 406
14:19:19.057 (0x6308) [info ] cols: 407
14:19:19.091 (0x6308) [info ] cols: 408
14:19:19.133 (0x6308) [info ] cols: 409
14:19:19.177 (0x6308) [info ] cols: 410
14:19:19.224 (0x6308) [info ] cols: 411
14:19:19.276 (0x6308) [info ] cols: 412
14:19:19.333 (0x6308) [info ] cols: 413
14:19:19.394 (0x6308) [info ] cols: 414
14:19:19.458 (0x6308) [info ] cols: 415
14:19:19.522 (0x6308) [info ] cols: 416
14:19:19.587 (0x6308) [info ] cols: 417
14:19:19.655 (0x6308) [info ] cols: 418
14:19:19.726 (0x6308) [info ] cols: 419
14:19:19.800 (0x6308) [info ] cols: 420
14:19:20.237 (0x6308) [info ] cols: 421
14:19:21.573 (0x6308) [info ] cols: 422
14:19:21.619 (0x6308) [info ] cols: 423
14:19:21.658 (0x6308) [info ] cols: 424
14:19:21.692 (0x6308) [info ] cols: 425
14:19:21.728 (0x6308) [info ] cols: 426
14:19:21.765 (0x6308) [info ] cols: 427
14:19:21.808 (0x6308) [info ] cols: 428
14:19:21.838 (0x6308) [info ] cols: 429
14:19:21.875 (0x6308) [info ] cols: 430
14:19:21.918 (0x6308) [info ] cols: 431
14:19:21.988 (0x6308) [info ] cols: 432
14:19:22.050 (0x6308) [info ] cols: 433
14:19:22.113 (0x6308) [info ] cols: 434
14:19:22.177 (0x6308) [info ] cols: 435
14:19:22.250 (0x6308) [info ] cols: 436
14:19:22.283 (0x6308) [info ] cols: 437
14:19:22.316 (0x6308) [info ] cols: 438
14:19:22.359 (0x6308) [info ] cols: 439
14:19:22.382 (0x6308) [info ] cols: 440
14:19:22.415 (0x6308) [info ] cols: 441
14:19:22.457 (0x6308) [info ] cols: 442
14:19:22.484 (0x6308) [info ] cols: 443
14:19:22.535 (0x6308) [info ] cols: 444
14:19:22.574 (0x6308) [info ] cols: 445
14:19:22.613 (0x6308) [info ] cols: 446
14:19:22.658 (0x6308) [info ] cols: 447
14:19:22.693 (0x6308) [info ] cols: 448
14:19:22.734 (0x6308) [info ] cols: 449
14:19:22.773 (0x6308) [info ] cols: 450
14:19:22.823 (0x6308) [info ] cols: 451
14:19:22.904 (0x6308) [info ] cols: 452
14:19:23.140 (0x6308) [info ] cols: 453
14:19:23.243 (0x6308) [info ] cols: 454
14:19:23.286 (0x6308) [info ] cols: 455
14:19:23.331 (0x6308) [info ] cols: 456
14:19:23.378 (0x6308) [info ] cols: 457
14:19:23.431 (0x6308) [info ] cols: 458
14:19:23.502 (0x6308) [info ] cols: 459
14:19:23.540 (0x6308) [info ] cols: 460
14:19:23.580 (0x6308) [info ] cols: 461
14:19:23.624 (0x6308) [info ] cols: 462
14:19:23.667 (0x6308) [info ] cols: 463
14:19:23.726 (0x6308) [info ] cols: 464
14:19:23.771 (0x6308) [info ] cols: 465
14:19:23.813 (0x6308) [info ] cols: 466
14:19:23.857 (0x6308) [info ] cols: 467
14:19:23.908 (0x6308) [info ] cols: 468
14:19:23.959 (0x6308) [info ] cols: 469
14:19:24.011 (0x6308) [info ] cols: 470
14:19:24.039 (0x6308) [info ] cols: 471
14:19:24.079 (0x6308) [info ] cols: 472
14:19:24.119 (0x6308) [info ] cols: 473
14:19:24.160 (0x6308) [info ] cols: 474
14:19:24.209 (0x6308) [info ] cols: 475
14:19:24.241 (0x6308) [info ] cols: 476
14:19:24.276 (0x6308) [info ] cols: 477
14:19:24.313 (0x6308) [info ] cols: 478
14:19:24.358 (0x6308) [info ] cols: 479
14:19:24.386 (0x6308) [info ] cols: 480
14:19:24.424 (0x6308) [info ] cols: 481
14:19:24.460 (0x6308) [info ] cols: 482
14:19:24.495 (0x6308) [info ] cols: 483
14:19:24.531 (0x6308) [info ] cols: 484
14:19:24.566 (0x6308) [info ] cols: 485
14:19:24.607 (0x6308) [info ] cols: 486
14:19:24.640 (0x6308) [info ] cols: 487
14:19:24.684 (0x6308) [info ] cols: 488
14:19:31.761 (0x6308) [info ] cols: 489
14:19:33.532 (0x6308) [info ] cols: 490
14:19:33.838 (0x6308) [info ] cols: 491
14:19:34.085 (0x6308) [info ] cols: 492
14:19:34.154 (0x6308) [info ] cols: 493
14:19:34.432 (0x6308) [info ] cols: 494
14:19:34.726 (0x6308) [info ] cols: 495
14:19:34.981 (0x6308) [info ] cols: 496
14:19:35.031 (0x6308) [info ] cols: 497
14:19:35.241 (0x6308) [info ] cols: 498
14:19:35.291 (0x6308) [info ] cols: 499
14:19:35.494 (0x6308) [info ] cols: 500
14:19:35.547 (0x6308) [info ] cols: 501
14:19:35.755 (0x6308) [info ] cols: 502
14:19:35.810 (0x6308) [info ] cols: 503
14:19:35.848 (0x6308) [info ] cols: 504
14:19:35.909 (0x6308) [info ] cols: 505
14:19:35.983 (0x6308) [info ] cols: 506
14:19:36.026 (0x6308) [info ] cols: 507
14:19:36.073 (0x6308) [info ] cols: 508
14:19:36.131 (0x6308) [info ] cols: 509
14:19:36.237 (0x6308) [info ] cols: 510
14:19:36.282 (0x6308) [info ] cols: 511
14:19:36.332 (0x6308) [info ] cols: 512
14:19:36.401 (0x6308) [info ] cols: 513
14:19:36.522 (0x6308) [info ] cols: 514
14:19:36.588 (0x6308) [info ] cols: 515
14:19:37.276 (0x6308) [info ] cols: 516
14:19:37.316 (0x6308) [info ] cols: 517
14:19:37.357 (0x6308) [info ] cols: 518
14:19:37.397 (0x6308) [info ] cols: 519
14:19:37.437 (0x6308) [info ] cols: 520
14:19:37.478 (0x6308) [info ] cols: 521
14:19:37.537 (0x6308) [info ] cols: 522
14:19:37.576 (0x6308) [info ] cols: 523
14:19:37.615 (0x6308) [info ] cols: 524
14:19:37.660 (0x6308) [info ] cols: 525
14:19:37.693 (0x6308) [info ] cols: 526
14:19:37.733 (0x6308) [info ] cols: 527
14:19:37.790 (0x6308) [info ] cols: 528
14:19:37.827 (0x6308) [info ] cols: 529
14:19:37.863 (0x6308) [info ] cols: 530
14:19:37.907 (0x6308) [info ] cols: 531
14:19:37.936 (0x6308) [info ] cols: 532
14:19:37.973 (0x6308) [info ] cols: 533
14:19:38.026 (0x6308) [info ] cols: 534
14:19:38.083 (0x6308) [info ] cols: 535
14:19:38.121 (0x6308) [info ] cols: 536
14:19:38.159 (0x6308) [info ] cols: 537
14:19:38.197 (0x6308) [info ] cols: 538
14:19:38.236 (0x6308) [info ] cols: 539
14:19:38.274 (0x6308) [info ] cols: 540
14:19:38.323 (0x6308) [info ] cols: 541
14:19:38.357 (0x6308) [info ] cols: 542
14:19:38.389 (0x6308) [info ] cols: 543
14:19:38.422 (0x6308) [info ] cols: 544
14:19:38.457 (0x6308) [info ] cols: 545
14:19:38.487 (0x6308) [info ] cols: 546
14:19:38.521 (0x6308) [info ] cols: 547
14:19:38.558 (0x6308) [info ] cols: 548
14:19:38.593 (0x6308) [info ] cols: 549
14:19:38.629 (0x6308) [info ] cols: 550
14:19:38.665 (0x6308) [info ] cols: 551
14:19:38.707 (0x6308) [info ] cols: 552
14:19:38.736 (0x6308) [info ] cols: 553
14:19:38.775 (0x6308) [info ] cols: 554
14:19:38.810 (0x6308) [info ] cols: 555
14:19:38.843 (0x6308) [info ] cols: 556
14:19:38.876 (0x6308) [info ] cols: 557
14:19:38.911 (0x6308) [info ] cols: 558
14:19:38.944 (0x6308) [info ] cols: 559
14:19:38.978 (0x6308) [info ] cols: 560
14:19:39.013 (0x6308) [info ] cols: 561
14:19:39.047 (0x6308) [info ] cols: 562
14:19:39.082 (0x6308) [info ] cols: 563
14:19:39.117 (0x6308) [info ] cols: 564
14:19:39.160 (0x6308) [info ] cols: 565
14:19:39.188 (0x6308) [info ] cols: 566
14:19:39.224 (0x6308) [info ] cols: 567
14:19:39.260 (0x6308) [info ] cols: 568
14:19:39.308 (0x6308) [info ] cols: 569
14:19:39.335 (0x6308) [info ] cols: 570
14:19:39.373 (0x6308) [info ] cols: 571
14:19:39.410 (0x6308) [info ] cols: 572
14:19:39.457 (0x6308) [info ] cols: 573
14:19:39.486 (0x6308) [info ] cols: 574
14:19:39.525 (0x6308) [info ] cols: 575
14:19:39.565 (0x6308) [info ] cols: 576
14:19:39.620 (0x6308) [info ] cols: 577
14:19:39.660 (0x6308) [info ] cols: 578
14:19:39.708 (0x6308) [info ] cols: 579
14:19:39.740 (0x6308) [info ] cols: 580
14:19:39.781 (0x6308) [info ] cols: 581
14:19:39.823 (0x6308) [info ] cols: 582
14:19:39.864 (0x6308) [info ] cols: 583
14:19:39.909 (0x6308) [info ] cols: 584
14:19:39.946 (0x6308) [info ] cols: 585
14:19:39.984 (0x6308) [info ] cols: 586
14:19:40.022 (0x6308) [info ] cols: 587
14:19:40.060 (0x6308) [info ] cols: 588
14:19:40.107 (0x6308) [info ] cols: 589
14:19:40.137 (0x6308) [info ] cols: 590
14:19:40.184 (0x6308) [info ] cols: 591
14:19:40.233 (0x6308) [info ] cols: 592
14:19:40.271 (0x6308) [info ] cols: 593
14:19:40.310 (0x6308) [info ] cols: 594
14:19:40.359 (0x6308) [info ] cols: 595
14:19:40.389 (0x6308) [info ] cols: 596
14:19:40.429 (0x6308) [info ] cols: 597
14:19:40.468 (0x6308) [info ] cols: 598
14:19:40.527 (0x6308) [info ] cols: 599
14:19:40.570 (0x6308) [info ] cols: 600
14:19:40.612 (0x6308) [info ] cols: 601
14:19:40.659 (0x6308) [info ] cols: 602
14:19:40.709 (0x6308) [info ] cols: 603
14:19:40.743 (0x6308) [info ] cols: 604
14:19:40.814 (0x6308) [info ] cols: 605
14:19:40.859 (0x6308) [info ] cols: 606
14:19:40.890 (0x6308) [info ] cols: 607
14:19:40.927 (0x6308) [info ] cols: 608
14:19:40.965 (0x6308) [info ] cols: 609
14:19:41.011 (0x6308) [info ] cols: 610
14:19:41.040 (0x6308) [info ] cols: 611
14:19:41.096 (0x6308) [info ] cols: 612
14:19:41.130 (0x6308) [info ] cols: 613
14:19:41.162 (0x6308) [info ] cols: 614
14:19:41.195 (0x6308) [info ] cols: 615
14:19:41.227 (0x6308) [info ] cols: 616
14:19:41.261 (0x6308) [info ] cols: 617
14:19:41.294 (0x6308) [info ] cols: 618
14:19:41.336 (0x6308) [info ] cols: 619
14:19:41.368 (0x6308) [info ] cols: 620
14:19:41.407 (0x6308) [info ] cols: 621
14:19:41.432 (0x6308) [info ] cols: 622
14:19:41.465 (0x6308) [info ] cols: 623
14:19:41.497 (0x6308) [info ] cols: 624
14:19:41.530 (0x6308) [info ] cols: 625
14:19:41.563 (0x6308) [info ] cols: 626
14:19:41.596 (0x6308) [info ] cols: 627
14:19:41.628 (0x6308) [info ] cols: 628
14:19:41.661 (0x6308) [info ] cols: 629
14:19:41.695 (0x6308) [info ] cols: 630
14:19:41.729 (0x6308) [info ] cols: 631
14:19:41.764 (0x6308) [info ] cols: 632
14:19:41.808 (0x6308) [info ] cols: 633
14:19:41.838 (0x6308) [info ] cols: 634
14:19:41.876 (0x6308) [info ] cols: 635
14:19:41.915 (0x6308) [info ] cols: 636
14:19:41.959 (0x6308) [info ] cols: 637
14:19:42.008 (0x6308) [info ] cols: 638
14:19:42.046 (0x6308) [info ] cols: 639
14:19:42.094 (0x6308) [info ] cols: 640
14:19:42.144 (0x6308) [info ] cols: 641
14:19:42.199 (0x6308) [info ] cols: 642
14:19:42.260 (0x6308) [info ] cols: 643
14:19:42.318 (0x6308) [info ] cols: 644
14:19:42.383 (0x6308) [info ] cols: 645
14:19:42.450 (0x6308) [info ] cols: 646
14:19:42.519 (0x6308) [info ] cols: 647
14:19:42.590 (0x6308) [info ] cols: 648
14:19:42.664 (0x6308) [info ] cols: 649
14:19:42.740 (0x6308) [info ] cols: 650
14:19:42.820 (0x6308) [info ] cols: 651
14:19:42.903 (0x6308) [info ] cols: 652
14:19:42.988 (0x6308) [info ] cols: 653
14:19:43.079 (0x6308) [info ] cols: 654
14:19:43.173 (0x6308) [info ] cols: 655
14:19:43.278 (0x6308) [info ] cols: 656
14:19:46.136 (0x6308) [info ] cols: 657
14:19:47.131 (0x6308) [info ] cols: 658
14:19:47.690 (0x6308) [info ] cols: 659
14:19:47.822 (0x6308) [info ] cols: 660
14:19:47.969 (0x6308) [info ] cols: 661
14:19:48.180 (0x6308) [info ] cols: 662
14:19:48.361 (0x6308) [info ] cols: 663
14:19:48.567 (0x6308) [info ] cols: 664
14:19:49.249 (0x6308) [info ] cols: 665
14:19:49.312 (0x6308) [info ] cols: 666
14:19:49.378 (0x6308) [info ] cols: 667
14:19:49.444 (0x6308) [info ] cols: 668
14:19:49.532 (0x6308) [info ] cols: 669
14:19:49.579 (0x6308) [info ] cols: 670
14:19:49.628 (0x6308) [info ] cols: 671
14:19:49.676 (0x6308) [info ] cols: 672
14:19:49.725 (0x6308) [info ] cols: 673
14:19:49.787 (0x6308) [info ] cols: 674
14:19:49.847 (0x6308) [info ] cols: 675
14:19:49.908 (0x6308) [info ] cols: 676
14:19:49.970 (0x6308) [info ] cols: 677
14:19:50.033 (0x6308) [info ] cols: 678
14:19:50.121 (0x6308) [info ] cols: 679
14:19:50.205 (0x6308) [info ] cols: 680
14:19:50.287 (0x6308) [info ] cols: 681
14:19:50.348 (0x6308) [info ] cols: 682
14:19:50.411 (0x6308) [info ] cols: 683
14:19:50.474 (0x6308) [info ] cols: 684
14:19:50.539 (0x6308) [info ] cols: 685
14:19:50.603 (0x6308) [info ] cols: 686
14:19:50.668 (0x6308) [info ] cols: 687
14:19:50.760 (0x6308) [info ] cols: 688
14:20:01.871 (0x6308) [info ] cols: 689
14:20:02.154 (0x6308) [info ] cols: 690
14:20:02.301 (0x6308) [info ] cols: 691
14:20:02.407 (0x6308) [info ] cols: 692
14:20:02.454 (0x6308) [info ] cols: 693
14:20:02.508 (0x6308) [info ] cols: 694
14:20:02.562 (0x6308) [info ] cols: 695
14:20:02.618 (0x6308) [info ] cols: 696
14:20:02.687 (0x6308) [info ] cols: 697
14:20:02.732 (0x6308) [info ] cols: 698
14:20:02.773 (0x6308) [info ] cols: 699
14:20:02.815 (0x6308) [info ] cols: 700
14:20:02.859 (0x6308) [info ] cols: 701
14:20:02.909 (0x6308) [info ] cols: 702
14:20:02.946 (0x6308) [info ] cols: 703
14:20:03.010 (0x6308) [info ] cols: 704
14:20:03.069 (0x6308) [info ] cols: 705
14:20:03.126 (0x6308) [info ] cols: 706
14:20:03.186 (0x6308) [info ] cols: 707
14:20:03.282 (0x6308) [info ] cols: 708
14:20:03.322 (0x6308) [info ] cols: 709
14:20:03.365 (0x6308) [info ] cols: 710
14:20:03.409 (0x6308) [info ] cols: 711
14:20:03.457 (0x6308) [info ] cols: 712
14:20:03.528 (0x6308) [info ] cols: 713
14:20:03.758 (0x6308) [info ] cols: 714
14:20:06.658 (0x6308) [info ] cols: 715
14:20:07.846 (0x6308) [info ] cols: 716
14:20:07.964 (0x6308) [info ] cols: 717
14:20:08.200 (0x6308) [info ] cols: 718
14:20:08.491 (0x6308) [info ] cols: 719
14:20:08.754 (0x6308) [info ] cols: 720
14:20:09.026 (0x6308) [info ] cols: 721
14:20:11.776 (0x6308) [debug] qml: [trace]activefalse
14:20:45.193 (0x6308) [debug] qml: [trace]activetrue
14:20:47.349 (0x6308) [debug] qml: [trace]activefalse
14:20:47.921 (0x6308) [debug] qml: [trace]activetrue
14:20:48.584 (0x6308) [debug] qml: [trace]activefalse
14:20:49.098 (0x6308) [debug] qml: [trace]activetrue
14:21:07.242 (0x6308) [info ] cols: 722
14:21:10.804 (0x6308) [info ] cols: 723
14:21:13.363 (0x6308) [info ] cols: 724
14:21:14.423 (0x6308) [info ] cols: 725
14:21:19.108 (0x6308) [info ] cols: 726
14:21:22.090 (0x6308) [info ] cols: 727
14:21:23.062 (0x6308) [info ] cols: 728
14:21:23.192 (0x6308) [info ] cols: 729
14:21:24.918 (0x6308) [info ] cols: 730
14:21:25.039 (0x6308) [info ] cols: 731
14:21:25.117 (0x6308) [info ] cols: 732
14:21:25.188 (0x6308) [info ] cols: 733
14:21:25.289 (0x6308) [info ] cols: 734
14:21:25.584 (0x6308) [info ] cols: 735
14:21:26.238 (0x6308) [info ] cols: 736
14:21:26.302 (0x6308) [info ] cols: 737
14:21:27.918 (0x6308) [info ] cols: 738
14:21:28.580 (0x6308) [info ] cols: 739
14:21:29.511 (0x6308) [info ] cols: 740
14:21:30.146 (0x6308) [info ] cols: 741
14:21:31.809 (0x6308) [info ] cols: 742
14:21:34.674 (0x6308) [info ] cols: 743
14:21:41.473 (0x6308) [info ] cols: 744
14:21:44.320 (0x6308) [info ] cols: 745
14:21:45.558 (0x6308) [info ] cols: 746
14:21:49.507 (0x6308) [info ] cols: 747
14:21:49.907 (0x6308) [info ] cols: 748
14:21:50.118 (0x6308) [info ] cols: 749
14:21:51.313 (0x6308) [info ] cols: 750
14:21:51.842 (0x6308) [info ] cols: 751
14:21:52.000 (0x6308) [info ] cols: 752
14:21:58.608 (0x6308) [info ] cols: 753
14:21:58.821 (0x6308) [info ] cols: 754
14:21:58.909 (0x6308) [info ] cols: 755
14:21:58.987 (0x6308) [info ] cols: 756
14:21:59.660 (0x6308) [info ] cols: 757
14:22:01.604 (0x6308) [info ] cols: 758
14:22:02.746 (0x6308) [info ] cols: 759
14:22:02.960 (0x6308) [info ] cols: 760
14:22:05.056 (0x6308) [info ] cols: 761
14:22:05.316 (0x6308) [info ] cols: 762
14:22:06.189 (0x6308) [info ] cols: 763
14:22:06.354 (0x6308) [info ] cols: 764
14:22:07.323 (0x6308) [info ] cols: 765
14:22:08.879 (0x6308) [info ] cols: 766
14:22:10.059 (0x6308) [info ] cols: 767
14:22:11.346 (0x6308) [info ] cols: 768
14:22:11.561 (0x6308) [info ] cols: 769
14:22:11.744 (0x6308) [info ] cols: 770
14:22:13.041 (0x6308) [info ] cols: 771
14:22:14.388 (0x6308) [info ] cols: 772
14:22:16.815 (0x6308) [info ] cols: 773
14:22:17.868 (0x6308) [info ] cols: 774
14:22:18.028 (0x6308) [info ] cols: 775
14:22:18.621 (0x6308) [info ] cols: 776
14:22:26.187 (0x6308) [info ] cols: 777
14:22:28.033 (0x6308) [info ] cols: 778
14:22:28.176 (0x6308) [info ] cols: 779
14:22:28.310 (0x6308) [info ] cols: 780
14:22:29.873 (0x6308) [info ] cols: 781
14:22:33.156 (0x6308) [info ] cols: 782
14:22:33.312 (0x6308) [info ] cols: 783
14:22:33.460 (0x6308) [info ] cols: 784
14:22:34.384 (0x6308) [info ] cols: 785
14:22:34.549 (0x6308) [info ] cols: 786
14:22:34.708 (0x6308) [info ] cols: 787
14:22:34.835 (0x6308) [info ] cols: 788
14:22:34.964 (0x6308) [info ] cols: 789
14:22:35.581 (0x6308) [info ] cols: 790
14:22:35.679 (0x6308) [info ] cols: 791
14:22:36.701 (0x6308) [info ] cols: 792
14:22:38.415 (0x6308) [info ] cols: 793
14:23:13.561 (0x6308) [debug] onWidgetMouseWheel is running 

14:23:13.617 (0x6308) [debug] onWidgetMouseWheel is running 

14:23:14.423 (0x6308) [debug] onWidgetMouseWheel is running 

14:23:14.512 (0x6308) [debug] onWidgetMouseWheel is running 

14:23:14.519 (0x6308) [debug] onWidgetMouseWheel is running 

14:23:14.793 (0x6308) [debug] onWidgetMouseWheel is running 

14:23:14.818 (0x6308) [debug] onWidgetMouseWheel is running 

14:23:14.850 (0x6308) [debug] onWidgetMouseWheel is running 

14:23:15.089 (0x6308) [debug] onWidgetMouseWheel is running 

14:23:15.106 (0x6308) [debug] onWidgetMouseWheel is running 

14:23:15.129 (0x6308) [debug] onWidgetMouseWheel is running 

14:23:15.166 (0x6308) [debug] onWidgetMouseWheel is running 

14:23:15.505 (0x6308) [debug] onWidgetMouseWheel is running 

14:23:15.530 (0x6308) [debug] onWidgetMouseWheel is running 

14:23:15.548 (0x6308) [debug] onWidgetMouseWheel is running 

14:23:15.585 (0x6308) [debug] onWidgetMouseWheel is running 

14:23:15.833 (0x6308) [debug] onWidgetMouseWheel is running 

14:23:15.865 (0x6308) [debug] onWidgetMouseWheel is running 

14:23:15.881 (0x6308) [debug] onWidgetMouseWheel is running 

14:23:15.906 (0x6308) [debug] onWidgetMouseWheel is running 

14:23:17.699 (0x6308) [debug] qml: [trace]activefalse
14:24:37.484 (0x6308) [trace] qml:
14:24:38.412 (0x6308) [info ] ----- msAppExit: 19167411.017800, 00:31:56.17251411
14:24:38.413 (0x6308) [info ] app running: 346993.330800, 00:00:34.312993
14:24:38.413 (0x6308) [info ] app return: 0
14:24:38.413 (0x6308) [info ] ----- App exit ------
16:54:07.613 (0x3038) [info ]
16:54:07.618 (0x3038) [info ] ----- App init ------
16:54:07.619 (0x3038) [info ] SerialPortDemo V1.0.0.0, compiled at Wed Apr 12 09:22:44 2023
16:54:07.619 (0x3038) [info ] Exe file: E:/BaiduSyncdisk/SACAR/SerialPortForHeard/SerialPortForHeard/SerialPortForHeard/SerialPortForHeard-Debug/SerialPortDemo/debug/SerialPortDemo.exe
16:54:07.619 (0x3038) [info ] App path: E:/BaiduSyncdisk/SACAR/SerialPortForHeard/SerialPortForHeard/SerialPortForHeard/SerialPortForHeard-Debug/SerialPortDemo
16:54:07.620 (0x3038) [info ] Check chinese support: 012汉字abc
16:54:07.620 (0x3038) [info ] ----- msAppInit: 1832639.058200, 00:03:03.1649639
16:54:07.620 (0x3038) [info ] [trace] --- FuncEntry
16:54:07.621 (0x3038) [info ] [trace]012汉字abc 
16:54:07.621 (0x3038) [info ] qInfo
16:54:07.621 (0x3038) [info ] qDebug
16:54:07.622 (0x3038) [info ] qWanging
16:54:07.622 (0x3038) [info ] QCritical
16:54:07.622 (0x3038) [info ] call getMs() 1000 times, 0.028300 ms
16:54:07.628 (0x3038) [info ] 1-1
16:54:07.629 (0x3038) [info ] 1-2
16:54:07.629 (0x3038) [info ] 2-1,汉字
16:54:07.629 (0x3038) [info ] 2-2,汉字
16:54:07.630 (0x3038) [info ] 1
16:54:07.630 (0x3038) [info ] 12345678901234
16:54:07.630 (0x3038) [info ] 12345679020032.0000000000000000
16:54:07.630 (0x3038) [info ] 12345678901234567168.00000000000000000000000000000000
16:54:07.634 (0x3038) [debug] SlBase::add( 3 + 4 ) = 7
16:54:07.635 (0x3038) [debug] SlBase::getTime() = 2023-04-28 16:54:07.635
16:54:07.635 (0x3038) [info ] [trace] --- FuncExit, 14.639 ms
16:54:08.889 (0x3038) [warn ] qrc:/qml/BottomMain.qml:12:5: QML Rectangle: Detected anchors on an item that is managed by a layout. This is undefined behavior; use Layout.alignment instead.
16:54:09.029 (0x3038) [warn ] file:///D:/Qt/Qt5.14.2/5.14.2/msvc2017_64/qml/QtQuick/Dialogs/DefaultFileDialog.qml:102:33: QML Settings: Failed to initialize QSettings instance. Status code is: 1
16:54:09.030 (0x3038) [warn ] file:///D:/Qt/Qt5.14.2/5.14.2/msvc2017_64/qml/QtQuick/Dialogs/DefaultFileDialog.qml:102:33: QML Settings: The following application identifiers have not been set: QVector("organizationName", "organizationDomain")
16:54:09.226 (0x3038) [debug] Name :  "COM5"
16:54:09.229 (0x3038) [debug] Name :  "COM4"
16:54:09.229 (0x3038) [debug] Name :  "COM1"
16:54:09.230 (0x3038) [debug] Name :  "COM2"
16:54:09.230 (0x3038) [debug] Name :  "COM3"
16:54:09.231 (0x3038) [debug] Name :  "COM6"
16:54:09.270 (0x3038) [warn ] qrc:/qml/basic/ComboBox.qml:9: ReferenceError: combobox_implicit_width is not defined
16:54:09.294 (0x3038) [debug] qml: [trace]activetrue
16:54:10.849 (0x3038) [trace] qml:
16:54:10.884 (0x3038) [info ] ----- msAppExit: 1835909.617600, 00:03:03.1652909
16:54:10.884 (0x3038) [info ] app running: 3270.559400, 00:00:00.3270
16:54:10.885 (0x3038) [info ] app return: 0
16:54:10.885 (0x3038) [info ] ----- App exit ------
17:00:51.810 (0x0d00) [info ]
17:00:51.812 (0x0d00) [info ] ----- App init ------
17:00:51.812 (0x0d00) [info ] SerialPortDemo V1.0.0.0, compiled at Wed Apr 12 09:22:44 2023
17:00:51.812 (0x0d00) [info ] Exe file: E:/BaiduSyncdisk/SACAR/SerialPortForHeard/SerialPortForHeard/SerialPortForHeard/SerialPortForHeard-Debug/SerialPortDemo/debug/SerialPortDemo.exe
17:00:51.813 (0x0d00) [info ] App path: E:/BaiduSyncdisk/SACAR/SerialPortForHeard/SerialPortForHeard/SerialPortForHeard/SerialPortForHeard-Debug/SerialPortDemo
17:00:51.813 (0x0d00) [info ] Check chinese support: 012汉字abc
17:00:51.813 (0x0d00) [info ] ----- msAppInit: 2236835.155300, 00:03:43.2013835
17:00:51.814 (0x0d00) [info ] [trace] --- FuncEntry
17:00:51.814 (0x0d00) [info ] [trace]012汉字abc 
17:00:51.814 (0x0d00) [info ] qInfo
17:00:51.814 (0x0d00) [info ] qDebug
17:00:51.815 (0x0d00) [info ] qWanging
17:00:51.815 (0x0d00) [info ] QCritical
17:00:51.815 (0x0d00) [info ] call getMs() 1000 times, 0.028500 ms
17:00:51.820 (0x0d00) [info ] 1-1
17:00:51.820 (0x0d00) [info ] 1-2
17:00:51.821 (0x0d00) [info ] 2-1,汉字
17:00:51.821 (0x0d00) [info ] 2-2,汉字
17:00:51.821 (0x0d00) [info ] 1
17:00:51.821 (0x0d00) [info ] 12345678901234
17:00:51.822 (0x0d00) [info ] 12345679020032.0000000000000000
17:00:51.822 (0x0d00) [info ] 12345678901234567168.00000000000000000000000000000000
17:00:51.826 (0x0d00) [debug] SlBase::add( 3 + 4 ) = 7
17:00:51.826 (0x0d00) [debug] SlBase::getTime() = 2023-04-28 17:00:51.826
17:00:51.827 (0x0d00) [info ] [trace] --- FuncExit, 13.082 ms
17:00:52.963 (0x0d00) [warn ] qrc:/qml/BottomMain.qml:12:5: QML Rectangle: Detected anchors on an item that is managed by a layout. This is undefined behavior; use Layout.alignment instead.
17:00:53.055 (0x0d00) [warn ] file:///D:/Qt/Qt5.14.2/5.14.2/msvc2017_64/qml/QtQuick/Dialogs/DefaultFileDialog.qml:102:33: QML Settings: Failed to initialize QSettings instance. Status code is: 1
17:00:53.056 (0x0d00) [warn ] file:///D:/Qt/Qt5.14.2/5.14.2/msvc2017_64/qml/QtQuick/Dialogs/DefaultFileDialog.qml:102:33: QML Settings: The following application identifiers have not been set: QVector("organizationName", "organizationDomain")
17:00:53.236 (0x0d00) [debug] Name :  "COM5"
17:00:53.237 (0x0d00) [debug] Name :  "COM4"
17:00:53.237 (0x0d00) [debug] Name :  "COM1"
17:00:53.238 (0x0d00) [debug] Name :  "COM2"
17:00:53.238 (0x0d00) [debug] Name :  "COM3"
17:00:53.239 (0x0d00) [debug] Name :  "COM6"
17:00:53.277 (0x0d00) [warn ] qrc:/qml/basic/ComboBox.qml:9: ReferenceError: combobox_implicit_width is not defined
17:00:53.302 (0x0d00) [debug] qml: [trace]activetrue
17:00:56.004 (0x0d00) [trace] qml:
17:00:56.040 (0x0d00) [info ] ----- msAppExit: 2241065.684800, 00:03:44.2017065
17:00:56.041 (0x0d00) [info ] app running: 4230.529500, 00:00:00.4230
17:00:56.041 (0x0d00) [info ] app return: 0
17:00:56.041 (0x0d00) [info ] ----- App exit ------
