11:10:36.402 (0x5ba4) [info ]
11:10:36.404 (0x5ba4) [info ] ----- App init ------
11:10:36.405 (0x5ba4) [info ] SerialPortDemo V1.0.0.0, compiled at Wed Apr 12 09:22:44 2023
11:10:36.405 (0x5ba4) [info ] Exe file: E:/BaiduSyncdisk/SACAR/SerialPortForHeard/SerialPortForHeard/SerialPortForHeard/SerialPortForHeard-Debug/SerialPortDemo/debug/SerialPortDemo.exe
11:10:36.405 (0x5ba4) [info ] App path: E:/BaiduSyncdisk/SACAR/SerialPortForHeard/SerialPortForHeard/SerialPortForHeard/SerialPortForHeard-Debug/SerialPortDemo
11:10:36.405 (0x5ba4) [info ] Check chinese support: 012汉字abc
11:10:36.405 (0x5ba4) [info ] ----- msAppInit: 250094808.765700, 06:56:41.225093808
11:10:36.406 (0x5ba4) [info ] [trace] --- FuncEntry
11:10:36.406 (0x5ba4) [info ] [trace]012汉字abc 
11:10:36.407 (0x5ba4) [info ] qInfo
11:10:36.407 (0x5ba4) [info ] qDebug
11:10:36.407 (0x5ba4) [info ] qWanging
11:10:36.408 (0x5ba4) [info ] QCritical
11:10:36.408 (0x5ba4) [info ] call getMs() 1000 times, 0.034100 ms
11:10:36.416 (0x5ba4) [info ] 1-1
11:10:36.417 (0x5ba4) [info ] 1-2
11:10:36.417 (0x5ba4) [info ] 2-1,汉字
11:10:36.417 (0x5ba4) [info ] 2-2,汉字
11:10:36.418 (0x5ba4) [info ] 1
11:10:36.418 (0x5ba4) [info ] 12345678901234
11:10:36.418 (0x5ba4) [info ] 12345679020032.0000000000000000
11:10:36.419 (0x5ba4) [info ] 12345678901234567168.00000000000000000000000000000000
11:10:36.423 (0x5ba4) [debug] SlBase::add( 3 + 4 ) = 7
11:10:36.424 (0x5ba4) [debug] SlBase::getTime() = 2023-04-26 11:10:36.424
11:10:36.424 (0x5ba4) [info ] [trace] --- FuncExit, 17.9853 ms
11:10:37.561 (0x5ba4) [warn ] Both point size and pixel size set. Using pixel size.
11:10:38.186 (0x5ba4) [warn ] qrc:/qml/BottomMain.qml:12:5: QML Rectangle: Detected anchors on an item that is managed by a layout. This is undefined behavior; use Layout.alignment instead.
11:10:38.420 (0x5ba4) [warn ] file:///D:/Qt/Qt5.14.2/5.14.2/msvc2017_64/qml/QtQuick/Dialogs/DefaultFileDialog.qml:102:33: QML Settings: Failed to initialize QSettings instance. Status code is: 1
11:10:38.421 (0x5ba4) [warn ] file:///D:/Qt/Qt5.14.2/5.14.2/msvc2017_64/qml/QtQuick/Dialogs/DefaultFileDialog.qml:102:33: QML Settings: The following application identifiers have not been set: QVector("organizationName", "organizationDomain")
11:10:38.557 (0x5ba4) [debug] Name :  "COM5"
11:10:38.560 (0x5ba4) [debug] Name :  "COM4"
11:10:38.560 (0x5ba4) [debug] Name :  "COM1"
11:10:38.561 (0x5ba4) [debug] Name :  "COM2"
11:10:38.562 (0x5ba4) [debug] Name :  "COM3"
11:10:38.562 (0x5ba4) [debug] Name :  "COM6"
11:10:38.640 (0x5ba4) [warn ] qrc:/qml/basic/ComboBox.qml:9: ReferenceError: combobox_implicit_width is not defined
11:10:38.688 (0x5ba4) [debug] qml: [trace]activetrue
11:10:46.343 (0x5ba4) [trace] qml:
11:10:46.415 (0x5ba4) [info ] ----- msAppExit: 250104821.251600, 06:56:42.225102821
11:10:46.415 (0x5ba4) [info ] app running: 10012.485900, 00:00:01.9012
11:10:46.416 (0x5ba4) [info ] app return: 0
11:10:46.416 (0x5ba4) [info ] ----- App exit ------
14:41:43.857 (0x44e0) [info ]
14:41:43.858 (0x44e0) [info ] ----- App init ------
14:41:43.858 (0x44e0) [info ] SerialPortDemo V1.0.0.0, compiled at Wed Apr 12 09:22:44 2023
14:41:43.858 (0x44e0) [info ] Exe file: E:/BaiduSyncdisk/SACAR/SerialPortForHeard/SerialPortForHeard/SerialPortForHeard/SerialPortForHeard-Debug/SerialPortDemo/debug/SerialPortDemo.exe
14:41:43.859 (0x44e0) [info ] App path: E:/BaiduSyncdisk/SACAR/SerialPortForHeard/SerialPortForHeard/SerialPortForHeard/SerialPortForHeard-Debug/SerialPortDemo
14:41:43.859 (0x44e0) [info ] Check chinese support: 012汉字abc
14:41:43.859 (0x44e0) [info ] ----- msAppInit: 262760394.960000, 07:17:48.236492394
14:41:43.860 (0x44e0) [info ] [trace] --- FuncEntry
14:41:43.860 (0x44e0) [info ] [trace]012汉字abc 
14:41:43.860 (0x44e0) [info ] qInfo
14:41:43.861 (0x44e0) [info ] qDebug
14:41:43.861 (0x44e0) [info ] qWanging
14:41:43.861 (0x44e0) [info ] QCritical
14:41:43.861 (0x44e0) [info ] call getMs() 1000 times, 0.029100 ms
14:41:43.866 (0x44e0) [info ] 1-1
14:41:43.866 (0x44e0) [info ] 1-2
14:41:43.867 (0x44e0) [info ] 2-1,汉字
14:41:43.867 (0x44e0) [info ] 2-2,汉字
14:41:43.867 (0x44e0) [info ] 1
14:41:43.868 (0x44e0) [info ] 12345678901234
14:41:43.868 (0x44e0) [info ] 12345679020032.0000000000000000
14:41:43.868 (0x44e0) [info ] 12345678901234567168.00000000000000000000000000000000
14:41:43.872 (0x44e0) [debug] SlBase::add( 3 + 4 ) = 7
14:41:43.872 (0x44e0) [debug] SlBase::getTime() = 2023-04-26 14:41:43.872
14:41:43.873 (0x44e0) [info ] [trace] --- FuncExit, 11.9393 ms
14:41:44.024 (0x44e0) [warn ] QQmlApplicationEngine failed to load component
14:41:44.024 (0x44e0) [warn ] qrc:/qml/main.qml:23:5: Type MainPage unavailable
14:41:44.025 (0x44e0) [warn ] qrc:/qml/MainPage.qml:41:9: Type TopMain unavailable
14:41:44.025 (0x44e0) [warn ] qrc:/qml/TopMain.qml:77:1: Expected token `}'
14:41:44.025 (0x44e0) [info ] ----- msAppExit: 262760563.969800, 07:17:48.236492563
14:41:44.026 (0x44e0) [info ] app running: 169.009800, 00:00:00.169
14:41:44.026 (0x44e0) [info ] app return: -1
14:41:44.026 (0x44e0) [info ] ----- App exit ------
14:42:22.213 (0x0cf0) [info ]
14:42:22.214 (0x0cf0) [info ] ----- App init ------
14:42:22.215 (0x0cf0) [info ] SerialPortDemo V1.0.0.0, compiled at Wed Apr 12 09:22:44 2023
14:42:22.215 (0x0cf0) [info ] Exe file: E:/BaiduSyncdisk/SACAR/SerialPortForHeard/SerialPortForHeard/SerialPortForHeard/SerialPortForHeard-Debug/SerialPortDemo/debug/SerialPortDemo.exe
14:42:22.215 (0x0cf0) [info ] App path: E:/BaiduSyncdisk/SACAR/SerialPortForHeard/SerialPortForHeard/SerialPortForHeard/SerialPortForHeard-Debug/SerialPortDemo
14:42:22.215 (0x0cf0) [info ] Check chinese support: 012汉字abc
14:42:22.216 (0x0cf0) [info ] ----- msAppInit: 262798750.900600, 07:17:51.236527750
14:42:22.216 (0x0cf0) [info ] [trace] --- FuncEntry
14:42:22.216 (0x0cf0) [info ] [trace]012汉字abc 
14:42:22.217 (0x0cf0) [info ] qInfo
14:42:22.217 (0x0cf0) [info ] qDebug
14:42:22.217 (0x0cf0) [info ] qWanging
14:42:22.217 (0x0cf0) [info ] QCritical
14:42:22.218 (0x0cf0) [info ] call getMs() 1000 times, 0.029800 ms
14:42:22.222 (0x0cf0) [info ] 1-1
14:42:22.222 (0x0cf0) [info ] 1-2
14:42:22.222 (0x0cf0) [info ] 2-1,汉字
14:42:22.223 (0x0cf0) [info ] 2-2,汉字
14:42:22.223 (0x0cf0) [info ] 1
14:42:22.223 (0x0cf0) [info ] 12345678901234
14:42:22.223 (0x0cf0) [info ] 12345679020032.0000000000000000
14:42:22.224 (0x0cf0) [info ] 12345678901234567168.00000000000000000000000000000000
14:42:22.227 (0x0cf0) [debug] SlBase::add( 3 + 4 ) = 7
14:42:22.227 (0x0cf0) [debug] SlBase::getTime() = 2023-04-26 14:42:22.227
14:42:22.228 (0x0cf0) [info ] [trace] --- FuncExit, 11.5903 ms
14:42:22.598 (0x0cf0) [warn ] QQmlApplicationEngine failed to load component
14:42:22.598 (0x0cf0) [warn ] qrc:/qml/main.qml:23:5: Type MainPage unavailable
14:42:22.598 (0x0cf0) [warn ] qrc:/qml/MainPage.qml:41:9: Type TopMain unavailable
14:42:22.599 (0x0cf0) [warn ] qrc:/qml/TopMain.qml:51:9: Cannot assign object to list property "children"
14:42:22.599 (0x0cf0) [info ] ----- msAppExit: 262799138.043500, 07:17:52.236527138
14:42:22.600 (0x0cf0) [info ] app running: 387.142900, 00:00:00.387
14:42:22.600 (0x0cf0) [info ] app return: -1
14:42:22.600 (0x0cf0) [info ] ----- App exit ------
14:42:37.440 (0x1d30) [info ]
14:42:37.441 (0x1d30) [info ] ----- App init ------
14:42:37.442 (0x1d30) [info ] SerialPortDemo V1.0.0.0, compiled at Wed Apr 12 09:22:44 2023
14:42:37.442 (0x1d30) [info ] Exe file: E:/BaiduSyncdisk/SACAR/SerialPortForHeard/SerialPortForHeard/SerialPortForHeard/SerialPortForHeard-Debug/SerialPortDemo/debug/SerialPortDemo.exe
14:42:37.442 (0x1d30) [info ] App path: E:/BaiduSyncdisk/SACAR/SerialPortForHeard/SerialPortForHeard/SerialPortForHeard/SerialPortForHeard-Debug/SerialPortDemo
14:42:37.442 (0x1d30) [info ] Check chinese support: 012汉字abc
14:42:37.443 (0x1d30) [info ] ----- msAppInit: 262813977.999000, 07:17:53.236540977
14:42:37.443 (0x1d30) [info ] [trace] --- FuncEntry
14:42:37.443 (0x1d30) [info ] [trace]012汉字abc 
14:42:37.444 (0x1d30) [info ] qInfo
14:42:37.444 (0x1d30) [info ] qDebug
14:42:37.444 (0x1d30) [info ] qWanging
14:42:37.444 (0x1d30) [info ] QCritical
14:42:37.445 (0x1d30) [info ] call getMs() 1000 times, 0.030500 ms
14:42:37.449 (0x1d30) [info ] 1-1
14:42:37.450 (0x1d30) [info ] 1-2
14:42:37.450 (0x1d30) [info ] 2-1,汉字
14:42:37.450 (0x1d30) [info ] 2-2,汉字
14:42:37.451 (0x1d30) [info ] 1
14:42:37.451 (0x1d30) [info ] 12345678901234
14:42:37.451 (0x1d30) [info ] 12345679020032.0000000000000000
14:42:37.451 (0x1d30) [info ] 12345678901234567168.00000000000000000000000000000000
14:42:37.454 (0x1d30) [debug] SlBase::add( 3 + 4 ) = 7
14:42:37.455 (0x1d30) [debug] SlBase::getTime() = 2023-04-26 14:42:37.455
14:42:37.455 (0x1d30) [info ] [trace] --- FuncExit, 12.2151 ms
14:42:37.820 (0x1d30) [warn ] QQmlApplicationEngine failed to load component
14:42:37.821 (0x1d30) [warn ] qrc:/qml/main.qml:23:5: Type MainPage unavailable
14:42:37.821 (0x1d30) [warn ] qrc:/qml/MainPage.qml:102:9: Type RightMain unavailable
14:42:37.822 (0x1d30) [warn ] qrc:/qml/RightMain.qml:101:1: Expected token `}'
14:42:37.823 (0x1d30) [info ] ----- msAppExit: 262814360.974800, 07:17:53.236541360
14:42:37.823 (0x1d30) [info ] app running: 382.975800, 00:00:00.382
14:42:37.823 (0x1d30) [info ] app return: -1
14:42:37.823 (0x1d30) [info ] ----- App exit ------
14:42:52.345 (0x3514) [info ]
14:42:52.346 (0x3514) [info ] ----- App init ------
14:42:52.347 (0x3514) [info ] SerialPortDemo V1.0.0.0, compiled at Wed Apr 12 09:22:44 2023
14:42:52.347 (0x3514) [info ] Exe file: E:/BaiduSyncdisk/SACAR/SerialPortForHeard/SerialPortForHeard/SerialPortForHeard/SerialPortForHeard-Debug/SerialPortDemo/debug/SerialPortDemo.exe
14:42:52.347 (0x3514) [info ] App path: E:/BaiduSyncdisk/SACAR/SerialPortForHeard/SerialPortForHeard/SerialPortForHeard/SerialPortForHeard-Debug/SerialPortDemo
14:42:52.348 (0x3514) [info ] Check chinese support: 012汉字abc
14:42:52.348 (0x3514) [info ] ----- msAppInit: 262828882.632600, 07:17:55.236553882
14:42:52.348 (0x3514) [info ] [trace] --- FuncEntry
14:42:52.349 (0x3514) [info ] [trace]012汉字abc 
14:42:52.349 (0x3514) [info ] qInfo
14:42:52.349 (0x3514) [info ] qDebug
14:42:52.349 (0x3514) [info ] qWanging
14:42:52.350 (0x3514) [info ] QCritical
14:42:52.350 (0x3514) [info ] call getMs() 1000 times, 0.029100 ms
14:42:52.354 (0x3514) [info ] 1-1
14:42:52.354 (0x3514) [info ] 1-2
14:42:52.354 (0x3514) [info ] 2-1,汉字
14:42:52.354 (0x3514) [info ] 2-2,汉字
14:42:52.355 (0x3514) [info ] 1
14:42:52.355 (0x3514) [info ] 12345678901234
14:42:52.355 (0x3514) [info ] 12345679020032.0000000000000000
14:42:52.355 (0x3514) [info ] 12345678901234567168.00000000000000000000000000000000
14:42:52.359 (0x3514) [debug] SlBase::add( 3 + 4 ) = 7
14:42:52.359 (0x3514) [debug] SlBase::getTime() = 2023-04-26 14:42:52.359
14:42:52.359 (0x3514) [info ] [trace] --- FuncExit, 11.1239 ms
14:42:53.117 (0x3514) [warn ] Both point size and pixel size set. Using pixel size.
14:42:53.485 (0x3514) [warn ] qrc:/qml/BottomMain.qml:12:5: QML Rectangle: Detected anchors on an item that is managed by a layout. This is undefined behavior; use Layout.alignment instead.
14:42:53.588 (0x3514) [warn ] file:///D:/Qt/Qt5.14.2/5.14.2/msvc2017_64/qml/QtQuick/Dialogs/DefaultFileDialog.qml:102:33: QML Settings: Failed to initialize QSettings instance. Status code is: 1
14:42:53.589 (0x3514) [warn ] file:///D:/Qt/Qt5.14.2/5.14.2/msvc2017_64/qml/QtQuick/Dialogs/DefaultFileDialog.qml:102:33: QML Settings: The following application identifiers have not been set: QVector("organizationName", "organizationDomain")
14:42:53.792 (0x3514) [debug] Name :  "COM5"
14:42:53.792 (0x3514) [debug] Name :  "COM11"
14:42:53.792 (0x3514) [debug] Name :  "COM4"
14:42:53.793 (0x3514) [debug] Name :  "COM1"
14:42:53.793 (0x3514) [debug] Name :  "COM2"
14:42:53.794 (0x3514) [debug] Name :  "COM3"
14:42:53.794 (0x3514) [debug] Name :  "COM6"
14:42:53.837 (0x3514) [warn ] qrc:/qml/basic/ComboBox.qml:9: ReferenceError: combobox_implicit_width is not defined
14:42:53.859 (0x3514) [debug] qml: [trace]activetrue
14:42:56.394 (0x3514) [debug] false
14:42:56.394 (0x3514) [debug]  openPort is working 
14:42:56.398 (0x3514) [debug] "COM11" 115200 QSerialPort::Data8 QSerialPort::NoParity QSerialPort::OneStop
14:42:57.563 (0x3514) [debug] "14:42:57.563 0 frames received, 32 bytes ignored"
14:42:57.736 (0x3514) [info ] cols: 2
14:42:57.739 (0x3514) [info ] cols: 3
14:42:58.182 (0x3514) [info ] cols: 4
14:42:58.292 (0x3514) [info ] cols: 5
14:42:58.458 (0x3514) [info ] cols: 6
14:42:58.513 (0x3514) [info ] cols: 7
14:42:58.566 (0x3514) [info ] cols: 8
14:42:58.626 (0x3514) [info ] cols: 9
14:42:58.701 (0x3514) [info ] cols: 10
14:42:58.750 (0x3514) [info ] cols: 11
14:42:58.801 (0x3514) [info ] cols: 12
14:42:58.854 (0x3514) [info ] cols: 13
14:42:58.916 (0x3514) [info ] cols: 14
14:42:58.967 (0x3514) [info ] cols: 15
14:42:59.017 (0x3514) [info ] cols: 16
14:42:59.068 (0x3514) [info ] cols: 17
14:42:59.121 (0x3514) [info ] cols: 18
14:42:59.176 (0x3514) [info ] cols: 19
14:42:59.219 (0x3514) [info ] cols: 20
14:42:59.272 (0x3514) [info ] cols: 21
14:42:59.326 (0x3514) [info ] cols: 22
14:42:59.381 (0x3514) [info ] cols: 23
14:42:59.434 (0x3514) [info ] cols: 24
14:42:59.480 (0x3514) [info ] cols: 25
14:42:59.527 (0x3514) [info ] cols: 26
14:42:59.574 (0x3514) [info ] cols: 27
14:42:59.622 (0x3514) [info ] cols: 28
14:42:59.672 (0x3514) [info ] cols: 29
14:42:59.718 (0x3514) [info ] cols: 30
14:42:59.752 (0x3514) [info ] cols: 31
14:42:59.793 (0x3514) [info ] cols: 32
14:42:59.833 (0x3514) [info ] cols: 33
14:42:59.874 (0x3514) [info ] cols: 34
14:42:59.919 (0x3514) [info ] cols: 35
14:42:59.970 (0x3514) [info ] cols: 36
14:43:00.005 (0x3514) [info ] cols: 37
14:43:00.072 (0x3514) [info ] cols: 38
14:43:00.122 (0x3514) [info ] cols: 39
14:43:00.184 (0x3514) [info ] cols: 40
14:43:00.247 (0x3514) [info ] cols: 41
14:43:00.301 (0x3514) [info ] cols: 42
14:43:00.344 (0x3514) [info ] cols: 43
14:43:00.386 (0x3514) [info ] cols: 44
14:43:00.429 (0x3514) [info ] cols: 45
14:43:00.474 (0x3514) [info ] cols: 46
14:43:00.519 (0x3514) [info ] cols: 47
14:43:00.567 (0x3514) [info ] cols: 48
14:43:00.619 (0x3514) [info ] cols: 49
14:43:00.672 (0x3514) [info ] cols: 50
14:43:00.731 (0x3514) [info ] cols: 51
14:43:00.792 (0x3514) [info ] cols: 52
14:43:00.842 (0x3514) [info ] cols: 53
14:43:00.883 (0x3514) [info ] cols: 54
14:43:00.925 (0x3514) [info ] cols: 55
14:43:00.969 (0x3514) [info ] cols: 56
14:43:01.019 (0x3514) [info ] cols: 57
14:43:01.067 (0x3514) [info ] cols: 58
14:43:01.104 (0x3514) [info ] cols: 59
14:43:01.144 (0x3514) [info ] cols: 60
14:43:01.185 (0x3514) [info ] cols: 61
14:43:01.228 (0x3514) [info ] cols: 62
14:43:01.269 (0x3514) [info ] cols: 63
14:43:01.315 (0x3514) [info ] cols: 64
14:43:01.355 (0x3514) [info ] cols: 65
14:43:01.390 (0x3514) [info ] cols: 66
14:43:01.428 (0x3514) [info ] cols: 67
14:43:01.466 (0x3514) [info ] cols: 68
14:43:01.503 (0x3514) [info ] cols: 69
14:43:01.542 (0x3514) [info ] cols: 70
14:43:01.581 (0x3514) [info ] cols: 71
14:43:01.626 (0x3514) [info ] cols: 72
14:43:01.673 (0x3514) [info ] cols: 73
14:43:01.721 (0x3514) [info ] cols: 74
14:43:01.770 (0x3514) [info ] cols: 75
14:43:01.822 (0x3514) [info ] cols: 76
14:43:01.866 (0x3514) [info ] cols: 77
14:43:01.899 (0x3514) [info ] cols: 78
14:43:01.937 (0x3514) [info ] cols: 79
14:43:01.974 (0x3514) [info ] cols: 80
14:43:02.016 (0x3514) [info ] cols: 81
14:43:02.051 (0x3514) [info ] cols: 82
14:43:02.102 (0x3514) [info ] cols: 83
14:43:02.153 (0x3514) [info ] cols: 84
14:43:02.205 (0x3514) [info ] cols: 85
14:43:02.267 (0x3514) [info ] cols: 86
14:43:02.318 (0x3514) [info ] cols: 87
14:43:02.351 (0x3514) [info ] cols: 88
14:43:02.395 (0x3514) [info ] cols: 89
14:43:02.440 (0x3514) [info ] cols: 90
14:43:02.486 (0x3514) [info ] cols: 91
14:43:02.532 (0x3514) [info ] cols: 92
14:43:02.573 (0x3514) [info ] cols: 93
14:43:02.618 (0x3514) [info ] cols: 94
14:43:02.669 (0x3514) [info ] cols: 95
14:43:02.704 (0x3514) [info ] cols: 96
14:43:02.748 (0x3514) [info ] cols: 97
14:43:02.794 (0x3514) [info ] cols: 98
14:43:02.839 (0x3514) [info ] cols: 99
14:43:02.891 (0x3514) [info ] cols: 100
14:43:02.952 (0x3514) [info ] cols: 101
14:43:03.016 (0x3514) [info ] cols: 102
14:43:03.077 (0x3514) [info ] cols: 103
14:43:03.140 (0x3514) [info ] cols: 104
14:43:03.217 (0x3514) [info ] cols: 105
14:43:03.748 (0x3514) [info ] cols: 106
14:43:03.806 (0x3514) [info ] cols: 107
14:43:03.910 (0x3514) [info ] cols: 108
14:43:04.024 (0x3514) [info ] cols: 109
14:43:04.074 (0x3514) [info ] cols: 110
14:43:04.123 (0x3514) [info ] cols: 111
14:43:04.174 (0x3514) [info ] cols: 112
14:43:04.226 (0x3514) [info ] cols: 113
14:43:04.279 (0x3514) [info ] cols: 114
14:43:04.343 (0x3514) [info ] cols: 115
14:43:04.394 (0x3514) [info ] cols: 116
14:43:04.448 (0x3514) [info ] cols: 117
14:43:04.501 (0x3514) [info ] cols: 118
14:43:04.566 (0x3514) [info ] cols: 119
14:43:04.616 (0x3514) [info ] cols: 120
14:43:04.667 (0x3514) [info ] cols: 121
14:43:04.717 (0x3514) [info ] cols: 122
14:43:04.768 (0x3514) [info ] cols: 123
14:43:04.817 (0x3514) [info ] cols: 124
14:43:04.859 (0x3514) [info ] cols: 125
14:43:04.916 (0x3514) [info ] cols: 126
14:43:04.965 (0x3514) [info ] cols: 127
14:43:05.018 (0x3514) [info ] cols: 128
14:43:05.075 (0x3514) [info ] cols: 129
14:43:05.121 (0x3514) [info ] cols: 130
14:43:05.167 (0x3514) [info ] cols: 131
14:43:05.199 (0x3514) [info ] cols: 132
14:43:05.240 (0x3514) [info ] cols: 133
14:43:05.281 (0x3514) [info ] cols: 134
14:43:05.320 (0x3514) [info ] cols: 135
14:43:05.368 (0x3514) [info ] cols: 136
14:43:05.403 (0x3514) [info ] cols: 137
14:43:05.451 (0x3514) [info ] cols: 138
14:43:05.503 (0x3514) [info ] cols: 139
14:43:05.554 (0x3514) [info ] cols: 140
14:43:05.606 (0x3514) [info ] cols: 141
14:43:05.666 (0x3514) [info ] cols: 142
14:43:05.692 (0x3514) [info ] cols: 143
14:43:05.729 (0x3514) [info ] cols: 144
14:43:05.767 (0x3514) [info ] cols: 145
14:43:05.804 (0x3514) [info ] cols: 146
14:43:05.842 (0x3514) [info ] cols: 147
14:43:05.881 (0x3514) [info ] cols: 148
14:43:05.923 (0x3514) [info ] cols: 149
14:43:05.970 (0x3514) [info ] cols: 150
14:43:06.021 (0x3514) [info ] cols: 151
14:43:06.078 (0x3514) [info ] cols: 152
14:43:06.136 (0x3514) [info ] cols: 153
14:43:06.195 (0x3514) [info ] cols: 154
14:43:06.234 (0x3514) [info ] cols: 155
14:43:06.275 (0x3514) [info ] cols: 156
14:43:06.321 (0x3514) [info ] cols: 157
14:43:06.367 (0x3514) [info ] cols: 158
14:43:06.416 (0x3514) [info ] cols: 159
14:43:06.466 (0x3514) [info ] cols: 160
14:43:06.519 (0x3514) [info ] cols: 161
14:43:06.554 (0x3514) [info ] cols: 162
14:43:06.606 (0x3514) [info ] cols: 163
14:43:06.657 (0x3514) [info ] cols: 164
14:43:06.717 (0x3514) [info ] cols: 165
14:43:06.767 (0x3514) [info ] cols: 166
14:43:06.805 (0x3514) [info ] cols: 167
14:43:06.852 (0x3514) [info ] cols: 168
14:43:06.901 (0x3514) [info ] cols: 169
14:43:06.951 (0x3514) [info ] cols: 170
14:43:07.015 (0x3514) [info ] cols: 171
14:43:07.066 (0x3514) [info ] cols: 172
14:43:07.119 (0x3514) [info ] cols: 173
14:43:07.173 (0x3514) [info ] cols: 174
14:43:07.227 (0x3514) [info ] cols: 175
14:43:07.271 (0x3514) [info ] cols: 176
14:43:07.317 (0x3514) [info ] cols: 177
14:43:07.365 (0x3514) [info ] cols: 178
14:43:07.417 (0x3514) [info ] cols: 179
14:43:07.466 (0x3514) [info ] cols: 180
14:43:07.516 (0x3514) [info ] cols: 181
14:43:07.553 (0x3514) [info ] cols: 182
14:43:07.617 (0x3514) [info ] cols: 183
14:43:07.682 (0x3514) [info ] cols: 184
14:43:07.753 (0x3514) [info ] cols: 185
14:43:07.816 (0x3514) [info ] cols: 186
14:43:07.854 (0x3514) [info ] cols: 187
14:43:07.899 (0x3514) [info ] cols: 188
14:43:07.944 (0x3514) [info ] cols: 189
14:43:07.990 (0x3514) [info ] cols: 190
14:43:08.037 (0x3514) [info ] cols: 191
14:43:08.083 (0x3514) [info ] cols: 192
14:43:08.140 (0x3514) [info ] cols: 193
14:43:08.205 (0x3514) [info ] cols: 194
14:43:08.273 (0x3514) [info ] cols: 195
14:43:08.334 (0x3514) [info ] cols: 196
14:43:08.373 (0x3514) [info ] cols: 197
14:43:08.423 (0x3514) [info ] cols: 198
14:43:08.474 (0x3514) [info ] cols: 199
14:43:08.526 (0x3514) [info ] cols: 200
14:43:08.576 (0x3514) [info ] cols: 201
14:43:08.623 (0x3514) [info ] cols: 202
14:43:08.673 (0x3514) [info ] cols: 203
14:43:08.725 (0x3514) [info ] cols: 204
14:43:08.777 (0x3514) [info ] cols: 205
14:43:08.829 (0x3514) [info ] cols: 206
14:43:08.872 (0x3514) [info ] cols: 207
14:43:08.935 (0x3514) [info ] cols: 208
14:43:09.001 (0x3514) [info ] cols: 209
14:43:09.068 (0x3514) [info ] cols: 210
14:43:09.118 (0x3514) [info ] cols: 211
14:43:09.165 (0x3514) [info ] cols: 212
14:43:09.217 (0x3514) [info ] cols: 213
14:43:09.266 (0x3514) [info ] cols: 214
14:43:09.317 (0x3514) [info ] cols: 215
14:43:09.365 (0x3514) [info ] cols: 216
14:43:09.417 (0x3514) [info ] cols: 217
14:43:09.466 (0x3514) [info ] cols: 218
14:43:09.523 (0x3514) [info ] cols: 219
14:43:09.581 (0x3514) [info ] cols: 220
14:43:09.632 (0x3514) [info ] cols: 221
14:43:09.680 (0x3514) [info ] cols: 222
14:43:09.737 (0x3514) [info ] cols: 223
14:43:09.794 (0x3514) [info ] cols: 224
14:43:09.852 (0x3514) [info ] cols: 225
14:43:09.897 (0x3514) [info ] cols: 226
14:43:09.955 (0x3514) [info ] cols: 227
14:43:10.017 (0x3514) [info ] cols: 228
14:43:10.082 (0x3514) [info ] cols: 229
14:43:10.141 (0x3514) [info ] cols: 230
14:43:10.183 (0x3514) [info ] cols: 231
14:43:10.236 (0x3514) [info ] cols: 232
14:43:10.289 (0x3514) [info ] cols: 233
14:43:10.343 (0x3514) [info ] cols: 234
14:43:10.401 (0x3514) [info ] cols: 235
14:43:10.458 (0x3514) [info ] cols: 236
14:43:10.691 (0x3514) [info ] cols: 237
14:43:10.732 (0x3514) [info ] cols: 238
14:43:10.773 (0x3514) [info ] cols: 239
14:43:10.817 (0x3514) [info ] cols: 240
14:43:10.867 (0x3514) [info ] cols: 241
14:43:10.905 (0x3514) [info ] cols: 242
14:43:10.950 (0x3514) [info ] cols: 243
14:43:11.012 (0x3514) [info ] cols: 244
14:43:11.191 (0x3514) [info ] cols: 245
14:43:11.272 (0x3514) [info ] cols: 246
14:43:11.318 (0x3514) [info ] cols: 247
14:43:11.366 (0x3514) [info ] cols: 248
14:43:11.416 (0x3514) [info ] cols: 249
14:43:11.466 (0x3514) [info ] cols: 250
14:43:11.517 (0x3514) [info ] cols: 251
14:43:11.597 (0x3514) [info ] cols: 252
14:43:11.711 (0x3514) [info ] cols: 253
14:43:11.775 (0x3514) [info ] cols: 254
14:43:11.828 (0x3514) [info ] cols: 255
14:43:11.889 (0x3514) [info ] cols: 256
14:43:11.951 (0x3514) [info ] cols: 257
14:43:12.014 (0x3514) [info ] cols: 258
14:43:12.067 (0x3514) [info ] cols: 259
14:43:12.183 (0x3514) [info ] cols: 260
14:43:12.295 (0x3514) [info ] cols: 261
14:43:12.337 (0x3514) [info ] cols: 262
14:43:12.388 (0x3514) [info ] cols: 263
14:43:12.439 (0x3514) [info ] cols: 264
14:43:12.491 (0x3514) [info ] cols: 265
14:43:12.559 (0x3514) [info ] cols: 266
14:43:12.616 (0x3514) [info ] cols: 267
14:43:12.668 (0x3514) [info ] cols: 268
14:43:12.724 (0x3514) [info ] cols: 269
14:43:12.782 (0x3514) [info ] cols: 270
14:43:12.830 (0x3514) [info ] cols: 271
14:43:12.899 (0x3514) [info ] cols: 272
14:43:12.983 (0x3514) [info ] cols: 273
14:43:13.069 (0x3514) [info ] cols: 274
14:43:13.117 (0x3514) [info ] cols: 275
14:43:13.167 (0x3514) [info ] cols: 276
14:43:13.216 (0x3514) [info ] cols: 277
14:43:13.269 (0x3514) [info ] cols: 278
14:43:13.322 (0x3514) [info ] cols: 279
14:43:13.374 (0x3514) [info ] cols: 280
14:43:13.449 (0x3514) [info ] cols: 281
14:43:13.530 (0x3514) [info ] cols: 282
14:43:13.613 (0x3514) [info ] cols: 283
14:43:13.667 (0x3514) [info ] cols: 284
14:43:13.732 (0x3514) [info ] cols: 285
14:43:13.867 (0x3514) [info ] cols: 286
14:43:13.940 (0x3514) [info ] cols: 287
14:43:14.004 (0x3514) [info ] cols: 288
14:43:14.072 (0x3514) [info ] cols: 289
14:43:14.141 (0x3514) [info ] cols: 290
14:43:14.199 (0x3514) [info ] cols: 291
14:43:14.290 (0x3514) [info ] cols: 292
14:43:14.391 (0x3514) [info ] cols: 293
14:43:14.446 (0x3514) [info ] cols: 294
14:43:14.504 (0x3514) [info ] cols: 295
14:43:14.569 (0x3514) [info ] cols: 296
14:43:14.635 (0x3514) [info ] cols: 297
14:43:14.701 (0x3514) [info ] cols: 298
14:43:14.752 (0x3514) [info ] cols: 299
14:43:14.837 (0x3514) [info ] cols: 300
14:43:14.927 (0x3514) [info ] cols: 301
14:43:15.002 (0x3514) [info ] cols: 302
14:43:15.068 (0x3514) [info ] cols: 303
14:43:15.146 (0x3514) [info ] cols: 304
14:43:15.237 (0x3514) [info ] cols: 305
14:43:15.287 (0x3514) [info ] cols: 306
14:43:15.364 (0x3514) [info ] cols: 307
14:43:15.447 (0x3514) [info ] cols: 308
14:43:15.514 (0x3514) [info ] cols: 309
14:43:15.747 (0x3514) [info ] cols: 310
14:43:15.800 (0x3514) [info ] cols: 311
14:43:15.863 (0x3514) [info ] cols: 312
14:43:15.927 (0x3514) [info ] cols: 313
14:43:15.988 (0x3514) [info ] cols: 314
14:43:16.102 (0x3514) [info ] cols: 315
14:43:16.241 (0x3514) [info ] cols: 316
14:43:16.290 (0x3514) [info ] cols: 317
14:43:16.372 (0x3514) [info ] cols: 318
14:43:16.460 (0x3514) [info ] cols: 319
14:43:16.524 (0x3514) [info ] cols: 320
14:43:16.603 (0x3514) [info ] cols: 321
14:43:16.686 (0x3514) [info ] cols: 322
14:43:16.752 (0x3514) [info ] cols: 323
14:43:16.804 (0x3514) [info ] cols: 324
14:43:16.871 (0x3514) [info ] cols: 325
14:43:16.941 (0x3514) [info ] cols: 326
14:43:16.998 (0x3514) [info ] cols: 327
14:43:17.058 (0x3514) [info ] cols: 328
14:43:17.124 (0x3514) [info ] cols: 329
14:43:17.194 (0x3514) [info ] cols: 330
14:43:17.256 (0x3514) [info ] cols: 331
14:43:17.366 (0x3514) [info ] cols: 332
14:43:17.454 (0x3514) [info ] cols: 333
14:43:17.516 (0x3514) [info ] cols: 334
14:43:17.593 (0x3514) [info ] cols: 335
14:43:17.675 (0x3514) [info ] cols: 336
14:43:17.726 (0x3514) [info ] cols: 337
14:43:17.795 (0x3514) [info ] cols: 338
14:43:17.870 (0x3514) [info ] cols: 339
14:43:17.946 (0x3514) [info ] cols: 340
14:43:18.001 (0x3514) [info ] cols: 341
14:43:18.127 (0x3514) [info ] cols: 342
14:43:18.222 (0x3514) [info ] cols: 343
14:43:18.279 (0x3514) [info ] cols: 344
14:43:18.347 (0x3514) [info ] cols: 345
14:43:18.416 (0x3514) [info ] cols: 346
14:43:18.476 (0x3514) [info ] cols: 347
14:43:18.618 (0x3514) [info ] cols: 348
14:43:18.727 (0x3514) [info ] cols: 349
14:43:18.786 (0x3514) [info ] cols: 350
14:43:18.879 (0x3514) [info ] cols: 351
14:43:18.964 (0x3514) [info ] cols: 352
14:43:19.068 (0x3514) [info ] cols: 353
14:43:19.862 (0x3514) [debug] true
14:43:19.863 (0x3514) [debug]  openPort is working 
14:43:19.865 (0x3514) [debug] qml: get result:false
14:43:20.383 (0x3514) [trace] qml:
14:43:20.429 (0x3514) [info ] ----- msAppExit: 262856967.531900, 07:17:57.236579967
14:43:20.431 (0x3514) [info ] app running: 28084.899300, 00:00:02.26084
14:43:20.432 (0x3514) [info ] app return: 0
14:43:20.432 (0x3514) [info ] ----- App exit ------
14:43:43.861 (0x07e4) [info ]
14:43:43.863 (0x07e4) [info ] ----- App init ------
14:43:43.863 (0x07e4) [info ] SerialPortDemo V1.0.0.0, compiled at Wed Apr 12 09:22:44 2023
14:43:43.863 (0x07e4) [info ] Exe file: E:/BaiduSyncdisk/SACAR/SerialPortForHeard/SerialPortForHeard/SerialPortForHeard/SerialPortForHeard-Debug/SerialPortDemo/debug/SerialPortDemo.exe
14:43:43.864 (0x07e4) [info ] App path: E:/BaiduSyncdisk/SACAR/SerialPortForHeard/SerialPortForHeard/SerialPortForHeard/SerialPortForHeard-Debug/SerialPortDemo
14:43:43.864 (0x07e4) [info ] Check chinese support: 012汉字abc
14:43:43.864 (0x07e4) [info ] ----- msAppInit: 262880398.995500, 07:18:00.236600398
14:43:43.865 (0x07e4) [info ] [trace] --- FuncEntry
14:43:43.865 (0x07e4) [info ] [trace]012汉字abc 
14:43:43.865 (0x07e4) [info ] qInfo
14:43:43.865 (0x07e4) [info ] qDebug
14:43:43.866 (0x07e4) [info ] qWanging
14:43:43.866 (0x07e4) [info ] QCritical
14:43:43.866 (0x07e4) [info ] call getMs() 1000 times, 0.029200 ms
14:43:43.870 (0x07e4) [info ] 1-1
14:43:43.870 (0x07e4) [info ] 1-2
14:43:43.871 (0x07e4) [info ] 2-1,汉字
14:43:43.871 (0x07e4) [info ] 2-2,汉字
14:43:43.871 (0x07e4) [info ] 1
14:43:43.871 (0x07e4) [info ] 12345678901234
14:43:43.872 (0x07e4) [info ] 12345679020032.0000000000000000
14:43:43.872 (0x07e4) [info ] 12345678901234567168.00000000000000000000000000000000
14:43:43.875 (0x07e4) [debug] SlBase::add( 3 + 4 ) = 7
14:43:43.875 (0x07e4) [debug] SlBase::getTime() = 2023-04-26 14:43:43.875
14:43:43.876 (0x07e4) [info ] [trace] --- FuncExit, 11.3621 ms
14:43:44.621 (0x07e4) [warn ] Both point size and pixel size set. Using pixel size.
14:43:44.961 (0x07e4) [warn ] qrc:/qml/BottomMain.qml:12:5: QML Rectangle: Detected anchors on an item that is managed by a layout. This is undefined behavior; use Layout.alignment instead.
14:43:45.057 (0x07e4) [warn ] file:///D:/Qt/Qt5.14.2/5.14.2/msvc2017_64/qml/QtQuick/Dialogs/DefaultFileDialog.qml:102:33: QML Settings: Failed to initialize QSettings instance. Status code is: 1
14:43:45.058 (0x07e4) [warn ] file:///D:/Qt/Qt5.14.2/5.14.2/msvc2017_64/qml/QtQuick/Dialogs/DefaultFileDialog.qml:102:33: QML Settings: The following application identifiers have not been set: QVector("organizationName", "organizationDomain")
14:43:45.230 (0x07e4) [debug] Name :  "COM5"
14:43:45.231 (0x07e4) [debug] Name :  "COM11"
14:43:45.231 (0x07e4) [debug] Name :  "COM4"
14:43:45.231 (0x07e4) [debug] Name :  "COM1"
14:43:45.232 (0x07e4) [debug] Name :  "COM2"
14:43:45.232 (0x07e4) [debug] Name :  "COM3"
14:43:45.233 (0x07e4) [debug] Name :  "COM6"
14:43:45.278 (0x07e4) [warn ] qrc:/qml/basic/ComboBox.qml:9: ReferenceError: combobox_implicit_width is not defined
14:43:45.306 (0x07e4) [debug] qml: [trace]activetrue
14:43:51.049 (0x07e4) [debug] false
14:43:51.050 (0x07e4) [debug]  openPort is working 
14:43:51.051 (0x07e4) [debug] "COM11" 115200 QSerialPort::Data8 QSerialPort::NoParity QSerialPort::OneStop
14:43:52.047 (0x07e4) [info ] cols: 2
14:43:52.050 (0x07e4) [info ] cols: 3
14:43:52.111 (0x07e4) [info ] cols: 4
14:43:52.169 (0x07e4) [info ] cols: 5
14:43:52.220 (0x07e4) [info ] cols: 6
14:43:52.278 (0x07e4) [info ] cols: 7
14:43:52.338 (0x07e4) [info ] cols: 8
14:43:52.390 (0x07e4) [info ] cols: 9
14:43:52.427 (0x07e4) [info ] cols: 10
14:43:52.468 (0x07e4) [info ] cols: 11
14:43:52.504 (0x07e4) [info ] cols: 12
14:43:52.543 (0x07e4) [info ] cols: 13
14:43:52.581 (0x07e4) [info ] cols: 14
14:43:52.622 (0x07e4) [info ] cols: 15
14:43:52.668 (0x07e4) [info ] cols: 16
14:43:52.698 (0x07e4) [info ] cols: 17
14:43:52.736 (0x07e4) [info ] cols: 18
14:43:52.773 (0x07e4) [info ] cols: 19
14:43:52.819 (0x07e4) [info ] cols: 20
14:43:52.851 (0x07e4) [info ] cols: 21
14:43:52.890 (0x07e4) [info ] cols: 22
14:43:52.925 (0x07e4) [info ] cols: 23
14:43:52.969 (0x07e4) [info ] cols: 24
14:43:52.995 (0x07e4) [info ] cols: 25
14:43:53.032 (0x07e4) [info ] cols: 26
14:43:53.074 (0x07e4) [info ] cols: 27
14:43:53.120 (0x07e4) [info ] cols: 28
14:43:53.150 (0x07e4) [info ] cols: 29
14:43:53.191 (0x07e4) [info ] cols: 30
14:43:53.232 (0x07e4) [info ] cols: 31
14:43:53.274 (0x07e4) [info ] cols: 32
14:43:53.322 (0x07e4) [info ] cols: 33
14:43:53.355 (0x07e4) [info ] cols: 34
14:43:53.387 (0x07e4) [info ] cols: 35
14:43:53.422 (0x07e4) [info ] cols: 36
14:43:53.453 (0x07e4) [info ] cols: 37
14:43:53.485 (0x07e4) [info ] cols: 38
14:43:53.523 (0x07e4) [info ] cols: 39
14:43:53.552 (0x07e4) [info ] cols: 40
14:43:53.587 (0x07e4) [info ] cols: 41
14:43:53.619 (0x07e4) [info ] cols: 42
14:43:53.647 (0x07e4) [info ] cols: 43
14:43:53.677 (0x07e4) [info ] cols: 44
14:43:53.708 (0x07e4) [info ] cols: 45
14:43:53.738 (0x07e4) [info ] cols: 46
14:43:53.770 (0x07e4) [info ] cols: 47
14:43:53.800 (0x07e4) [info ] cols: 48
14:43:53.832 (0x07e4) [info ] cols: 49
14:43:53.870 (0x07e4) [info ] cols: 50
14:43:53.894 (0x07e4) [info ] cols: 51
14:43:53.926 (0x07e4) [info ] cols: 52
14:43:53.956 (0x07e4) [info ] cols: 53
14:43:53.989 (0x07e4) [info ] cols: 54
14:43:54.021 (0x07e4) [info ] cols: 55
14:43:54.051 (0x07e4) [info ] cols: 56
14:43:54.078 (0x07e4) [info ] cols: 57
14:43:54.104 (0x07e4) [info ] cols: 58
14:43:54.131 (0x07e4) [info ] cols: 59
14:43:54.158 (0x07e4) [info ] cols: 60
14:43:54.185 (0x07e4) [info ] cols: 61
14:43:54.218 (0x07e4) [info ] cols: 62
14:43:54.240 (0x07e4) [info ] cols: 63
14:43:54.271 (0x07e4) [info ] cols: 64
14:43:54.300 (0x07e4) [info ] cols: 65
14:43:54.331 (0x07e4) [info ] cols: 66
14:43:54.369 (0x07e4) [info ] cols: 67
14:43:54.397 (0x07e4) [info ] cols: 68
14:43:54.431 (0x07e4) [info ] cols: 69
14:43:54.468 (0x07e4) [info ] cols: 70
14:43:54.497 (0x07e4) [info ] cols: 71
14:43:54.529 (0x07e4) [info ] cols: 72
14:43:54.569 (0x07e4) [info ] cols: 73
14:43:54.592 (0x07e4) [info ] cols: 74
14:43:54.623 (0x07e4) [info ] cols: 75
14:43:54.655 (0x07e4) [info ] cols: 76
14:43:54.687 (0x07e4) [info ] cols: 77
14:43:54.722 (0x07e4) [info ] cols: 78
14:43:54.753 (0x07e4) [info ] cols: 79
14:43:54.786 (0x07e4) [info ] cols: 80
14:43:54.820 (0x07e4) [info ] cols: 81
14:43:54.843 (0x07e4) [info ] cols: 82
14:43:54.872 (0x07e4) [info ] cols: 83
14:43:54.900 (0x07e4) [info ] cols: 84
14:43:54.928 (0x07e4) [info ] cols: 85
14:43:54.957 (0x07e4) [info ] cols: 86
14:43:54.986 (0x07e4) [info ] cols: 87
14:43:55.025 (0x07e4) [info ] cols: 88
14:43:55.049 (0x07e4) [info ] cols: 89
14:43:55.081 (0x07e4) [info ] cols: 90
14:43:55.121 (0x07e4) [info ] cols: 91
14:43:55.142 (0x07e4) [info ] cols: 92
14:43:55.174 (0x07e4) [info ] cols: 93
14:43:55.206 (0x07e4) [info ] cols: 94
14:43:55.238 (0x07e4) [info ] cols: 95
14:43:55.271 (0x07e4) [info ] cols: 96
14:43:55.305 (0x07e4) [info ] cols: 97
14:43:55.335 (0x07e4) [info ] cols: 98
14:43:55.373 (0x07e4) [info ] cols: 99
14:43:55.397 (0x07e4) [info ] cols: 100
14:43:55.427 (0x07e4) [info ] cols: 101
14:43:55.469 (0x07e4) [info ] cols: 102
14:43:55.491 (0x07e4) [info ] cols: 103
14:43:55.522 (0x07e4) [info ] cols: 104
14:43:55.569 (0x07e4) [info ] cols: 105
14:43:55.591 (0x07e4) [info ] cols: 106
14:43:55.623 (0x07e4) [info ] cols: 107
14:43:55.655 (0x07e4) [info ] cols: 108
14:43:55.688 (0x07e4) [info ] cols: 109
14:43:55.720 (0x07e4) [info ] cols: 110
14:43:55.753 (0x07e4) [info ] cols: 111
14:43:55.785 (0x07e4) [info ] cols: 112
14:43:55.823 (0x07e4) [info ] cols: 113
14:43:55.848 (0x07e4) [info ] cols: 114
14:43:55.878 (0x07e4) [info ] cols: 115
14:43:55.907 (0x07e4) [info ] cols: 116
14:43:55.937 (0x07e4) [info ] cols: 117
14:43:55.971 (0x07e4) [info ] cols: 118
14:43:55.997 (0x07e4) [info ] cols: 119
14:43:56.026 (0x07e4) [info ] cols: 120
14:43:56.057 (0x07e4) [info ] cols: 121
14:43:56.086 (0x07e4) [info ] cols: 122
14:43:56.121 (0x07e4) [info ] cols: 123
14:43:56.145 (0x07e4) [info ] cols: 124
14:43:56.174 (0x07e4) [info ] cols: 125
14:43:56.203 (0x07e4) [info ] cols: 126
14:43:56.233 (0x07e4) [info ] cols: 127
14:43:56.270 (0x07e4) [info ] cols: 128
14:43:56.295 (0x07e4) [info ] cols: 129
14:43:56.322 (0x07e4) [info ] cols: 130
14:43:56.351 (0x07e4) [info ] cols: 131
14:43:56.379 (0x07e4) [info ] cols: 132
14:43:56.409 (0x07e4) [info ] cols: 133
14:43:56.437 (0x07e4) [info ] cols: 134
14:43:56.473 (0x07e4) [info ] cols: 135
14:43:56.498 (0x07e4) [info ] cols: 136
14:43:56.526 (0x07e4) [info ] cols: 137
14:43:56.555 (0x07e4) [info ] cols: 138
14:43:56.584 (0x07e4) [info ] cols: 139
14:43:56.621 (0x07e4) [info ] cols: 140
14:43:56.642 (0x07e4) [info ] cols: 141
14:43:56.672 (0x07e4) [info ] cols: 142
14:43:56.702 (0x07e4) [info ] cols: 143
14:43:56.732 (0x07e4) [info ] cols: 144
14:43:56.769 (0x07e4) [info ] cols: 145
14:43:56.791 (0x07e4) [info ] cols: 146
14:43:56.821 (0x07e4) [info ] cols: 147
14:43:56.849 (0x07e4) [info ] cols: 148
14:43:56.881 (0x07e4) [info ] cols: 149
14:43:56.922 (0x07e4) [info ] cols: 150
14:43:56.944 (0x07e4) [info ] cols: 151
14:43:56.975 (0x07e4) [info ] cols: 152
14:43:57.006 (0x07e4) [info ] cols: 153
14:43:57.039 (0x07e4) [info ] cols: 154
14:43:57.070 (0x07e4) [info ] cols: 155
14:43:57.104 (0x07e4) [info ] cols: 156
14:43:57.133 (0x07e4) [info ] cols: 157
14:43:57.172 (0x07e4) [info ] cols: 158
14:43:57.189 (0x07e4) [info ] cols: 159
14:43:57.221 (0x07e4) [info ] cols: 160
14:43:57.247 (0x07e4) [info ] cols: 161
14:43:57.276 (0x07e4) [info ] cols: 162
14:43:57.322 (0x07e4) [info ] cols: 163
14:43:57.339 (0x07e4) [info ] cols: 164
14:43:57.369 (0x07e4) [info ] cols: 165
14:43:57.398 (0x07e4) [info ] cols: 166
14:43:57.428 (0x07e4) [info ] cols: 167
14:43:57.457 (0x07e4) [info ] cols: 168
14:43:57.487 (0x07e4) [info ] cols: 169
14:43:57.522 (0x07e4) [info ] cols: 170
14:43:57.549 (0x07e4) [info ] cols: 171
14:43:57.578 (0x07e4) [info ] cols: 172
14:43:57.607 (0x07e4) [info ] cols: 173
14:43:57.637 (0x07e4) [info ] cols: 174
14:43:57.671 (0x07e4) [info ] cols: 175
14:43:57.696 (0x07e4) [info ] cols: 176
14:43:57.728 (0x07e4) [info ] cols: 177
14:43:57.770 (0x07e4) [info ] cols: 178
14:43:57.793 (0x07e4) [info ] cols: 179
14:43:57.826 (0x07e4) [info ] cols: 180
14:43:57.869 (0x07e4) [info ] cols: 181
14:43:57.893 (0x07e4) [info ] cols: 182
14:43:57.926 (0x07e4) [info ] cols: 183
14:43:57.969 (0x07e4) [info ] cols: 184
14:43:58.643 (0x07e4) [info ] cols: 185
14:43:58.831 (0x07e4) [info ] cols: 186
14:43:59.094 (0x07e4) [info ] cols: 187
14:43:59.175 (0x07e4) [debug] true
14:43:59.176 (0x07e4) [debug]  openPort is working 
14:43:59.177 (0x07e4) [debug] qml: get result:false
14:43:59.919 (0x07e4) [trace] qml:
14:43:59.961 (0x07e4) [info ] ----- msAppExit: 262896499.317100, 07:18:01.236615499
14:43:59.962 (0x07e4) [info ] app running: 16100.321600, 00:00:01.15100
14:43:59.962 (0x07e4) [info ] app return: 0
14:43:59.963 (0x07e4) [info ] ----- App exit ------
