10:54:09.416 (0x64f4) [info ]
10:54:09.420 (0x64f4) [info ] ----- App init ------
10:54:09.420 (0x64f4) [info ] SerialPortDemo V1.0.0.0, compiled at Wed Apr 12 09:22:44 2023
10:54:09.421 (0x64f4) [info ] Exe file: F:/SACAR/SerialPortForHeard/SerialPortForHeard/SerialPortForHeard/SerialPortForHeard-Debug/SerialPortDemo/debug/SerialPortDemo.exe
10:54:09.422 (0x64f4) [info ] App path: F:/SACAR/SerialPortForHeard/SerialPortForHeard/SerialPortForHeard/SerialPortForHeard-Debug/SerialPortDemo
10:54:09.422 (0x64f4) [info ] Check chinese support: 012汉字abc
10:54:09.424 (0x64f4) [info ] ----- msAppInit: 262738082.010900, 07:17:45.236473082
10:54:09.425 (0x64f4) [info ] [trace] --- FuncEntry
10:54:09.426 (0x64f4) [info ] [trace]012汉字abc 
10:54:09.426 (0x64f4) [info ] qInfo
10:54:09.427 (0x64f4) [info ] qDebug
10:54:09.428 (0x64f4) [info ] qWanging
10:54:09.429 (0x64f4) [info ] QCritical
10:54:09.430 (0x64f4) [info ] call getMs() 1000 times, 0.028400 ms
10:54:09.437 (0x64f4) [info ] 1-1
10:54:09.438 (0x64f4) [info ] 1-2
10:54:09.439 (0x64f4) [info ] 2-1,汉字
10:54:09.440 (0x64f4) [info ] 2-2,汉字
10:54:09.440 (0x64f4) [info ] 1
10:54:09.442 (0x64f4) [info ] 12345678901234
10:54:09.442 (0x64f4) [info ] 12345679020032.0000000000000000
10:54:09.443 (0x64f4) [info ] 12345678901234567168.00000000000000000000000000000000
10:54:09.449 (0x64f4) [debug] SlBase::add( 3 + 4 ) = 7
10:54:09.450 (0x64f4) [debug] SlBase::getTime() = 2023-04-17 10:54:09.450
10:54:09.452 (0x64f4) [info ] [trace] --- FuncExit, 26.8899 ms
10:54:10.417 (0x64f4) [warn ] Both point size and pixel size set. Using pixel size.
10:54:10.806 (0x64f4) [warn ] qrc:/qml/BottomMain.qml:12:5: QML Rectangle: Detected anchors on an item that is managed by a layout. This is undefined behavior; use Layout.alignment instead.
10:54:10.938 (0x64f4) [warn ] file:///D:/Qt/Qt5.14.2/5.14.2/msvc2017_64/qml/QtQuick/Dialogs/DefaultFileDialog.qml:102:33: QML Settings: Failed to initialize QSettings instance. Status code is: 1
10:54:10.939 (0x64f4) [warn ] file:///D:/Qt/Qt5.14.2/5.14.2/msvc2017_64/qml/QtQuick/Dialogs/DefaultFileDialog.qml:102:33: QML Settings: The following application identifiers have not been set: QVector("organizationName", "organizationDomain")
10:54:11.126 (0x64f4) [debug] Name :  "COM5"
10:54:11.129 (0x64f4) [debug] Name :  "COM4"
10:54:11.129 (0x64f4) [debug] Name :  "COM1"
10:54:11.130 (0x64f4) [debug] Name :  "COM2"
10:54:11.131 (0x64f4) [debug] Name :  "COM3"
10:54:11.132 (0x64f4) [debug] Name :  "COM6"
10:54:11.176 (0x64f4) [warn ] qrc:/qml/basic/ComboBox.qml:9: ReferenceError: combobox_implicit_width is not defined
10:54:11.209 (0x64f4) [debug] qml: [trace]activetrue
10:54:20.827 (0x64f4) [trace] qml:
10:54:20.887 (0x64f4) [info ] ----- msAppExit: 262749554.613700, 07:17:47.236482554
10:54:20.888 (0x64f4) [info ] app running: 11472.602800, 00:00:01.10472
10:54:20.889 (0x64f4) [info ] app return: 0
10:54:20.890 (0x64f4) [info ] ----- App exit ------
14:40:49.432 (0x29e0) [info ]
14:40:49.446 (0x29e0) [info ] ----- App init ------
14:40:49.446 (0x29e0) [info ] SerialPortDemo V1.0.0.0, compiled at Wed Apr 12 09:22:44 2023
14:40:49.448 (0x29e0) [info ] Exe file: F:/SACAR/SerialPortForHeard/SerialPortForHeard/SerialPortForHeard/SerialPortForHeard-Debug/SerialPortDemo/debug/SerialPortDemo.exe
14:40:49.449 (0x29e0) [info ] App path: F:/SACAR/SerialPortForHeard/SerialPortForHeard/SerialPortForHeard/SerialPortForHeard-Debug/SerialPortDemo
14:40:49.450 (0x29e0) [info ] Check chinese support: 012汉字abc
14:40:49.451 (0x29e0) [info ] ----- msAppInit: 4391457.474700, 00:07:19.3952457
14:40:49.452 (0x29e0) [info ] [trace] --- FuncEntry
14:40:49.452 (0x29e0) [info ] [trace]012汉字abc 
14:40:49.453 (0x29e0) [info ] qInfo
14:40:49.454 (0x29e0) [info ] qDebug
14:40:49.455 (0x29e0) [info ] qWanging
14:40:49.456 (0x29e0) [info ] QCritical
14:40:49.456 (0x29e0) [info ] call getMs() 1000 times, 0.028300 ms
14:40:49.463 (0x29e0) [info ] 1-1
14:40:49.463 (0x29e0) [info ] 1-2
14:40:49.464 (0x29e0) [info ] 2-1,汉字
14:40:49.465 (0x29e0) [info ] 2-2,汉字
14:40:49.466 (0x29e0) [info ] 1
14:40:49.467 (0x29e0) [info ] 12345678901234
14:40:49.468 (0x29e0) [info ] 12345679020032.0000000000000000
14:40:49.469 (0x29e0) [info ] 12345678901234567168.00000000000000000000000000000000
14:40:49.475 (0x29e0) [debug] SlBase::add( 3 + 4 ) = 7
14:40:49.476 (0x29e0) [debug] SlBase::getTime() = 2023-04-17 14:40:49.476
14:40:49.476 (0x29e0) [info ] [trace] --- FuncExit, 24.588 ms
14:40:50.632 (0x29e0) [warn ] Both point size and pixel size set. Using pixel size.
14:40:51.017 (0x29e0) [warn ] qrc:/qml/BottomMain.qml:12:5: QML Rectangle: Detected anchors on an item that is managed by a layout. This is undefined behavior; use Layout.alignment instead.
14:40:51.148 (0x29e0) [warn ] file:///D:/Qt/Qt5.14.2/5.14.2/msvc2017_64/qml/QtQuick/Dialogs/DefaultFileDialog.qml:102:33: QML Settings: Failed to initialize QSettings instance. Status code is: 1
14:40:51.149 (0x29e0) [warn ] file:///D:/Qt/Qt5.14.2/5.14.2/msvc2017_64/qml/QtQuick/Dialogs/DefaultFileDialog.qml:102:33: QML Settings: The following application identifiers have not been set: QVector("organizationName", "organizationDomain")
14:40:51.349 (0x29e0) [debug] Name :  "COM5"
14:40:51.350 (0x29e0) [debug] Name :  "COM4"
14:40:51.351 (0x29e0) [debug] Name :  "COM1"
14:40:51.352 (0x29e0) [debug] Name :  "COM2"
14:40:51.353 (0x29e0) [debug] Name :  "COM3"
14:40:51.354 (0x29e0) [debug] Name :  "COM6"
14:40:51.419 (0x29e0) [warn ] qrc:/qml/basic/ComboBox.qml:9: ReferenceError: combobox_implicit_width is not defined
14:40:51.462 (0x29e0) [debug] qml: [trace]activetrue
14:40:58.703 (0x29e0) [trace] qml:
14:40:58.734 (0x29e0) [info ] ----- msAppExit: 4400759.564000, 00:07:19.3961759
14:40:58.817 (0x29e0) [info ] app running: 9302.089300, 00:00:00.9302
14:40:58.818 (0x29e0) [info ] app return: 0
14:40:58.821 (0x29e0) [info ] ----- App exit ------
14:41:09.981 (0x2db4) [info ]
14:41:09.983 (0x2db4) [info ] ----- App init ------
14:41:09.984 (0x2db4) [info ] SerialPortDemo V1.0.0.0, compiled at Wed Apr 12 09:22:44 2023
14:41:09.984 (0x2db4) [info ] Exe file: F:/SACAR/SerialPortForHeard/SerialPortForHeard/SerialPortForHeard/SerialPortForHeard-Debug/SerialPortDemo/debug/SerialPortDemo.exe
14:41:09.985 (0x2db4) [info ] App path: F:/SACAR/SerialPortForHeard/SerialPortForHeard/SerialPortForHeard/SerialPortForHeard-Debug/SerialPortDemo
14:41:09.986 (0x2db4) [info ] Check chinese support: 012汉字abc
14:41:09.987 (0x2db4) [info ] ----- msAppInit: 4412006.733500, 00:07:21.3971006
14:41:09.988 (0x2db4) [info ] [trace] --- FuncEntry
14:41:09.989 (0x2db4) [info ] [trace]012汉字abc 
14:41:09.990 (0x2db4) [info ] qInfo
14:41:09.991 (0x2db4) [info ] qDebug
14:41:09.992 (0x2db4) [info ] qWanging
14:41:09.992 (0x2db4) [info ] QCritical
14:41:09.993 (0x2db4) [info ] call getMs() 1000 times, 0.029100 ms
14:41:09.999 (0x2db4) [info ] 1-1
14:41:10.000 (0x2db4) [info ] 1-2
14:41:10.005 (0x2db4) [info ] 2-1,汉字
14:41:10.006 (0x2db4) [info ] 2-2,汉字
14:41:10.007 (0x2db4) [info ] 1
14:41:10.008 (0x2db4) [info ] 12345678901234
14:41:10.009 (0x2db4) [info ] 12345679020032.0000000000000000
14:41:10.010 (0x2db4) [info ] 12345678901234567168.00000000000000000000000000000000
14:41:10.011 (0x2db4) [debug] SlBase::add( 3 + 4 ) = 7
14:41:10.012 (0x2db4) [debug] SlBase::getTime() = 2023-04-17 14:41:10.012
14:41:10.013 (0x2db4) [info ] [trace] --- FuncExit, 24.6566 ms
14:41:10.727 (0x2db4) [warn ] Both point size and pixel size set. Using pixel size.
14:41:11.051 (0x2db4) [warn ] qrc:/qml/BottomMain.qml:12:5: QML Rectangle: Detected anchors on an item that is managed by a layout. This is undefined behavior; use Layout.alignment instead.
14:41:11.141 (0x2db4) [warn ] file:///D:/Qt/Qt5.14.2/5.14.2/msvc2017_64/qml/QtQuick/Dialogs/DefaultFileDialog.qml:102:33: QML Settings: Failed to initialize QSettings instance. Status code is: 1
14:41:11.162 (0x2db4) [warn ] file:///D:/Qt/Qt5.14.2/5.14.2/msvc2017_64/qml/QtQuick/Dialogs/DefaultFileDialog.qml:102:33: QML Settings: The following application identifiers have not been set: QVector("organizationName", "organizationDomain")
14:41:11.331 (0x2db4) [debug] Name :  "COM5"
14:41:11.333 (0x2db4) [debug] Name :  "COM4"
14:41:11.334 (0x2db4) [debug] Name :  "COM1"
14:41:11.335 (0x2db4) [debug] Name :  "COM2"
14:41:11.336 (0x2db4) [debug] Name :  "COM3"
14:41:11.337 (0x2db4) [debug] Name :  "COM6"
14:41:11.375 (0x2db4) [warn ] qrc:/qml/basic/ComboBox.qml:9: ReferenceError: combobox_implicit_width is not defined
14:41:11.399 (0x2db4) [debug] qml: [trace]activetrue
14:41:15.876 (0x2db4) [trace] qml:
14:41:15.919 (0x2db4) [info ] ----- msAppExit: 4417944.990500, 00:07:21.3976944
14:41:15.986 (0x2db4) [info ] app running: 5938.257000, 00:00:00.5938
14:41:15.988 (0x2db4) [info ] app return: 0
14:41:15.988 (0x2db4) [info ] ----- App exit ------
14:41:48.970 (0x235c) [info ]
14:41:48.973 (0x235c) [info ] ----- App init ------
14:41:48.974 (0x235c) [info ] SerialPortDemo V1.0.0.0, compiled at Wed Apr 12 09:22:44 2023
14:41:48.974 (0x235c) [info ] Exe file: F:/SACAR/SerialPortForHeard/SerialPortForHeard/SerialPortForHeard/SerialPortForHeard-Debug/SerialPortDemo/debug/SerialPortDemo.exe
14:41:48.975 (0x235c) [info ] App path: F:/SACAR/SerialPortForHeard/SerialPortForHeard/SerialPortForHeard/SerialPortForHeard-Debug/SerialPortDemo
14:41:48.976 (0x235c) [info ] Check chinese support: 012汉字abc
14:41:48.977 (0x235c) [info ] ----- msAppInit: 4450996.543400, 00:07:24.4006996
14:41:48.978 (0x235c) [info ] [trace] --- FuncEntry
14:41:48.979 (0x235c) [info ] [trace]012汉字abc 
14:41:48.979 (0x235c) [info ] qInfo
14:41:48.981 (0x235c) [info ] qDebug
14:41:48.982 (0x235c) [info ] qWanging
14:41:48.982 (0x235c) [info ] QCritical
14:41:48.983 (0x235c) [info ] call getMs() 1000 times, 0.049300 ms
14:41:48.988 (0x235c) [info ] 1-1
14:41:48.989 (0x235c) [info ] 1-2
14:41:48.990 (0x235c) [info ] 2-1,汉字
14:41:48.991 (0x235c) [info ] 2-2,汉字
14:41:48.991 (0x235c) [info ] 1
14:41:48.992 (0x235c) [info ] 12345678901234
14:41:48.993 (0x235c) [info ] 12345679020032.0000000000000000
14:41:48.994 (0x235c) [info ] 12345678901234567168.00000000000000000000000000000000
14:41:48.999 (0x235c) [debug] SlBase::add( 3 + 4 ) = 7
14:41:49.000 (0x235c) [debug] SlBase::getTime() = 2023-04-17 14:41:49.000
14:41:49.002 (0x235c) [info ] [trace] --- FuncExit, 23.4115 ms
14:41:49.745 (0x235c) [warn ] Both point size and pixel size set. Using pixel size.
14:41:50.088 (0x235c) [warn ] qrc:/qml/BottomMain.qml:12:5: QML Rectangle: Detected anchors on an item that is managed by a layout. This is undefined behavior; use Layout.alignment instead.
14:41:50.179 (0x235c) [warn ] file:///D:/Qt/Qt5.14.2/5.14.2/msvc2017_64/qml/QtQuick/Dialogs/DefaultFileDialog.qml:102:33: QML Settings: Failed to initialize QSettings instance. Status code is: 1
14:41:50.194 (0x235c) [warn ] file:///D:/Qt/Qt5.14.2/5.14.2/msvc2017_64/qml/QtQuick/Dialogs/DefaultFileDialog.qml:102:33: QML Settings: The following application identifiers have not been set: QVector("organizationName", "organizationDomain")
14:41:50.361 (0x235c) [debug] Name :  "COM5"
14:41:50.363 (0x235c) [debug] Name :  "COM4"
14:41:50.363 (0x235c) [debug] Name :  "COM1"
14:41:50.364 (0x235c) [debug] Name :  "COM2"
14:41:50.366 (0x235c) [debug] Name :  "COM3"
14:41:50.369 (0x235c) [debug] Name :  "COM6"
14:41:50.411 (0x235c) [warn ] qrc:/qml/basic/ComboBox.qml:9: ReferenceError: combobox_implicit_width is not defined
14:41:50.436 (0x235c) [debug] qml: [trace]activetrue
14:41:52.272 (0x235c) [trace] qml:
14:41:52.313 (0x235c) [info ] ----- msAppExit: 4454339.437500, 00:07:25.4009339
14:41:52.324 (0x235c) [info ] app running: 3342.894100, 00:00:00.3342
14:41:52.325 (0x235c) [info ] app return: 0
14:41:52.326 (0x235c) [info ] ----- App exit ------
