23:49:11.684 (0x0764) [info ]
23:49:11.685 (0x0764) [info ] ----- App init ------
23:49:11.685 (0x0764) [info ] SerialPortDemo V1.0.0.0, compiled at Wed Apr 12 09:22:44 2023
23:49:11.685 (0x0764) [info ] Exe file: E:/BaiduSyncdisk/SACAR/SerialPortForHeard/SerialPortForHeard/build-SerialPortForHeard-Desktop_Qt_5_14_2_MinGW_32_bit-Debug/SerialPortDemo/debug/SerialPortDemo.exe
23:49:11.685 (0x0764) [info ] App path: E:/BaiduSyncdisk/SACAR/SerialPortForHeard/SerialPortForHeard/build-SerialPortForHeard-Desktop_Qt_5_14_2_MinGW_32_bit-Debug/SerialPortDemo
23:49:11.685 (0x0764) [info ] Check chinese support: 012汉字abc
23:49:11.686 (0x0764) [info ] ----- msAppInit: 1685548151683.449707, [1950]06:44:23.920433195
23:49:12.359 (0x0764) [warn ] qrc:/qml/BottomMain.qml:12:5: QML Rectangle: Detected anchors on an item that is managed by a layout. This is undefined behavior; use Layout.alignment instead.
23:49:12.402 (0x0764) [warn ] file:///D:/Qt/Qt5.14.2/5.14.2/mingw73_32/qml/QtQuick/Dialogs/DefaultFileDialog.qml:102:33: QML Settings: Failed to initialize QSettings instance. Status code is: 1
23:49:12.402 (0x0764) [warn ] file:///D:/Qt/Qt5.14.2/5.14.2/mingw73_32/qml/QtQuick/Dialogs/DefaultFileDialog.qml:102:33: QML Settings: The following application identifiers have not been set: QVector("organizationName", "organizationDomain")
23:49:12.538 (0x0764) [warn ] qrc:/qml/basic/ComboBox.qml:9: ReferenceError: combobox_implicit_width is not defined
23:49:12.556 (0x0764) [debug] qml: [trace]activetrue
23:49:15.400 (0x0764) [debug] qml: [trace]activefalse
23:49:15.473 (0x0764) [debug] qml: [trace]activetrue
23:49:17.015 (0x0764) [debug] qml: [trace]activefalse
23:50:40.181 (0x0764) [debug] qml: [trace]activetrue
23:50:43.435 (0x0764) [debug] qml: [trace]activefalse
23:52:34.260 (0x0764) [debug] qml: [trace]activetrue
23:52:35.523 (0x0764) [debug] false
23:52:35.523 (0x0764) [debug]  openPort is working 
23:52:35.524 (0x0764) [debug] "COM1" 115200 QSerialPort::Data8 QSerialPort::NoParity QSerialPort::OneStop
23:52:35.561 (0x0764) [fatal] ASSERT: "i >= 0" in file D:\Qt\Qt5.14.2\5.14.2\mingw73_32\include/QtCore/qbytearray.h, line 605
23:53:06.790 (0x21fc) [info ]
23:53:06.792 (0x21fc) [info ] ----- App init ------
23:53:06.792 (0x21fc) [info ] SerialPortDemo V1.0.0.0, compiled at Wed Apr 12 09:22:44 2023
23:53:06.792 (0x21fc) [info ] Exe file: E:/BaiduSyncdisk/SACAR/SerialPortForHeard/SerialPortForHeard/build-SerialPortForHeard-Desktop_Qt_5_14_2_MinGW_32_bit-Debug/SerialPortDemo/debug/SerialPortDemo.exe
23:53:06.793 (0x21fc) [info ] App path: E:/BaiduSyncdisk/SACAR/SerialPortForHeard/SerialPortForHeard/build-SerialPortForHeard-Desktop_Qt_5_14_2_MinGW_32_bit-Debug/SerialPortDemo
23:53:06.794 (0x21fc) [info ] Check chinese support: 012汉字abc
23:53:06.794 (0x21fc) [info ] ----- msAppInit: 1685548386790.697998, [1950]06:44:47.920644302
23:53:07.484 (0x4068) [debug] QML Debugger: Waiting for connection on port 64137...
23:53:11.606 (0x21fc) [warn ] qrc:/qml/BottomMain.qml:12:5: QML Rectangle: Detected anchors on an item that is managed by a layout. This is undefined behavior; use Layout.alignment instead.
23:53:13.099 (0x21fc) [warn ] file:///D:/Qt/Qt5.14.2/5.14.2/mingw73_32/qml/QtQuick/Dialogs/DefaultFileDialog.qml:102:33: QML Settings: Failed to initialize QSettings instance. Status code is: 1
23:53:13.099 (0x21fc) [warn ] file:///D:/Qt/Qt5.14.2/5.14.2/mingw73_32/qml/QtQuick/Dialogs/DefaultFileDialog.qml:102:33: QML Settings: The following application identifiers have not been set: QVector("organizationName", "organizationDomain")
23:53:16.197 (0x21fc) [warn ] qrc:/qml/basic/ComboBox.qml:9: ReferenceError: combobox_implicit_width is not defined
23:53:16.211 (0x21fc) [debug] qml: [trace]activetrue
23:53:21.615 (0x21fc) [debug] false
23:53:21.615 (0x21fc) [debug]  openPort is working 
23:53:21.616 (0x21fc) [debug] "COM1" 115200 QSerialPort::Data8 QSerialPort::NoParity QSerialPort::OneStop
23:53:24.283 (0x21fc) [debug] qml: [trace]activefalse
23:53:41.901 (0x21fc) [fatal] ASSERT: "i >= 0" in file D:\Qt\Qt5.14.2\5.14.2\mingw73_32\include/QtCore/qbytearray.h, line 605
23:56:02.400 (0x2a20) [info ]
23:56:02.401 (0x2a20) [info ] ----- App init ------
23:56:02.401 (0x2a20) [info ] SerialPortDemo V1.0.0.0, compiled at Wed Apr 12 09:22:44 2023
23:56:02.401 (0x2a20) [info ] Exe file: E:/BaiduSyncdisk/SACAR/SerialPortForHeard/SerialPortForHeard/build-SerialPortForHeard-Desktop_Qt_5_14_2_MinGW_32_bit-Debug/SerialPortDemo/debug/SerialPortDemo.exe
23:56:02.401 (0x2a20) [info ] App path: E:/BaiduSyncdisk/SACAR/SerialPortForHeard/SerialPortForHeard/build-SerialPortForHeard-Desktop_Qt_5_14_2_MinGW_32_bit-Debug/SerialPortDemo
23:56:02.401 (0x2a20) [info ] Check chinese support: 012汉字abc
23:56:02.402 (0x2a20) [info ] ----- msAppInit: 1685548562400.162842, [1950]06:45:04.920802912
23:56:02.989 (0x2a20) [warn ] qrc:/qml/BottomMain.qml:12:5: QML Rectangle: Detected anchors on an item that is managed by a layout. This is undefined behavior; use Layout.alignment instead.
23:56:03.017 (0x2a20) [warn ] file:///D:/Qt/Qt5.14.2/5.14.2/mingw73_32/qml/QtQuick/Dialogs/DefaultFileDialog.qml:102:33: QML Settings: Failed to initialize QSettings instance. Status code is: 1
23:56:03.018 (0x2a20) [warn ] file:///D:/Qt/Qt5.14.2/5.14.2/mingw73_32/qml/QtQuick/Dialogs/DefaultFileDialog.qml:102:33: QML Settings: The following application identifiers have not been set: QVector("organizationName", "organizationDomain")
23:56:03.147 (0x2a20) [warn ] qrc:/qml/basic/ComboBox.qml:9: ReferenceError: combobox_implicit_width is not defined
23:56:03.157 (0x2a20) [debug] qml: [trace]activetrue
23:56:07.268 (0x2a20) [debug] false
23:56:07.268 (0x2a20) [debug]  openPort is working 
23:56:07.268 (0x2a20) [debug] "COM1" 115200 QSerialPort::Data8 QSerialPort::NoParity QSerialPort::OneStop
23:56:08.443 (0x2a20) [debug] qml: [trace]activefalse
23:56:10.756 (0x2a20) [fatal] ASSERT failure in QVector<T>::operator[]: "index out of range", file D:\Qt\Qt5.14.2\5.14.2\mingw73_32\include/QtCore/qvector.h, line 463
23:56:35.277 (0x4d7c) [info ]
23:56:35.279 (0x4d7c) [info ] ----- App init ------
23:56:35.279 (0x4d7c) [info ] SerialPortDemo V1.0.0.0, compiled at Wed Apr 12 09:22:44 2023
23:56:35.280 (0x4d7c) [info ] Exe file: E:/BaiduSyncdisk/SACAR/SerialPortForHeard/SerialPortForHeard/build-SerialPortForHeard-Desktop_Qt_5_14_2_MinGW_32_bit-Debug/SerialPortDemo/debug/SerialPortDemo.exe
23:56:35.280 (0x4d7c) [info ] App path: E:/BaiduSyncdisk/SACAR/SerialPortForHeard/SerialPortForHeard/build-SerialPortForHeard-Desktop_Qt_5_14_2_MinGW_32_bit-Debug/SerialPortDemo
23:56:35.281 (0x4d7c) [info ] Check chinese support: 012汉字abc
23:56:35.281 (0x4d7c) [info ] ----- msAppInit: 1685548595277.938965, [1950]06:45:08.920831789
23:56:35.922 (0x4d60) [debug] QML Debugger: Waiting for connection on port 64144...
23:56:40.115 (0x4d7c) [warn ] qrc:/qml/BottomMain.qml:12:5: QML Rectangle: Detected anchors on an item that is managed by a layout. This is undefined behavior; use Layout.alignment instead.
23:56:41.567 (0x4d7c) [warn ] file:///D:/Qt/Qt5.14.2/5.14.2/mingw73_32/qml/QtQuick/Dialogs/DefaultFileDialog.qml:102:33: QML Settings: Failed to initialize QSettings instance. Status code is: 1
23:56:41.567 (0x4d7c) [warn ] file:///D:/Qt/Qt5.14.2/5.14.2/mingw73_32/qml/QtQuick/Dialogs/DefaultFileDialog.qml:102:33: QML Settings: The following application identifiers have not been set: QVector("organizationName", "organizationDomain")
23:56:44.481 (0x4d7c) [warn ] qrc:/qml/basic/ComboBox.qml:9: ReferenceError: combobox_implicit_width is not defined
23:56:44.496 (0x4d7c) [debug] qml: [trace]activetrue
23:56:49.472 (0x4d7c) [debug] qml: [trace]activefalse
23:56:52.189 (0x4d7c) [debug] qml: [trace]activetrue
23:56:52.265 (0x4d7c) [debug] false
23:56:52.266 (0x4d7c) [debug]  openPort is working 
23:56:52.267 (0x4d7c) [debug] "COM1" 115200 QSerialPort::Data8 QSerialPort::NoParity QSerialPort::OneStop
23:57:48.374 (0x4d7c) [debug] qml: [trace]activefalse
23:58:00.050 (0x4d7c) [fatal] ASSERT failure in QVector<T>::operator[]: "index out of range", file D:\Qt\Qt5.14.2\5.14.2\mingw73_32\include/QtCore/qvector.h, line 463
